PRT1
400
1180
4 0 22 (479.439026 1024 3647 ) (213 1024 3647 ) (213 1024 12.692301 ) (479.439026 1024 12.692301 ) 
4 0 1 (213 1024 12.692301 ) (213 1024 3647 ) (213 1760 3647 ) (213 1760 12.692301 ) 
4 1 23 (0 1024 12.692301 ) (0 1024 -5 ) (213 1024 -5 ) (213 1024 12.692301 ) 
4 1 22 (213 1024 3647 ) (0 1024 3647 ) (0 1024 12.692301 ) (213 1024 12.692301 ) 
4 1 18 (0 1024 -5 ) (0 1024 0 ) (0 1760 0 ) (0 1760 -5 ) 
4 1 2 (0 1024 0 ) (0 1024 3647 ) (0 1760 3647 ) (0 1760 0 ) 
4 2 72 (0 1024 0 ) (0 1024 160 ) (-150 1024 160 ) (-150 1024 0 ) 
4 2 31 (0 1024 160 ) (0 1024 464 ) (-150 1024 464 ) (-150 1024 160 ) 
4 2 27 (0 1024 464 ) (0 1024 498 ) (-150 1024 498 ) (-150 1024 464 ) 
4 2 26 (0 1024 498 ) (0 1024 3647 ) (-150 1024 3647 ) (-150 1024 498 ) 
4 2 18 (0 1760 0 ) (0 1024 0 ) (-150 1024 0 ) (-150 1760 0 ) 
4 2 3 (-150 1024 3647 ) (-150 1760 3647 ) (-150 1760 9 ) (-150 1024 9 ) 
4 3 74 (-334 1024 160 ) (-334 1024 9 ) (-302 1024 9 ) (-302 1024 160 ) 
4 3 73 (-302 1024 9 ) (-150 1024 9 ) (-150 1024 160 ) (-302 1024 160 ) 
4 3 31 (-334 1024 464 ) (-334 1024 160 ) (-150 1024 160 ) (-150 1024 464 ) 
4 3 27 (-334 1024 498 ) (-334 1024 464 ) (-150 1024 464 ) (-150 1024 498 ) 
4 3 26 (-150 1024 3647 ) (-334 1024 3647 ) (-334 1024 498 ) (-150 1024 498 ) 
4 3 14 (-334 1062 9 ) (-334 1024 9 ) (-334 1024 160 ) (-334 1062 160 ) 
4 3 10 (-334 1077 159.723007 ) (-334 1077 160 ) (-334 1184 160 ) (-334 1184 159.723007 ) 
4 3 9 (-334 1024 160 ) (-334 1024 286 ) (-334 1184 286 ) (-334 1184 160 ) 
4 3 6 (-334 1184 159.723007 ) (-334 1184 286 ) (-334 1216 286 ) (-334 1216 159.723007 ) 
4 3 5 (-334 1760 286 ) (-334 1760 9 ) (-334 1216 9 ) (-334 1216 286 ) 
4 3 4 (-334 1024 3647 ) (-334 1760 3647 ) (-334 1760 286 ) (-334 1024 286 ) 
4 4 46 (-1024 1024 464 ) (-1024 1024 286 ) (-896 1024 286 ) (-896 1024 464 ) 
4 4 32 (-896 1024 286 ) (-666 1024 286 ) (-666 1024 464 ) (-896 1024 464 ) 
4 4 31 (-666 1024 286 ) (-334 1024 286 ) (-334 1024 464 ) (-666 1024 464 ) 
4 4 28 (-1024 1024 498 ) (-1024 1024 464 ) (-640 1024 464 ) (-640 1024 498 ) 
4 4 27 (-640 1024 464 ) (-334 1024 464 ) (-334 1024 498 ) (-640 1024 498 ) 
4 4 26 (-334 1024 3647 ) (-1024 1024 3647 ) (-1024 1024 498 ) (-334 1024 498 ) 
4 4 21 (-1024 1024 286 ) (-1024 1024 3647 ) (-1024 1184 3647 ) (-1024 1184 286 ) 
4 4 20 (-1024 1184 3647 ) (-1024 1216 3647 ) (-1024 1216 286 ) (-1024 1184 286 ) 
4 4 19 (-1024 1216 3647 ) (-1024 1760 3647 ) (-1024 1760 286 ) (-1024 1216 286 ) 
4 4 9 (-334 1184 286 ) (-334 1024 286 ) (-1024 1024 286 ) (-1024 1184 286 ) 
4 4 7 (-349 1184 286 ) (-350 1184 286 ) (-350 1216 286 ) (-349 1216 286 ) 
4 4 6 (-334 1216 286 ) (-334 1184 286 ) (-349 1184 286 ) (-349 1216 286 ) 
4 4 5 (-1024 1760 286 ) (-334 1760 286 ) (-334 1216 286 ) (-1024 1216 286 ) 
4 5 19 (-1024 1216 286 ) (-1024 1760 286 ) (-1024 1760 9 ) (-1024 1216 9 ) 
4 5 8 (-1024 1216 9 ) (-1024 1760 9 ) (-589 1760 9 ) (-589 1216 9 ) 
4 5 7 (-350 1216 9 ) (-349 1216 9 ) (-349 1216 286 ) (-350 1216 286 ) 
4 5 6 (-334 1216 159.723007 ) (-334 1216 286 ) (-349 1216 286 ) (-349 1216 159.723007 ) 
4 6 10 (-334 1184 159.723007 ) (-334 1184 160 ) (-349 1184 160 ) (-349 1184 159.723007 ) 
4 6 9 (-334 1184 160 ) (-334 1184 286 ) (-349 1184 286 ) (-349 1184 160 ) 
4 6 7 (-349 1216 286 ) (-349 1216 159.723007 ) (-349 1184 159.723007 ) (-349 1184 286 ) 
4 7 11 (-350 1184 160 ) (-350 1184 155 ) (-349 1184 155 ) (-349 1184 160 ) 
4 7 9 (-349 1184 286 ) (-350 1184 286 ) (-350 1184 160 ) (-349 1184 160 ) 
4 8 19 (-1024 1760 9 ) (-1024 1760 0 ) (-1024 1216 0 ) (-1024 1216 9 ) 
4 9 46 (-1024 1024 286 ) (-1024 1024 160 ) (-896 1024 160 ) (-896 1024 286 ) 
4 9 32 (-896 1024 160 ) (-666 1024 160 ) (-666 1024 286 ) (-896 1024 286 ) 
4 9 31 (-666 1024 160 ) (-334 1024 160 ) (-334 1024 286 ) (-666 1024 286 ) 
4 9 21 (-1024 1024 160 ) (-1024 1024 286 ) (-1024 1184 286 ) (-1024 1184 160 ) 
4 9 15 (-620 1184 160 ) (-481 1184 160 ) (-481 1024 160 ) (-620 1024 160 ) 
4 9 16 (-621 1184 160 ) (-620 1184 160 ) (-620 1024 160 ) (-621 1024 160 ) 
4 9 14 (-334 1062 160 ) (-334 1024 160 ) (-466 1024 160 ) (-466 1062 160 ) 
4 9 13 (-479 1062 160 ) (-481 1062 160 ) (-481 1077 160 ) (-479 1077 160 ) 
4 9 11 (-480.500000 1184 160 ) (-349 1184 160 ) (-349 1077 160 ) (-480.500000 1077 160 ) 
4 9 12 (-481 1184 160 ) (-480.500000 1184 160 ) (-480.500000 1077 160 ) (-481 1077 160 ) 
4 9 10 (-349 1184 160 ) (-334 1184 160 ) (-334 1077 160 ) (-349 1077 160 ) 
4 10 11 (-349 1077 159.723007 ) (-349 1077 160 ) (-349 1184 160 ) (-349 1184 159.723007 ) 
4 11 13 (-479 1077 160 ) (-480.500000 1077 160 ) (-480.500000 1077 155 ) (-479 1077 155 ) 
4 11 12 (-480.500000 1077 155 ) (-480.500000 1077 160 ) (-480.500000 1184 160 ) (-480.500000 1184 155 ) 
4 12 15 (-481 1077 155 ) (-481 1077 160 ) (-481 1184 160 ) (-481 1184 155 ) 
4 12 13 (-481 1077 160 ) (-481 1077 9 ) (-480.500000 1077 9 ) (-480.500000 1077 160 ) 
4 13 15 (-481 1062 155 ) (-481 1062 160 ) (-481 1077 160 ) (-481 1077 155 ) 
4 14 76 (-466 1024 9 ) (-334 1024 9 ) (-334 1024 160 ) (-466 1024 160 ) 
4 15 77 (-481 1024 155 ) (-481 1024 160 ) (-620 1024 160 ) (-620 1024 155 ) 
4 15 16 (-620 1024 155 ) (-620 1024 160 ) (-620 1184 160 ) (-620 1184 155 ) 
4 16 78 (-621 1024 9 ) (-620 1024 9 ) (-620 1024 160 ) (-621 1024 160 ) 
4 16 17 (-621 1184 9 ) (-620 1184 9 ) (-620 1024 9 ) (-621 1024 9 ) 
4 17 78 (-621 1024 0 ) (-620 1024 0 ) (-620 1024 9 ) (-621 1024 9 ) 
4 18 72 (0 1024 -5 ) (0 1024 0 ) (-150 1024 0 ) (-150 1024 -5 ) 
4 19 315 (-2048 1760 3647 ) (-2048 1760 0 ) (-2048 1216 0 ) (-2048 1216 3647 ) 
4 19 20 (-1024 1216 286 ) (-1024 1216 3647 ) (-2048 1216 3647 ) (-2048 1216 286 ) 
4 20 316 (-2048 1184 286 ) (-2048 1184 3647 ) (-2048 1216 3647 ) (-2048 1216 286 ) 
4 20 21 (-2048 1184 3647 ) (-2048 1184 286 ) (-1024 1184 286 ) (-1024 1184 3647 ) 
4 21 317 (-2048 1024 160 ) (-2048 1024 3647 ) (-2048 1184 3647 ) (-2048 1184 160 ) 
4 21 111 (-1286 1024 464 ) (-2048 1024 464 ) (-2048 1024 160 ) (-1286 1024 160 ) 
4 21 110 (-1024 1024 160 ) (-1024 1024 464 ) (-1286 1024 464 ) (-1286 1024 160 ) 
4 21 106 (-1024 1024 464 ) (-1024 1024 498 ) (-1976 1024 498 ) (-1976 1024 464 ) 
4 21 107 (-1976 1024 498 ) (-2048 1024 498 ) (-2048 1024 464 ) (-1976 1024 464 ) 
4 21 105 (-1024 1024 498 ) (-1024 1024 3647 ) (-2048 1024 3647 ) (-2048 1024 498 ) 
4 22 72 (0 1024 160 ) (0 1024 12.692301 ) (0 0 12.692301 ) (0 0 160 ) 
4 22 50 (0 480 160 ) (0 0 160 ) (0 0 464 ) (0 480 464 ) 
4 22 41 (0 640 160 ) (0 480 160 ) (0 480 303 ) (0 640 303 ) 
4 22 40 (0 480 303 ) (0 480 319 ) (0 640 319 ) (0 640 303 ) 
4 22 39 (0 480 319 ) (0 480 464 ) (0 640 464 ) (0 640 319 ) 
4 22 38 (0 658 160 ) (0 640 160 ) (0 640 464 ) (0 658 464 ) 
4 22 33 (0 928 160 ) (0 658 160 ) (0 658 464 ) (0 928 464 ) 
4 22 31 (0 1024 464 ) (0 1024 160 ) (0 928 160 ) (0 928 464 ) 
4 22 29 (0 640 464 ) (0 0 464 ) (0 0 498 ) (0 640 498 ) 
4 22 27 (0 1024 498 ) (0 1024 464 ) (0 640 464 ) (0 640 498 ) 
4 22 26 (0 1024 3647 ) (0 1024 498 ) (0 0 498 ) (0 0 3647 ) 
4 22 24 (479.439026 0 12.692301 ) (479.439026 0 3647 ) (213 0 3647 ) (213 0 12.692301 ) 
4 22 25 (213 0 3647 ) (0 0 3647 ) (0 0 12.692301 ) (213 0 12.692301 ) 
4 22 23 (0 1024 12.692301 ) (213 1024 12.692301 ) (213 0 12.692301 ) (0 0 12.692301 ) 
4 23 72 (0 1024 12.692301 ) (0 1024 -5 ) (0 0 -5 ) (0 0 12.692301 ) 
4 23 25 (213 0 -5 ) (213 0 12.692301 ) (0 0 12.692301 ) (0 0 -5 ) 
4 24 25 (213 -800 12.692301 ) (213 -800 3647 ) (213 0 3647 ) (213 0 12.692301 ) 
4 25 292 (0 -800 -5 ) (0 -800 0 ) (0 0 0 ) (0 0 -5 ) 
4 25 244 (0 -800 0 ) (0 -800 417 ) (0 0 417 ) (0 0 0 ) 
4 25 243 (0 -800 417 ) (0 -800 3647 ) (0 0 3647 ) (0 0 417 ) 
4 26 243 (0 0 498 ) (0 0 3647 ) (-1024 0 3647 ) (-1024 0 498 ) 
4 26 105 (-1024 1024 3647 ) (-1024 1024 498 ) (-1024 0 498 ) (-1024 0 3647 ) 
4 26 30 (-864 0 498 ) (-1024 0 498 ) (-1024 444 498 ) (-864 444 498 ) 
4 26 29 (0 0 498 ) (-864 0 498 ) (-864 640 498 ) (0 640 498 ) 
4 26 28 (-1024 960 498 ) (-1024 1024 498 ) (-640 1024 498 ) (-640 960 498 ) 
4 26 27 (-640 1024 498 ) (0 1024 498 ) (0 640 498 ) (-640 640 498 ) 
4 27 38 (0 658 464 ) (0 640 464 ) (-640 640 464 ) (-640 658 464 ) 
4 27 33 (0 928 464 ) (0 658 464 ) (-640 658 464 ) (-640 928 464 ) 
4 27 31 (-640 1024 464 ) (0 1024 464 ) (0 928 464 ) (-640 928 464 ) 
4 27 29 (-640 640 464 ) (0 640 464 ) (0 640 498 ) (-640 640 498 ) 
4 27 28 (-640 1024 464 ) (-640 960 464 ) (-640 960 498 ) (-640 1024 498 ) 
4 28 106 (-1024 1024 498 ) (-1024 1024 464 ) (-1024 960 464 ) (-1024 960 498 ) 
4 28 46 (-1024 960 464 ) (-1024 1024 464 ) (-896 1024 464 ) (-896 960 464 ) 
4 28 32 (-896 1024 464 ) (-666 1024 464 ) (-666 960 464 ) (-896 960 464 ) 
4 28 31 (-666 1024 464 ) (-640 1024 464 ) (-640 960 464 ) (-666 960 464 ) 
4 29 243 (0 0 464 ) (0 0 498 ) (-864 0 498 ) (-864 0 464 ) 
4 29 54 (-735 0 464 ) (-864 0 464 ) (-864 480 464 ) (-735 480 464 ) 
4 29 52 (-704 0 464 ) (-735 0 464 ) (-735 473 464 ) (-704 473 464 ) 
4 29 51 (-735 473 464 ) (-735 480 464 ) (-704 480 464 ) (-704 473 464 ) 
4 29 50 (0 480 464 ) (0 0 464 ) (-704 0 464 ) (-704 480 464 ) 
4 29 39 (-864 640 464 ) (0 640 464 ) (0 480 464 ) (-864 480 464 ) 
4 29 30 (-864 444 464 ) (-864 0 464 ) (-864 0 498 ) (-864 444 498 ) 
4 30 243 (-864 0 498 ) (-1024 0 498 ) (-1024 0 464 ) (-864 0 464 ) 
4 30 108 (-1024 444 464 ) (-1024 0 464 ) (-1024 0 498 ) (-1024 444 498 ) 
4 30 54 (-1024 0 464 ) (-1024 444 464 ) (-864 444 464 ) (-864 0 464 ) 
4 31 78 (-621 1024 160 ) (-620 1024 160 ) (-620 960 160 ) (-621 960 160 ) 
4 31 77 (-620 1024 160 ) (-481 1024 160 ) (-481 928 160 ) (-620 928 160 ) 
4 31 76 (-466 1024 160 ) (-334 1024 160 ) (-334 928 160 ) (-466 928 160 ) 
4 31 74 (-334 1024 160 ) (-302 1024 160 ) (-302 928 160 ) (-334 928 160 ) 
4 31 73 (-302 1024 160 ) (-150 1024 160 ) (-150 928 160 ) (-302 928 160 ) 
4 31 72 (-150 1024 160 ) (0 1024 160 ) (0 928 160 ) (-150 928 160 ) 
4 31 33 (-666 928 160 ) (0 928 160 ) (0 928 464 ) (-666 928 464 ) 
4 31 32 (-666 1024 160 ) (-666 960 160 ) (-666 960 464 ) (-666 1024 464 ) 
4 32 46 (-896 1024 160 ) (-896 960 160 ) (-896 960 464 ) (-896 1024 464 ) 
4 33 77 (-481 658 160 ) (-620 658 160 ) (-620 928 160 ) (-481 928 160 ) 
4 33 76 (-334 658 160 ) (-466 658 160 ) (-466 928 160 ) (-334 928 160 ) 
4 33 75 (-302 658 160 ) (-334 658 160 ) (-334 918 160 ) (-302 918 160 ) 
4 33 74 (-334 918 160 ) (-334 928 160 ) (-302 928 160 ) (-302 918 160 ) 
4 33 73 (-150 658 160 ) (-302 658 160 ) (-302 928 160 ) (-150 928 160 ) 
4 33 72 (0 928 160 ) (0 658 160 ) (-150 658 160 ) (-150 928 160 ) 
4 33 38 (-666 658 160 ) (0 658 160 ) (0 658 464 ) (-666 658 464 ) 
4 34 47 (-896 927 322 ) (-896 927 464 ) (-896 928 464 ) (-896 928 322 ) 
4 34 48 (-896 928 160 ) (-896 927 160 ) (-896 927 306 ) (-896 928 306 ) 
4 34 35 (-896 927 464 ) (-896 927 321.471008 ) (-672 927 321.471008 ) (-672 927 464 ) 
4 34 36 (-896 927 305.471008 ) (-896 927 160 ) (-672 927 160 ) (-672 927 305.471008 ) 
4 35 47 (-896 659 322 ) (-896 659 464 ) (-896 927 464 ) (-896 927 322 ) 
4 35 37 (-896 659 464 ) (-896 659 321.471008 ) (-672 659 321.471008 ) (-672 659 464 ) 
4 36 48 (-896 927 160 ) (-896 659 160 ) (-896 659 305.471008 ) (-896 927 305.471008 ) 
4 36 37 (-896 659 305.471008 ) (-896 659 160 ) (-672 659 160 ) (-672 659 305.471008 ) 
4 37 47 (-896 658 322 ) (-896 658 464 ) (-896 659 464 ) (-896 659 322 ) 
4 37 48 (-896 659 160 ) (-896 658 160 ) (-896 658 306 ) (-896 659 306 ) 
4 38 77 (-481 640 160 ) (-620 640 160 ) (-620 658 160 ) (-481 658 160 ) 
4 38 76 (-334 640 160 ) (-466 640 160 ) (-466 658 160 ) (-334 658 160 ) 
4 38 75 (-302 640 160 ) (-334 640 160 ) (-334 658 160 ) (-302 658 160 ) 
4 38 73 (-150 640 160 ) (-302 640 160 ) (-302 658 160 ) (-150 658 160 ) 
4 38 72 (0 658 160 ) (0 640 160 ) (-150 640 160 ) (-150 658 160 ) 
4 38 41 (-666 640 160 ) (0 640 160 ) (0 640 303 ) (-666 640 303 ) 
4 38 40 (0 640 303 ) (0 640 319 ) (-666 640 319 ) (-666 640 303 ) 
4 38 39 (0 640 319 ) (0 640 464 ) (-666 640 464 ) (-666 640 319 ) 
4 39 55 (-864 480 461 ) (-864 480 319 ) (-735 480 319 ) (-735 480 461 ) 
4 39 54 (-735 480 464 ) (-864 480 464 ) (-864 480 461 ) (-735 480 461 ) 
4 39 51 (-704 480 464 ) (-735 480 464 ) (-735 480 319 ) (-704 480 319 ) 
4 39 50 (0 480 319 ) (0 480 464 ) (-704 480 464 ) (-704 480 319 ) 
4 39 40 (0 480 319 ) (-736 480 319 ) (-736 640 319 ) (0 640 319 ) 
4 40 55 (-735 480 319 ) (-736 480 319 ) (-736 480 303 ) (-735 480 303 ) 
4 40 51 (-704 480 319 ) (-735 480 319 ) (-735 480 303 ) (-704 480 303 ) 
4 40 50 (0 480 303 ) (0 480 319 ) (-704 480 319 ) (-704 480 303 ) 
4 40 41 (0 480 303 ) (-736 480 303 ) (-736 640 303 ) (0 640 303 ) 
4 41 82 (-302 480 160 ) (-737 480 160 ) (-737 484 160 ) (-302 484 160 ) 
4 41 81 (-334 617 160 ) (-334 484 160 ) (-620 484 160 ) (-620 617 160 ) 
4 41 80 (-466 619 160 ) (-334 619 160 ) (-334 617 160 ) (-466 617 160 ) 
4 41 79 (-334 619 160 ) (-302 619 160 ) (-302 484 160 ) (-334 484 160 ) 
4 41 77 (-620 640 160 ) (-481 640 160 ) (-481 632 160 ) (-620 632 160 ) 
4 41 76 (-466 640 160 ) (-334 640 160 ) (-334 619 160 ) (-466 619 160 ) 
4 41 75 (-334 640 160 ) (-302 640 160 ) (-302 619 160 ) (-334 619 160 ) 
4 41 73 (-150 480 160 ) (-302 480 160 ) (-302 640 160 ) (-150 640 160 ) 
4 41 72 (0 640 160 ) (0 480 160 ) (-150 480 160 ) (-150 640 160 ) 
4 41 55 (-737 480 160 ) (-735 480 160 ) (-735 480 303 ) (-737 480 303 ) 
4 41 51 (-735 480 160 ) (-704 480 160 ) (-704 480 303 ) (-735 480 303 ) 
4 41 50 (-704 480 160 ) (0 480 160 ) (0 480 303 ) (-704 480 303 ) 
5 41 43 (-737 480 160 ) (-737 480 303 ) (-737 484 303 ) (-737 484 161 ) (-737 482.909088 160 ) 
4 41 42 (-737 484 303 ) (-737 640 303 ) (-737 640 160 ) (-737 484 160 ) 
4 42 44 (-819 512 303 ) (-819 640 303 ) (-819 640 160 ) (-819 512 160 ) 
4 42 43 (-737 484 161 ) (-737 484 303 ) (-819 484 303 ) (-819 484 161 ) 
4 43 83 (-737 480 160 ) (-819 480 160 ) (-819 482.909088 160 ) (-737 482.909088 160 ) 
4 43 55 (-819 480 160 ) (-737 480 160 ) (-737 480 303 ) (-819 480 303 ) 
4 44 45 (-864 608 160 ) (-864 512 160 ) (-864 512 297 ) (-864 608 297 ) 
4 45 48 (-896 608 160 ) (-896 512 160 ) (-896 512 297 ) (-896 608 297 ) 
4 46 110 (-1024 1024 464 ) (-1024 1024 160 ) (-1024 960 160 ) (-1024 960 464 ) 
4 47 153 (-1024 512 322 ) (-1024 512 464 ) (-1024 636 464 ) (-1024 636 322 ) 
4 47 152 (-1024 636 464 ) (-1024 928 464 ) (-1024 928 322 ) (-1024 636 322 ) 
4 47 49 (-993 512 464 ) (-1024 512 464 ) (-1024 512 461 ) (-993 512 461 ) 
4 48 154 (-1024 636 160 ) (-1024 512 160 ) (-1024 512 306 ) (-1024 636 306 ) 
4 48 152 (-1024 928 160 ) (-1024 636 160 ) (-1024 636 306 ) (-1024 928 306 ) 
4 49 153 (-1024 480 461 ) (-1024 480 464 ) (-1024 512 464 ) (-1024 512 461 ) 
4 49 54 (-993 480 461 ) (-993 480 464 ) (-1024 480 464 ) (-1024 480 461 ) 
4 50 245 (-150 0 417 ) (-704 0 417 ) (-704 0 160 ) (-150 0 160 ) 
4 50 244 (0 0 160 ) (0 0 417 ) (-150 0 417 ) (-150 0 160 ) 
4 50 243 (0 0 417 ) (0 0 464 ) (-704 0 464 ) (-704 0 417 ) 
4 50 82 (-302 0 160 ) (-704 0 160 ) (-704 480 160 ) (-302 480 160 ) 
4 50 73 (-150 0 160 ) (-302 0 160 ) (-302 480 160 ) (-150 480 160 ) 
4 50 72 (0 0 160 ) (-150 0 160 ) (-150 480 160 ) (0 480 160 ) 
4 50 52 (-704 0 340.213013 ) (-704 0 464 ) (-704 473 464 ) (-704 473 340.213013 ) 
4 50 53 (-704 473 160 ) (-704 0 160 ) (-704 0 299.213013 ) (-704 473 299.213013 ) 
4 50 51 (-704 480 464 ) (-704 480 160 ) (-704 473 160 ) (-704 473 464 ) 
4 51 82 (-735 473 160 ) (-735 480 160 ) (-704 480 160 ) (-704 473 160 ) 
4 51 55 (-735 480 461 ) (-735 480 160 ) (-735 473 160 ) (-735 473 461 ) 
4 51 54 (-735 480 464 ) (-735 480 461 ) (-735 473 461 ) (-735 473 464 ) 
4 51 52 (-735 473 464 ) (-735 473 340.213013 ) (-704 473 340.213013 ) (-704 473 464 ) 
4 51 53 (-735 473 299.213013 ) (-735 473 160 ) (-704 473 160 ) (-704 473 299.213013 ) 
4 52 249 (-735 0 417 ) (-735 0 340.213013 ) (-704 0 340.213013 ) (-704 0 417 ) 
4 52 243 (-704 0 464 ) (-735 0 464 ) (-735 0 417 ) (-704 0 417 ) 
4 52 58 (-735 0 340.213013 ) (-735 0 461 ) (-735 443 461 ) (-735 443 340.213013 ) 
4 52 56 (-735 443 461 ) (-735 473 461 ) (-735 473 340.213013 ) (-735 443 340.213013 ) 
4 52 54 (-735 0 461 ) (-735 0 464 ) (-735 473 464 ) (-735 473 461 ) 
4 53 251 (-735 0 299.213013 ) (-735 0 160 ) (-704 0 160 ) (-704 0 299.213013 ) 
4 53 82 (-704 0 160 ) (-735 0 160 ) (-735 473 160 ) (-704 473 160 ) 
4 53 70 (-735 443 160 ) (-735 0 160 ) (-735 0 227 ) (-735 443 227 ) 
4 53 59 (-735 0 227 ) (-735 0 299.213013 ) (-735 443 299.213013 ) (-735 443 227 ) 
4 53 57 (-735 473 160 ) (-735 443 160 ) (-735 443 299 ) (-735 473 299 ) 
4 54 243 (-735 0 464 ) (-1024 0 464 ) (-1024 0 461 ) (-735 0 461 ) 
4 54 203 (-1024 0 461 ) (-1024 0 464 ) (-1024 448 464 ) (-1024 448 461 ) 
4 54 170 (-1024 448 464 ) (-1024 476 464 ) (-1024 476 461 ) (-1024 448 461 ) 
4 54 169 (-1024 476 464 ) (-1024 477 464 ) (-1024 477 461 ) (-1024 476 461 ) 
4 54 153 (-1024 477 464 ) (-1024 480 464 ) (-1024 480 461 ) (-1024 477 461 ) 
4 54 62 (-991 0 461 ) (-1024 0 461 ) (-1024 256 461 ) (-991 256 461 ) 
4 54 60 (-992 443 461 ) (-991 443 461 ) (-991 256 461 ) (-992 256 461 ) 
4 54 58 (-735 443 461 ) (-735 0 461 ) (-991 0 461 ) (-991 443 461 ) 
4 54 56 (-735 473 461 ) (-735 443 461 ) (-992 443 461 ) (-992 473 461 ) 
4 54 55 (-992 480 461 ) (-735 480 461 ) (-735 473 461 ) (-992 473 461 ) 
4 55 99 (-820 480 160 ) (-819 480 160 ) (-819 473 160 ) (-820 473 160 ) 
4 55 83 (-819 480 160 ) (-737 480 160 ) (-737 473 160 ) (-819 473 160 ) 
4 55 82 (-737 480 160 ) (-735 480 160 ) (-735 473 160 ) (-737 473 160 ) 
4 55 56 (-992 473 461 ) (-992 473 340 ) (-735 473 340 ) (-735 473 461 ) 
4 55 57 (-992 473 299 ) (-992 473 160 ) (-735 473 160 ) (-735 473 299 ) 
4 56 60 (-991 443 461 ) (-992 443 461 ) (-992 443 340 ) (-991 443 340 ) 
4 56 58 (-735 443 340 ) (-735 443 461 ) (-991 443 461 ) (-991 443 340 ) 
4 57 100 (-819 443 160 ) (-992 443 160 ) (-992 448 160 ) (-819 448 160 ) 
4 57 99 (-820 473 160 ) (-819 473 160 ) (-819 448 160 ) (-820 448 160 ) 
4 57 83 (-737 443 160 ) (-819 443 160 ) (-819 473 160 ) (-737 473 160 ) 
4 57 82 (-735 473 160 ) (-735 443 160 ) (-737 443 160 ) (-737 473 160 ) 
4 57 70 (-992 443 160 ) (-735 443 160 ) (-735 443 227 ) (-992 443 227 ) 
4 57 61 (-991 443 299 ) (-992 443 299 ) (-992 443 227 ) (-991 443 227 ) 
4 57 59 (-735 443 227 ) (-735 443 299 ) (-991 443 299 ) (-991 443 227 ) 
4 58 250 (-735 0 331 ) (-735 0 417 ) (-991 0 417 ) (-991 0 331 ) 
4 58 243 (-735 0 417 ) (-735 0 461 ) (-991 0 461 ) (-991 0 417 ) 
4 58 62 (-991 256 331 ) (-991 0 331 ) (-991 0 461 ) (-991 256 461 ) 
4 58 60 (-991 443 461 ) (-991 443 331 ) (-991 256 331 ) (-991 256 461 ) 
4 59 252 (-745 0 227 ) (-735 0 227 ) (-735 0 309 ) (-745 0 309 ) 
4 59 253 (-991 0 227 ) (-745 0 227 ) (-745 0 309 ) (-991 0 309 ) 
4 59 70 (-991 443 227 ) (-735 443 227 ) (-735 0 227 ) (-991 0 227 ) 
4 59 68 (-991 256 227 ) (-991 160 227 ) (-991 160 237 ) (-991 256 237 ) 
4 59 69 (-991 127 227 ) (-991 0 227 ) (-991 0 237 ) (-991 127 237 ) 
4 59 67 (-991 0 237 ) (-991 0 263 ) (-991 127 263 ) (-991 127 237 ) 
4 59 64 (-991 160 309 ) (-991 256 309 ) (-991 256 237 ) (-991 160 237 ) 
4 59 61 (-991 443 309 ) (-991 443 227 ) (-991 256 227 ) (-991 256 309 ) 
4 60 62 (-991 256 331 ) (-991 256 461 ) (-992 256 461 ) (-992 256 331 ) 
4 61 70 (-992 443 227 ) (-991 443 227 ) (-991 256 227 ) (-992 256 227 ) 
4 61 68 (-992 256 227 ) (-991 256 227 ) (-991 256 237 ) (-992 256 237 ) 
4 61 64 (-991 256 237 ) (-991 256 309 ) (-992 256 309 ) (-992 256 237 ) 
4 62 262 (-1024 0 417 ) (-1024 0 331 ) (-991 0 331 ) (-991 0 417 ) 
4 62 243 (-1024 0 461 ) (-1024 0 417 ) (-991 0 417 ) (-991 0 461 ) 
4 62 209 (-1024 0 331 ) (-1024 0 416 ) (-1024 256 416 ) (-1024 256 331 ) 
4 62 203 (-1024 0 416 ) (-1024 0 461 ) (-1024 256 461 ) (-1024 256 416 ) 
4 62 63 (-1024 0 331 ) (-1024 256 331 ) (-1023 256 331 ) (-1023 0 331 ) 
4 63 263 (-1024 0 331 ) (-1024 0 329 ) (-1023 0 329 ) (-1023 0 331 ) 
4 63 209 (-1024 0 329 ) (-1024 0 331 ) (-1024 256 331 ) (-1024 256 329 ) 
4 63 66 (-1023 130 329 ) (-1023 0 329 ) (-1024 0 329 ) (-1024 130 329 ) 
4 63 65 (-1023 159 329 ) (-1023 130 329 ) (-1024 130 329 ) (-1024 159 329 ) 
4 64 68 (-992 256 237 ) (-991 256 237 ) (-991 160 237 ) (-992 160 237 ) 
4 65 211 (-1024 159 325 ) (-1024 159 323 ) (-1024 130 323 ) (-1024 130 325 ) 
4 65 209 (-1024 130 329 ) (-1024 159 329 ) (-1024 159 325 ) (-1024 130 325 ) 
4 65 66 (-1023 130 323 ) (-1023 130 329 ) (-1024 130 329 ) (-1024 130 323 ) 
4 66 263 (-1024 0 329 ) (-1024 0 323 ) (-1023 0 323 ) (-1023 0 329 ) 
4 66 211 (-1024 0 323 ) (-1024 0 325 ) (-1024 130 325 ) (-1024 130 323 ) 
4 66 209 (-1024 0 325 ) (-1024 0 329 ) (-1024 130 329 ) (-1024 130 325 ) 
4 67 267 (-1024 0 263 ) (-1024 0 237 ) (-991 0 237 ) (-991 0 263 ) 
4 67 214 (-1024 0 237 ) (-1024 0 263 ) (-1024 127 263 ) (-1024 127 237 ) 
4 67 69 (-1024 0 237 ) (-1024 127 237 ) (-991 127 237 ) (-991 0 237 ) 
4 68 213 (-1024 160 237 ) (-1024 256 237 ) (-1024 256 227 ) (-1024 160 227 ) 
4 68 71 (-992 160 227 ) (-1024 160 227 ) (-1024 256 227 ) (-992 256 227 ) 
4 68 70 (-991 256 227 ) (-991 160 227 ) (-992 160 227 ) (-992 256 227 ) 
4 69 267 (-1024 0 237 ) (-1024 0 227 ) (-991 0 227 ) (-991 0 237 ) 
4 69 214 (-1024 0 227 ) (-1024 0 237 ) (-1024 127 237 ) (-1024 127 227 ) 
4 69 70 (-991 127 227 ) (-991 0 227 ) (-992 0 227 ) (-992 127 227 ) 
4 70 268 (-992 0 160 ) (-991 0 160 ) (-991 0 227 ) (-992 0 227 ) 
4 70 252 (-745 0 160 ) (-735 0 160 ) (-735 0 227 ) (-745 0 227 ) 
4 70 253 (-991 0 160 ) (-745 0 160 ) (-745 0 227 ) (-991 0 227 ) 
4 70 100 (-819 0 160 ) (-992 0 160 ) (-992 443 160 ) (-819 443 160 ) 
4 70 83 (-737 0 160 ) (-819 0 160 ) (-819 443 160 ) (-737 443 160 ) 
4 70 82 (-735 0 160 ) (-737 0 160 ) (-737 443 160 ) (-735 443 160 ) 
4 70 71 (-992 160 227 ) (-992 256 227 ) (-992 256 160 ) (-992 160 160 ) 
4 71 213 (-1024 256 160 ) (-1024 160 160 ) (-1024 160 227 ) (-1024 256 227 ) 
4 71 101 (-1024 160 160 ) (-1024 256 160 ) (-992 256 160 ) (-992 160 160 ) 
4 72 292 (0 0 -5 ) (0 0 0 ) (-150 0 0 ) (-150 0 -5 ) 
4 72 244 (0 0 0 ) (0 0 160 ) (-150 0 160 ) (-150 0 0 ) 
4 72 73 (-150 0 9 ) (-150 0 160 ) (-150 1024 160 ) (-150 1024 9 ) 
4 73 271 (-150 0 9 ) (-150 0 128 ) (-302 0 128 ) (-302 0 9 ) 
4 73 245 (-150 0 128 ) (-150 0 160 ) (-302 0 160 ) (-302 0 128 ) 
4 73 93 (-302 387 9 ) (-302 0 9 ) (-302 0 146.938995 ) (-302 387 146.938995 ) 
4 73 91 (-302 388 9 ) (-302 387 9 ) (-302 387 146.938995 ) (-302 388 146.938995 ) 
4 73 84 (-302 448 111.283005 ) (-302 445 111.283005 ) (-302 445 146.938995 ) (-302 448 146.938995 ) 
4 73 85 (-302 445 9 ) (-302 388 9 ) (-302 388 146.938995 ) (-302 445 146.938995 ) 
4 73 82 (-302 0 160 ) (-302 484 160 ) (-302 484 146.938995 ) (-302 0 146.938995 ) 
4 73 79 (-302 484 160 ) (-302 619 160 ) (-302 619 111.283005 ) (-302 484 111.283005 ) 
4 73 75 (-302 619 160 ) (-302 918 160 ) (-302 918 43.443398 ) (-302 619 111.939476 ) 
4 73 74 (-302 918 160 ) (-302 1024 160 ) (-302 1024 9 ) (-302 918 9 ) 
5 74 76 (-334 1024 9 ) (-334 923.075989 9 ) (-334 918 10.518055 ) (-334 918 160 ) (-334 1024 160 ) 
4 74 75 (-334 918 160 ) (-334 918 43.442902 ) (-302 918 43.443401 ) (-302 918 160 ) 
4 75 79 (-302 619 111.939476 ) (-302 619 160 ) (-334 619 160 ) (-334 619 111.938980 ) 
4 75 76 (-334 619 111.938988 ) (-334 619 160 ) (-334 918 160 ) (-334 918 43.442902 ) 
4 76 80 (-334 619 160 ) (-466 619 160 ) (-466 619 99.938591 ) (-334 619 99.938599 ) 
4 77 78 (-620 960 160 ) (-620 1024 160 ) (-620 1024 155 ) (-620 960 155 ) 
4 79 82 (-302 484 146.938995 ) (-302 484 160 ) (-334 484 160 ) (-334 484 146.938995 ) 
4 79 81 (-334 617 111.283005 ) (-334 484 111.283005 ) (-334 484 160 ) (-334 617 160 ) 
4 79 80 (-334 619 160 ) (-334 619 111.283005 ) (-334 617 111.283005 ) (-334 617 160 ) 
4 80 81 (-334 617 96.938599 ) (-334 617 160 ) (-466 617 160 ) (-466 617 96.938599 ) 
4 81 82 (-334 484 146.938995 ) (-334 484 160 ) (-620 484 160 ) (-597.959534 484 146.938995 ) 
4 82 252 (-735 0 160 ) (-737 0 160 ) (-737 0 146.938995 ) (-735 0 146.938995 ) 
4 82 251 (-704 0 160 ) (-735 0 160 ) (-735 0 146.938995 ) (-704 0 146.938995 ) 
4 82 245 (-302 0 146.938995 ) (-302 0 160 ) (-704 0 160 ) (-704 0 146.938995 ) 
4 82 95 (-737 484 146.938995 ) (-704 484 146.938995 ) (-704 0 146.938995 ) (-737 0 146.938995 ) 
4 82 94 (-589 0 146.938995 ) (-704 0 146.938995 ) (-704 387 146.938995 ) (-589 387 146.938995 ) 
4 82 93 (-302 387 146.938995 ) (-302 0 146.938995 ) (-589 0 146.938995 ) (-589 387 146.938995 ) 
4 82 91 (-302 388 146.938995 ) (-302 387 146.938995 ) (-589 387 146.938995 ) (-589 388 146.938995 ) 
4 82 92 (-589 387 146.938995 ) (-704 387 146.938995 ) (-704 388 146.938995 ) (-589 388 146.938995 ) 
4 82 90 (-589 388 146.938995 ) (-704 388 146.938995 ) (-704 447 146.938995 ) (-589 447 146.938995 ) 
4 82 89 (-334 447 146.938995 ) (-334 388 146.938995 ) (-589 388 146.938995 ) (-589 447 146.938995 ) 
4 82 88 (-704 484 146.938995 ) (-687 484 146.938995 ) (-687 447 146.938995 ) (-704 447 146.938995 ) 
4 82 87 (-589 448 146.938995 ) (-589 447 146.938995 ) (-687 447 146.938995 ) (-687 448 146.938995 ) 
4 82 86 (-334 448 146.938995 ) (-334 447 146.938995 ) (-589 447 146.938995 ) (-589 448 146.938995 ) 
4 82 84 (-302 448 146.938995 ) (-302 445 146.938995 ) (-334 445 146.938995 ) (-334 448 146.938995 ) 
4 82 85 (-302 445 146.938995 ) (-302 388 146.938995 ) (-334 388 146.938995 ) (-334 445 146.938995 ) 
4 82 83 (-737 468.660736 146.938995 ) (-737 0 146.938995 ) (-737 0 160 ) (-737 482.909088 160 ) 
4 83 252 (-737 0 160 ) (-745 0 160 ) (-745 0 146.938995 ) (-737 0 146.938995 ) 
4 83 253 (-745 0 160 ) (-819 0 160 ) (-819 0 146.938995 ) (-745 0 146.938995 ) 
4 83 100 (-819 0 146.938995 ) (-819 0 160 ) (-819 448 160 ) (-819 448 146.938995 ) 
4 83 99 (-819 448 160 ) (-819 482.909088 160 ) (-819 468.660736 146.938995 ) (-819 448 146.938995 ) 
4 83 96 (-819 0 146.938995 ) (-819 468.660736 146.938995 ) (-737 468.660736 146.938995 ) (-737 0 146.938995 ) 
4 84 89 (-334 445 146.938995 ) (-334 447 146.938995 ) (-334 447 111.283005 ) (-334 445 111.283005 ) 
4 84 86 (-334 447 146.938995 ) (-334 448 146.938995 ) (-334 448 111.283005 ) (-334 447 111.283005 ) 
4 84 85 (-334 445 146.938995 ) (-334 445 111.283005 ) (-302 445 111.283005 ) (-302 445 146.938995 ) 
4 85 91 (-302 388 9 ) (-302 388 146.938995 ) (-334 388 146.938995 ) (-334 388 9 ) 
4 85 89 (-334 388 9 ) (-334 388 146.938995 ) (-334 445 146.938995 ) (-334 445 9 ) 
4 86 89 (-334 447 96.938599 ) (-334 447 146.938995 ) (-589 447 146.938995 ) (-589 447 96.938599 ) 
4 86 87 (-589 447 96.938599 ) (-589 447 146.938995 ) (-589 448 146.938995 ) (-589 448 96.938599 ) 
5 87 90 (-589 447 96.938599 ) (-589 447 146.938995 ) (-687 447 146.938995 ) (-687 447 110.904282 ) (-641.178650 447 96.938599 ) 
4 87 88 (-687 447 96.938599 ) (-687 447 146.938995 ) (-687 448 146.938995 ) (-687 448 96.938599 ) 
4 88 97 (-704 484 128 ) (-704 484 96.938599 ) (-704 448 96.938599 ) (-704 448 128 ) 
4 88 95 (-704 447 146.938995 ) (-704 484 146.938995 ) (-704 484 128 ) (-704 447 128 ) 
4 88 90 (-704 447 146.938995 ) (-704 447 116.085648 ) (-687 447 110.904282 ) (-687 447 146.938995 ) 
5 89 91 (-334 388 9 ) (-334 388 146.938995 ) (-589 388 146.938995 ) (-589 388 81.035278 ) (-352.652832 388 9 ) 
4 89 90 (-589 447 146.938995 ) (-589 447 81.035278 ) (-589 388 81.035278 ) (-589 388 146.938995 ) 
4 90 95 (-704 388 146.938995 ) (-704 447 146.938995 ) (-704 447 128 ) (-704 388 128 ) 
4 90 92 (-704 388 146.938995 ) (-704 388 116.085648 ) (-589 388 81.035271 ) (-589 388 146.938995 ) 
5 91 93 (-302 387 9 ) (-302 387 146.938995 ) (-589 387 146.938995 ) (-589 387 89.058212 ) (-352.578064 387 9 ) 
4 91 92 (-589 388 146.938995 ) (-589 388 9 ) (-589 387 9 ) (-589 387 146.938995 ) 
4 92 95 (-704 387 146.938995 ) (-704 388 146.938995 ) (-704 388 128 ) (-704 387 128 ) 
4 92 94 (-704 387 146.938995 ) (-704 387 128 ) (-589 387 89.058212 ) (-589 387 146.938995 ) 
5 93 271 (-302 0 9 ) (-302 0 128 ) (-589 0 128 ) (-589 0 89.058212 ) (-352.578064 0 9 ) 
4 93 245 (-302 0 128 ) (-302 0 146.938995 ) (-589 0 146.938995 ) (-589 0 128 ) 
4 93 94 (-589 387 146.938995 ) (-589 387 89.058212 ) (-589 0 89.058212 ) (-589 0 146.938995 ) 
3 94 272 (-704 0 128 ) (-589 0 89.058212 ) (-589 0 128 ) 
4 94 245 (-589 0 146.938995 ) (-704 0 146.938995 ) (-704 0 128 ) (-589 0 128 ) 
4 94 95 (-704 0 128 ) (-704 0 146.938995 ) (-704 387 146.938995 ) (-704 387 128 ) 
4 95 252 (-735 0 146.938995 ) (-737 0 146.938995 ) (-737 0 138 ) (-735 0 138 ) 
4 95 251 (-704 0 138 ) (-704 0 146.938995 ) (-735 0 146.938995 ) (-735 0 138 ) 
4 95 258 (-704 0 128 ) (-704 0 138 ) (-737 0 138 ) (-737 0 128 ) 
4 95 97 (-737 484 128 ) (-704 484 128 ) (-704 448 128 ) (-737 448 128 ) 
4 95 96 (-737 448 128 ) (-737 0 128 ) (-737 0 146.938995 ) (-737 468.660736 146.938995 ) 
4 96 252 (-737 0 146.938995 ) (-745 0 146.938995 ) (-745 0 138 ) (-737 0 138 ) 
4 96 253 (-745 0 146.938995 ) (-819 0 146.938995 ) (-819 0 138 ) (-745 0 138 ) 
4 96 258 (-819 0 138 ) (-819 0 128 ) (-737 0 128 ) (-737 0 138 ) 
4 96 100 (-819 0 128 ) (-819 0 146.938995 ) (-819 448 146.938995 ) (-819 448 128 ) 
3 96 99 (-819 448 146.938995 ) (-819 468.660736 146.938995 ) (-819 448 128 ) 
4 97 98 (-764 448 96.938599 ) (-764 448 128 ) (-764 484 128 ) (-764 484 96.938599 ) 
4 98 99 (-819 448 128 ) (-819 484 128 ) (-819 484 0 ) (-819 448 0 ) 
4 99 100 (-819 448 128 ) (-819 448 160 ) (-820 448 160 ) (-820 448 128 ) 
4 100 268 (-991 0 160 ) (-992 0 160 ) (-992 0 128 ) (-991 0 128 ) 
4 100 253 (-819 0 138 ) (-819 0 160 ) (-991 0 160 ) (-991 0 138 ) 
4 100 258 (-819 0 128 ) (-819 0 138 ) (-991 0 138 ) (-991 0 128 ) 
4 100 101 (-992 256 128 ) (-992 160 128 ) (-992 160 160 ) (-992 256 160 ) 
4 101 237 (-1024 160 160 ) (-1024 256 160 ) (-1024 256 128 ) (-1024 160 128 ) 
4 102 240 (-1024 256 128 ) (-1024 448 128 ) (-1024 448 0 ) (-1024 256 0 ) 
4 102 103 (-993 256 66 ) (-993 256 83.511803 ) (-1024 256 83.511803 ) (-1024 256 66 ) 
4 102 104 (-1024 256 0 ) (-993 256 0 ) (-993 256 66 ) (-1024 256 66 ) 
4 103 241 (-1024 256 83.511803 ) (-1024 256 66 ) (-1024 160 66 ) (-1024 160 83.511803 ) 
4 103 104 (-1024 160 66 ) (-1024 256 66 ) (-993 256 66 ) (-993 160 66 ) 
4 104 273 (-1024 0 66 ) (-1024 0 0 ) (-993 0 0 ) (-993 0 66 ) 
4 104 241 (-1024 158 66 ) (-1024 256 66 ) (-1024 256 0 ) (-1024 158 0 ) 
4 104 242 (-1024 0 0 ) (-1024 0 66 ) (-1024 158 66 ) (-1024 158 0 ) 
4 105 332 (-2048 0 498 ) (-2048 0 3647 ) (-2048 1024 3647 ) (-2048 1024 498 ) 
4 105 293 (-1024 0 498 ) (-1024 0 3647 ) (-2048 0 3647 ) (-2048 0 498 ) 
4 105 108 (-1024 444 498 ) (-1024 0 498 ) (-1976 0 498 ) (-1976 444 498 ) 
4 105 109 (-1976 0 498 ) (-2048 0 498 ) (-2048 640 498 ) (-1976 640 498 ) 
4 105 106 (-1024 1024 498 ) (-1024 960 498 ) (-1976 960 498 ) (-1976 1024 498 ) 
4 105 107 (-1976 640 498 ) (-2048 640 498 ) (-2048 1024 498 ) (-1976 1024 498 ) 
4 106 111 (-1976 1024 464 ) (-1286 1024 464 ) (-1286 960 464 ) (-1976 960 464 ) 
4 106 110 (-1286 1024 464 ) (-1024 1024 464 ) (-1024 960 464 ) (-1286 960 464 ) 
4 106 107 (-1976 1024 464 ) (-1976 960 464 ) (-1976 960 498 ) (-1976 1024 498 ) 
4 107 332 (-2048 640 498 ) (-2048 1024 498 ) (-2048 1024 464 ) (-2048 640 464 ) 
4 107 188 (-2048 640 464 ) (-2048 942 464 ) (-1976 942 464 ) (-1976 640 464 ) 
4 107 150 (-2048 942 464 ) (-2048 960 464 ) (-1976 960 464 ) (-1976 942 464 ) 
4 107 111 (-2048 960 464 ) (-2048 1024 464 ) (-1976 1024 464 ) (-1976 960 464 ) 
4 107 109 (-2048 640 464 ) (-1976 640 464 ) (-1976 640 498 ) (-2048 640 498 ) 
4 108 293 (-1024 0 464 ) (-1024 0 498 ) (-1976 0 498 ) (-1976 0 464 ) 
4 108 203 (-1024 0 464 ) (-1976 0 464 ) (-1976 444 464 ) (-1024 444 464 ) 
4 108 109 (-1976 444 464 ) (-1976 0 464 ) (-1976 0 498 ) (-1976 444 498 ) 
4 109 332 (-2048 0 464 ) (-2048 0 498 ) (-2048 640 498 ) (-2048 640 464 ) 
4 109 293 (-1976 0 498 ) (-2048 0 498 ) (-2048 0 464 ) (-1976 0 464 ) 
4 109 203 (-1976 0 464 ) (-2048 0 464 ) (-2048 448 464 ) (-1976 448 464 ) 
4 109 189 (-2048 448 464 ) (-2048 480 464 ) (-1976 480 464 ) (-1976 448 464 ) 
4 109 188 (-2048 480 464 ) (-2048 640 464 ) (-1976 640 464 ) (-1976 480 464 ) 
4 110 111 (-1286 1024 160 ) (-1286 960 160 ) (-1286 960 464 ) (-1286 1024 464 ) 
4 111 339 (-2048 982.142944 160 ) (-2048 960 160 ) (-2048 960 309 ) (-2048 982.142944 309 ) 
4 111 338 (-2048 1024 309 ) (-2048 1024 160 ) (-2048 982.142944 160 ) (-2048 982.142944 309 ) 
4 111 333 (-2048 1024 331 ) (-2048 1024 309 ) (-2048 960 309 ) (-2048 960 331 ) 
4 111 332 (-2048 960 464 ) (-2048 1024 464 ) (-2048 1024 331 ) (-2048 960 331 ) 
4 111 150 (-1976 960 331 ) (-1976 960 464 ) (-2048 960 464 ) (-2048 960 331 ) 
4 111 151 (-2048 960 160 ) (-1976 960 160 ) (-1976 960 309 ) (-2048 960 309 ) 
4 111 149 (-1976 960 160 ) (-1966 960 160 ) (-1966 960 291 ) (-1976 960 291 ) 
4 111 148 (-1966 960 160 ) (-1943 960 160 ) (-1943 960 291 ) (-1966 960 291 ) 
4 111 147 (-1966 960 464 ) (-1976 960 464 ) (-1976 960 333 ) (-1966 960 333 ) 
4 111 146 (-1948 960 464 ) (-1966 960 464 ) (-1966 960 333 ) (-1948 960 333 ) 
4 111 145 (-1943 960 333 ) (-1943 960 464 ) (-1948 960 464 ) (-1948 960 333 ) 
4 111 133 (-1943 960 160 ) (-1937 960 160 ) (-1937 960 291 ) (-1943 960 291 ) 
4 111 132 (-1937 960 334 ) (-1937 960 464 ) (-1943 960 464 ) (-1943 960 334 ) 
4 111 130 (-1658 960 334 ) (-1658 960 464 ) (-1937 960 464 ) (-1937 960 334 ) 
4 111 131 (-1937 960 160 ) (-1658 960 160 ) (-1658 960 291 ) (-1937 960 291 ) 
4 111 112 (-1286 960 334 ) (-1286 960 464 ) (-1658 960 464 ) (-1658 960 334 ) 
4 111 113 (-1658 960 160 ) (-1286 960 160 ) (-1286 960 291 ) (-1658 960 291 ) 
4 112 130 (-1658 960 464 ) (-1658 960 334 ) (-1658 946 334 ) (-1658 946 464 ) 
4 112 121 (-1658 946 334.221008 ) (-1658 946 334 ) (-1286 946 334 ) (-1286 946 334.221008 ) 
4 112 120 (-1658 946 464 ) (-1658 946 334.221008 ) (-1571 946 334.221008 ) (-1571 946 464 ) 
4 112 118 (-1565 946 334.221008 ) (-1478 946 334.221008 ) (-1478 946 464 ) (-1565 946 464 ) 
4 112 115 (-1379 946 334.221008 ) (-1292 946 334.221008 ) (-1292 946 464 ) (-1379 946 464 ) 
4 112 116 (-1472 946 334.221008 ) (-1385 946 334.221008 ) (-1385 946 464 ) (-1472 946 464 ) 
4 112 114 (-1292 946 334.221008 ) (-1286 946 334.221008 ) (-1286 946 334.437988 ) (-1292 946 334.437988 ) 
4 113 131 (-1658 960 291 ) (-1658 960 160 ) (-1658 946 160 ) (-1658 946 291 ) 
4 113 128 (-1565 946 290.433044 ) (-1565 946 291 ) (-1571 946 291 ) (-1571 946 290.433044 ) 
4 113 129 (-1658 946 291 ) (-1658 946 160 ) (-1571 946 160 ) (-1571 946 291 ) 
4 113 126 (-1472 946 290.465027 ) (-1472 946 291 ) (-1478 946 291 ) (-1478 946 290.465027 ) 
4 113 125 (-1472 946 160 ) (-1385 946 160 ) (-1385 946 291 ) (-1472 946 291 ) 
4 113 127 (-1565 946 160 ) (-1478 946 160 ) (-1478 946 291 ) (-1565 946 291 ) 
4 113 124 (-1379 946 290.302002 ) (-1379 946 291 ) (-1385 946 291 ) (-1385 946 290.302002 ) 
4 113 122 (-1286 946 290.147034 ) (-1286 946 291 ) (-1292 946 291 ) (-1292 946 290.147034 ) 
4 113 123 (-1379 946 160 ) (-1292 946 160 ) (-1292 946 291 ) (-1379 946 291 ) 
4 114 156 (-1286 942 334.221008 ) (-1286 942 334.437988 ) (-1292 942 334.437988 ) (-1292 942 334.221008 ) 
4 114 121 (-1292 946 334.221008 ) (-1286 946 334.221008 ) (-1286 942 334.221008 ) (-1292 942 334.221008 ) 
4 114 115 (-1292 946 334.437988 ) (-1292 946 334.221008 ) (-1292 942 334.221008 ) (-1292 942 334.437988 ) 
4 115 156 (-1292 942 464 ) (-1379 942 464 ) (-1379 942 334.221008 ) (-1292 942 334.221008 ) 
4 115 121 (-1379 946 334.221008 ) (-1292 946 334.221008 ) (-1292 942 334.221008 ) (-1379 942 334.221008 ) 
4 116 156 (-1385 942 464 ) (-1472 942 464 ) (-1472 942 334.221008 ) (-1385 942 334.221008 ) 
4 116 121 (-1472 946 334.221008 ) (-1385 946 334.221008 ) (-1385 942 334.221008 ) (-1472 942 334.221008 ) 
4 117 121 (-1478 946 334.221008 ) (-1472 946 334.221008 ) (-1472 942 334.221008 ) (-1478 942 334.221008 ) 
4 118 156 (-1478 942 464 ) (-1565 942 464 ) (-1565 942 334.221008 ) (-1478 942 334.221008 ) 
4 118 121 (-1565 946 334.221008 ) (-1478 946 334.221008 ) (-1478 942 334.221008 ) (-1565 942 334.221008 ) 
4 119 121 (-1571 946 334.221008 ) (-1565 946 334.221008 ) (-1565 942 334.221008 ) (-1571 942 334.221008 ) 
4 120 156 (-1571 942 464 ) (-1658 942 464 ) (-1658 942 334.221008 ) (-1571 942 334.221008 ) 
4 120 134 (-1658 942 334.221008 ) (-1658 942 334.554016 ) (-1658 946 334.554016 ) (-1658 946 334.221008 ) 
4 120 121 (-1658 942 334.221008 ) (-1658 946 334.221008 ) (-1571 946 334.221008 ) (-1571 942 334.221008 ) 
4 121 156 (-1286 942 334 ) (-1286 942 334.221008 ) (-1658 942 334.221008 ) (-1658 942 334 ) 
4 121 134 (-1658 942 334 ) (-1658 942 334.221008 ) (-1658 946 334.221008 ) (-1658 946 334 ) 
4 122 157 (-1286 942 290.147034 ) (-1286 942 291 ) (-1292 942 291 ) (-1292 942 290.147034 ) 
4 122 123 (-1292 942 290.147034 ) (-1292 942 291 ) (-1292 946 291 ) (-1292 946 290.147034 ) 
4 123 157 (-1379 942 160 ) (-1292 942 160 ) (-1292 942 291 ) (-1379 942 291 ) 
4 123 124 (-1379 942 290.302002 ) (-1379 942 291 ) (-1379 946 291 ) (-1379 946 290.302002 ) 
4 124 157 (-1379 942 290.302002 ) (-1379 942 291 ) (-1385 942 291 ) (-1385 942 290.302002 ) 
4 124 125 (-1385 942 290.302002 ) (-1385 942 291 ) (-1385 946 291 ) (-1385 946 290.302002 ) 
4 125 157 (-1472 942 160 ) (-1385 942 160 ) (-1385 942 291 ) (-1472 942 291 ) 
4 125 126 (-1472 942 290.465027 ) (-1472 942 291 ) (-1472 946 291 ) (-1472 946 290.465027 ) 
4 126 157 (-1472 942 290.465027 ) (-1472 942 291 ) (-1478 942 291 ) (-1478 942 290.465027 ) 
4 126 127 (-1478 942 290.465027 ) (-1478 942 291 ) (-1478 946 291 ) (-1478 946 290.465027 ) 
4 127 157 (-1565 942 160 ) (-1478 942 160 ) (-1478 942 291 ) (-1565 942 291 ) 
4 127 128 (-1565 942 290.433044 ) (-1565 942 291 ) (-1565 946 291 ) (-1565 946 290.433044 ) 
4 128 157 (-1565 942 290.433044 ) (-1565 942 291 ) (-1571 942 291 ) (-1571 942 290.433044 ) 
4 128 129 (-1571 942 290.433044 ) (-1571 942 291 ) (-1571 946 291 ) (-1571 946 290.433044 ) 
4 129 157 (-1658 942 160 ) (-1571 942 160 ) (-1571 942 291 ) (-1658 942 291 ) 
4 129 140 (-1658 942 290.635010 ) (-1658 942 291 ) (-1658 946 291 ) (-1658 946 290.635010 ) 
4 130 139 (-1937 946 334.919006 ) (-1937 946 334 ) (-1844 946 334 ) (-1844 946 334.919006 ) 
4 130 138 (-1850 946 464 ) (-1937 946 464 ) (-1937 946 334.919006 ) (-1850 946 334.919006 ) 
4 130 136 (-1757 946 334.674988 ) (-1757 946 334 ) (-1751 946 334 ) (-1751 946 334.674988 ) 
4 130 137 (-1757 946 464 ) (-1844 946 464 ) (-1844 946 334 ) (-1757 946 334 ) 
4 130 134 (-1658 946 334 ) (-1658 946 334.554016 ) (-1664 946 334.554016 ) (-1664 946 334 ) 
4 130 135 (-1664 946 464 ) (-1751 946 464 ) (-1751 946 334 ) (-1664 946 334 ) 
4 130 132 (-1937 960 464 ) (-1937 960 334 ) (-1937 951 334 ) (-1937 951 464 ) 
4 131 144 (-1937 946 160 ) (-1850 946 160 ) (-1850 946 291 ) (-1937 946 291 ) 
4 131 142 (-1751 946 290.756042 ) (-1751 946 291 ) (-1757 946 291 ) (-1757 946 290.756042 ) 
4 131 141 (-1751 946 160 ) (-1664 946 160 ) (-1664 946 291 ) (-1751 946 291 ) 
4 131 143 (-1844 946 160 ) (-1757 946 160 ) (-1757 946 291 ) (-1844 946 291 ) 
4 131 140 (-1658 946 290.635010 ) (-1658 946 291 ) (-1664 946 291 ) (-1664 946 290.635010 ) 
4 131 133 (-1937 960 291 ) (-1937 960 160 ) (-1937 951 160 ) (-1937 951 291 ) 
4 132 145 (-1943 960 464 ) (-1943 960 334 ) (-1943 951 334 ) (-1943 951 464 ) 
4 133 148 (-1943 960 291 ) (-1943 960 160 ) (-1943 951 160 ) (-1943 951 291 ) 
4 134 156 (-1658 942 334 ) (-1658 942 334.554016 ) (-1664 942 334.554016 ) (-1664 942 334 ) 
4 134 135 (-1664 946 334.554016 ) (-1664 946 334 ) (-1664 942 334 ) (-1664 942 334.554016 ) 
4 135 156 (-1664 942 464 ) (-1751 942 464 ) (-1751 942 334 ) (-1664 942 334 ) 
4 135 136 (-1751 946 334.674988 ) (-1751 946 334 ) (-1751 942 334 ) (-1751 942 334.674988 ) 
4 136 156 (-1757 942 334.674988 ) (-1757 942 334 ) (-1751 942 334 ) (-1751 942 334.674988 ) 
4 136 137 (-1757 946 334.674988 ) (-1757 946 334 ) (-1757 942 334 ) (-1757 942 334.674988 ) 
4 137 156 (-1757 942 464 ) (-1844 942 464 ) (-1844 942 334 ) (-1757 942 334 ) 
4 137 139 (-1844 946 334.919006 ) (-1844 946 334 ) (-1844 942 334 ) (-1844 942 334.919006 ) 
4 138 156 (-1850 942 464 ) (-1937 942 464 ) (-1937 942 334.919006 ) (-1850 942 334.919006 ) 
4 138 139 (-1937 942 334.919006 ) (-1937 946 334.919006 ) (-1850 946 334.919006 ) (-1850 942 334.919006 ) 
4 139 156 (-1937 942 334.919006 ) (-1937 942 334 ) (-1844 942 334 ) (-1844 942 334.919006 ) 
4 140 157 (-1658 942 290.635010 ) (-1658 942 291 ) (-1664 942 291 ) (-1664 942 290.635010 ) 
4 140 141 (-1664 942 290.635010 ) (-1664 942 291 ) (-1664 946 291 ) (-1664 946 290.635010 ) 
4 141 157 (-1751 942 160 ) (-1664 942 160 ) (-1664 942 291 ) (-1751 942 291 ) 
4 141 142 (-1751 942 290.756042 ) (-1751 942 291 ) (-1751 946 291 ) (-1751 946 290.756042 ) 
4 142 157 (-1751 942 290.756042 ) (-1751 942 291 ) (-1757 942 291 ) (-1757 942 290.756042 ) 
4 142 143 (-1757 942 290.756042 ) (-1757 942 291 ) (-1757 946 291 ) (-1757 946 290.756042 ) 
4 143 157 (-1844 942 160 ) (-1757 942 160 ) (-1757 942 291 ) (-1844 942 291 ) 
4 144 157 (-1937 942 160 ) (-1850 942 160 ) (-1850 942 291 ) (-1937 942 291 ) 
4 145 146 (-1948 960 464 ) (-1948 960 333 ) (-1948 951 333 ) (-1948 951 464 ) 
4 146 147 (-1966 960 464 ) (-1966 960 333 ) (-1966 951 333 ) (-1966 951 464 ) 
4 147 188 (-1966 942 464 ) (-1976 942 464 ) (-1976 942 333 ) (-1966 942 333 ) 
4 147 150 (-1976 960 464 ) (-1976 960 333 ) (-1976 942 333 ) (-1976 942 464 ) 
4 148 149 (-1966 960 291 ) (-1966 960 160 ) (-1966 951 160 ) (-1966 951 291 ) 
4 149 194 (-1976 942 160 ) (-1966 942 160 ) (-1966 942 291 ) (-1976 942 291 ) 
4 149 151 (-1976 960 291 ) (-1976 960 160 ) (-1976 942 160 ) (-1976 942 291 ) 
4 150 332 (-2048 942 464 ) (-2048 960 464 ) (-2048 960 331 ) (-2048 942 331 ) 
4 150 201 (-1976 942 331 ) (-1976 942 333 ) (-2048 942 333 ) (-2048 942 331 ) 
4 150 188 (-1976 942 333 ) (-1976 942 464 ) (-2048 942 464 ) (-2048 942 333 ) 
4 151 339 (-2048 960 309 ) (-2048 960 160 ) (-2048 942 160 ) (-2048 942 309 ) 
4 151 202 (-2048 942 160 ) (-1976 942 160 ) (-1976 942 309 ) (-2048 942 309 ) 
4 152 159 (-1284 908 160 ) (-1284 636 160 ) (-1284 636 464 ) (-1284 908 464 ) 
4 152 155 (-1284 928 160 ) (-1284 908 160 ) (-1284 908 464 ) (-1284 928 464 ) 
4 152 153 (-1284 636 464 ) (-1284 636 322 ) (-1024 636 322 ) (-1024 636 464 ) 
4 152 154 (-1284 636 307 ) (-1284 636 160 ) (-1024 636 160 ) (-1024 636 307 ) 
4 153 169 (-1024 477 322 ) (-1024 477 464 ) (-1279 477 464 ) (-1279 477 322 ) 
4 153 165 (-1284 477 322 ) (-1284 477 464 ) (-1284 480 464 ) (-1284 480 322 ) 
4 153 160 (-1284 480 464 ) (-1284 636 464 ) (-1284 636 322 ) (-1284 480 322 ) 
4 154 169 (-1279 477 160 ) (-1024 477 160 ) (-1024 477 307 ) (-1279 477 307 ) 
4 154 166 (-1284 480 160 ) (-1284 477 160 ) (-1284 477 304.360962 ) (-1284 480 304.360962 ) 
4 154 161 (-1284 636 160 ) (-1284 480 160 ) (-1284 480 304.360962 ) (-1284 636 304.360962 ) 
4 155 159 (-1286 908 160 ) (-1284 908 160 ) (-1284 908 464 ) (-1286 908 464 ) 
4 155 158 (-1286 927 160 ) (-1286 908 160 ) (-1286 908 464 ) (-1286 927 464 ) 
4 155 157 (-1286 928 160 ) (-1286 927 160 ) (-1286 927 291 ) (-1286 928 291 ) 
4 155 156 (-1286 927 334 ) (-1286 927 464 ) (-1286 928 464 ) (-1286 928 334 ) 
4 156 158 (-1937 927 334 ) (-1286 927 334 ) (-1286 927 464 ) (-1937 927 464 ) 
4 157 158 (-1937 927 160 ) (-1286 927 160 ) (-1286 927 291 ) (-1937 927 291 ) 
4 158 159 (-1937 908 160 ) (-1286 908 160 ) (-1286 908 464 ) (-1937 908 464 ) 
4 159 164 (-1943 908 160 ) (-1943 636 160 ) (-1943 636 291 ) (-1943 908 291 ) 
4 159 163 (-1943 636 333 ) (-1943 636 464 ) (-1943 908 464 ) (-1943 908 333 ) 
4 159 162 (-1943 636 322 ) (-1943 636 160 ) (-1764 636 160 ) (-1334.699951 636 322 ) 
3 159 161 (-1685.260010 636 160 ) (-1284 636 160 ) (-1284 636 304.360962 ) 
4 159 160 (-1943 636 464 ) (-1943 636 322 ) (-1284 636 322 ) (-1284 636 464 ) 
4 160 165 (-1284 480 322 ) (-1284 480 464 ) (-1816 480 464 ) (-1816 480 322 ) 
4 160 163 (-1943 480 333 ) (-1943 480 464 ) (-1943 636 464 ) (-1943 636 333 ) 
4 160 162 (-1334.699951 480 322 ) (-1943 480 322 ) (-1943 636 322 ) (-1334.699951 636 322 ) 
3 161 166 (-1685.260010 480 160 ) (-1284 480 160 ) (-1284 480 304.360962 ) 
4 162 168 (-1880 480 160 ) (-1816 480 160 ) (-1816 480 310 ) (-1880 480 310 ) 
4 162 167 (-1816 480 160 ) (-1764 480 160 ) (-1334.699951 480 322 ) (-1816 480 322 ) 
4 162 164 (-1943 636 160 ) (-1943 480 160 ) (-1943 480 291 ) (-1943 636 291 ) 
4 163 184 (-1946 480 333 ) (-1946 480 464 ) (-1946 635 464 ) (-1946 635 333 ) 
4 163 181 (-1946 635 464 ) (-1946 639 464 ) (-1946 639 333 ) (-1946 635 333 ) 
4 163 178 (-1946 639 464 ) (-1946 730 464 ) (-1946 730 333 ) (-1946 639 333 ) 
4 163 174 (-1946 730 464 ) (-1946 908 464 ) (-1946 908 333 ) (-1946 730 333 ) 
4 164 200 (-1946 564 160 ) (-1946 480 160 ) (-1946 480 291 ) (-1946 564 291 ) 
4 164 197 (-1946 635 160 ) (-1946 564 160 ) (-1946 564 291 ) (-1946 635 291 ) 
4 164 195 (-1946 639 160 ) (-1946 635 160 ) (-1946 635 291 ) (-1946 639 291 ) 
4 164 190 (-1946 908 160 ) (-1946 639 160 ) (-1946 639 291 ) (-1946 908 291 ) 
4 165 167 (-1816 477 322 ) (-1816 480 322 ) (-1334.699951 480 322 ) (-1334.699951 477 322 ) 
4 167 168 (-1816 480 310 ) (-1816 480 160 ) (-1816 477 160 ) (-1816 477 310 ) 
4 168 172 (-1816 477 308 ) (-1816 477 310 ) (-1880 477 310 ) (-1880 477 308 ) 
4 168 173 (-1880 477 160 ) (-1816 477 160 ) (-1816 477 308 ) (-1880 477 308 ) 
4 169 171 (-1279 476 160 ) (-1024 476 160 ) (-1024 476 308 ) (-1279 476 308 ) 
4 169 170 (-1024 476 323 ) (-1024 476 464 ) (-1279 476 464 ) (-1279 476 323 ) 
4 170 204 (-1024 448 323 ) (-1024 448 416 ) (-1278.689941 448 416 ) (-1278.689941 448 323 ) 
4 170 203 (-1024 448 416 ) (-1024 448 464 ) (-1279 448 464 ) (-1279 448 416 ) 
4 171 205 (-1024 448 288 ) (-1024 448 308 ) (-1278.689941 448 308 ) (-1278.689941 448 288 ) 
4 171 208 (-1279 448 160 ) (-1024 448 160 ) (-1024 448 288 ) (-1279 448 288 ) 
4 172 173 (-1880 476 308 ) (-1880 477 308 ) (-1816 477 308 ) (-1816 476 308 ) 
4 173 222 (-1880 448 160 ) (-1816 448 160 ) (-1816 448 308 ) (-1880 448 308 ) 
4 174 178 (-1960 730 333 ) (-1946 730 333 ) (-1946 730 464 ) (-1960 730 464 ) 
4 174 176 (-1960 817 463.653015 ) (-1960 817 464 ) (-1960 821 464 ) (-1960 821 463.653015 ) 
4 174 175 (-1960 908 464 ) (-1960 908 333 ) (-1960 821 333 ) (-1960 821 464 ) 
4 174 177 (-1960 817 333 ) (-1960 730 333 ) (-1960 730 464 ) (-1960 817 464 ) 
4 175 176 (-1966 821 464 ) (-1966 821 463.653015 ) (-1960 821 463.653015 ) (-1960 821 464 ) 
4 175 188 (-1966 908 333 ) (-1966 821 333 ) (-1966 821 464 ) (-1966 908 464 ) 
4 176 188 (-1966 817 463.653015 ) (-1966 817 464 ) (-1966 821 464 ) (-1966 821 463.653015 ) 
4 176 177 (-1966 817 464 ) (-1966 817 463.653015 ) (-1960 817 463.653015 ) (-1960 817 464 ) 
4 177 179 (-1966 730 464 ) (-1966 730 463.653015 ) (-1960 730 463.653015 ) (-1960 730 464 ) 
4 177 188 (-1966 817 333 ) (-1966 730 333 ) (-1966 730 464 ) (-1966 817 464 ) 
4 178 182 (-1959.770020 639 463.375000 ) (-1959.770020 639 464 ) (-1960 639 464 ) (-1960 639 463.375000 ) 
4 178 181 (-1959.770020 639 333 ) (-1946 639 333 ) (-1946 639 464 ) (-1959.770020 639 464 ) 
4 178 179 (-1960 730 464 ) (-1960 730 463.653015 ) (-1960 726 463.653015 ) (-1960 726 464 ) 
4 178 180 (-1960 726 333 ) (-1960 639 333 ) (-1960 639 464 ) (-1960 726 464 ) 
4 179 180 (-1966 726 464 ) (-1966 726 463.653015 ) (-1960 726 463.653015 ) (-1960 726 464 ) 
4 179 188 (-1966 726 463.653015 ) (-1966 726 464 ) (-1966 730 464 ) (-1966 730 463.653015 ) 
4 180 182 (-1960 639 463.375000 ) (-1960 639 464 ) (-1965.770020 639 464 ) (-1965.770020 639 463.375000 ) 
4 180 183 (-1966 639 464 ) (-1966 639 333 ) (-1965.770020 639 333 ) (-1965.770020 639 464 ) 
4 180 188 (-1966 726 333 ) (-1966 639 333 ) (-1966 639 464 ) (-1966 726 464 ) 
4 181 184 (-1959.770020 635 333 ) (-1946 635 333 ) (-1946 635 464 ) (-1959.770020 635 464 ) 
4 181 182 (-1959.770020 639 464 ) (-1959.770020 639 463.375000 ) (-1959.770020 635 463.375000 ) (-1959.770020 635 464 ) 
4 182 185 (-1959.770020 635 463.375000 ) (-1959.770020 635 464 ) (-1965.770020 635 464 ) (-1965.770020 635 463.375000 ) 
4 182 183 (-1965.770020 639 464 ) (-1965.770020 639 463.375000 ) (-1965.770020 635 463.375000 ) (-1965.770020 635 464 ) 
4 183 187 (-1966 635 464 ) (-1966 635 333 ) (-1965.770020 635 333 ) (-1965.770020 635 464 ) 
4 183 188 (-1966 639 333 ) (-1966 635 333 ) (-1966 635 464 ) (-1966 639 464 ) 
4 184 186 (-1959.680054 480 462.747986 ) (-1959.680054 480 464 ) (-1959.680054 548 464 ) (-1959.680054 548 462.747986 ) 
4 184 185 (-1959.680054 635 464 ) (-1959.680054 635 333 ) (-1959.680054 548 333 ) (-1959.680054 548 464 ) 
4 185 186 (-1965.680054 548 464 ) (-1965.680054 548 462.747986 ) (-1959.680054 548 462.747986 ) (-1959.680054 548 464 ) 
4 185 187 (-1965.680054 635 464 ) (-1965.680054 635 333 ) (-1965.680054 548 333 ) (-1965.680054 548 464 ) 
4 186 187 (-1965.680054 480 462.747986 ) (-1965.680054 480 464 ) (-1965.680054 548 464 ) (-1965.680054 548 462.747986 ) 
4 187 188 (-1966 635 333 ) (-1966 480 333 ) (-1966 480 464 ) (-1966 635 464 ) 
4 188 332 (-2048 480 464 ) (-2048 942 464 ) (-2048 942 333 ) (-2048 480 333 ) 
4 188 201 (-2048 942 333 ) (-1976 942 333 ) (-1976 480 333 ) (-2048 480 333 ) 
4 188 189 (-2048 480 333 ) (-1976 480 333 ) (-1976 480 464 ) (-2048 480 464 ) 
4 189 332 (-2048 448 464 ) (-2048 480 464 ) (-2048 480 333 ) (-2048 448 333 ) 
4 189 234 (-2048 448 416 ) (-2048 448 333 ) (-1976 448 333 ) (-1976 448 416 ) 
4 189 203 (-1976 448 464 ) (-2048 448 464 ) (-2048 448 416 ) (-1976 448 416 ) 
4 189 201 (-1976 448 333 ) (-2048 448 333 ) (-2048 480 333 ) (-1976 480 333 ) 
4 190 195 (-1946 639 160 ) (-1946 639 291 ) (-1960 639 291 ) (-1960 639 160 ) 
4 190 192 (-1960 817 160 ) (-1960 730 160 ) (-1960 730 291 ) (-1960 817 291 ) 
4 190 193 (-1960 726 160 ) (-1960 639 160 ) (-1960 639 291 ) (-1960 726 291 ) 
4 190 191 (-1960 908 291 ) (-1960 908 160 ) (-1960 821 160 ) (-1960 821 291 ) 
4 191 194 (-1966 821 291 ) (-1966 908 291 ) (-1966 908 160 ) (-1966 821 160 ) 
4 192 194 (-1966 730 291 ) (-1966 817 291 ) (-1966 817 160 ) (-1966 730 160 ) 
4 193 194 (-1966 639 160 ) (-1966 639 291 ) (-1966 726 291 ) (-1966 726 160 ) 
4 194 202 (-1976 639 291 ) (-1976 942 291 ) (-1976 942 160 ) (-1976 639 160 ) 
4 194 196 (-1966 639 291 ) (-1976 639 291 ) (-1976 639 160 ) (-1966 639 160 ) 
4 195 197 (-1946 635 160 ) (-1946 635 291 ) (-1960 635 291 ) (-1960 635 160 ) 
4 196 202 (-1976 635 291 ) (-1976 639 291 ) (-1976 639 160 ) (-1976 635 160 ) 
4 196 199 (-1966 635 291 ) (-1976 635 291 ) (-1976 635 160 ) (-1966 635 160 ) 
4 197 200 (-1946 564 160 ) (-1946 564 291 ) (-1960.140015 564 291 ) (-1960.140015 564 160 ) 
4 197 198 (-1960.140015 635 291 ) (-1960.140015 635 160 ) (-1960.140015 568 160 ) (-1960.140015 568 291 ) 
4 198 199 (-1966.140015 635 291 ) (-1966.140015 635 160 ) (-1966.140015 568 160 ) (-1966.140015 568 291 ) 
4 199 202 (-1976 564 291 ) (-1976 635 291 ) (-1976 635 160 ) (-1976 564 160 ) 
4 199 200 (-1966.140015 564 291 ) (-1976 564 291 ) (-1976 564 160 ) (-1966.140015 564 160 ) 
4 200 202 (-1976 480 291 ) (-1976 564 291 ) (-1976 564 160 ) (-1976 480 160 ) 
4 201 332 (-2048 942 333 ) (-2048 942 331 ) (-2048 448 331 ) (-2048 448 333 ) 
4 201 234 (-1976 448 331 ) (-1976 448 333 ) (-2048 448 333 ) (-2048 448 331 ) 
4 202 346 (-2048 517.084839 160 ) (-2048 448 160 ) (-2048 448 309 ) (-2048 517.084839 309 ) 
4 202 345 (-2048 781.942139 160 ) (-2048 517.084839 160 ) (-2048 517.084839 309 ) (-2048 781.942139 309 ) 
4 202 339 (-2048 942 309 ) (-2048 942 160 ) (-2048 876.857178 160 ) (-2048 876.857178 309 ) 
4 202 335 (-2048 876.857178 160 ) (-2048 781.942139 160 ) (-2048 781.942139 309 ) (-2048 876.857178 309 ) 
4 202 235 (-1976 448 161 ) (-1976 448 309 ) (-2048 448 309 ) (-2048 448 161 ) 
4 202 236 (-2048 448 160 ) (-1976 448 160 ) (-1976 448 161 ) (-2048 448 161 ) 
4 203 332 (-2048 0 416 ) (-2048 0 464 ) (-2048 448 464 ) (-2048 448 416 ) 
4 203 293 (-1024 0 416 ) (-1024 0 464 ) (-2048 0 464 ) (-2048 0 416 ) 
4 203 234 (-2048 448 416 ) (-1976 448 416 ) (-1976 0 416 ) (-2048 0 416 ) 
4 203 220 (-1944 25 416 ) (-1944 0 416 ) (-1976 0 416 ) (-1976 25 416 ) 
4 203 219 (-1944 448 416 ) (-1311.290039 448 416 ) (-1311.290039 0 416 ) (-1944 0 416 ) 
4 203 209 (-1024 352 416 ) (-1024 0 416 ) (-1311.290039 0 416 ) (-1311.290039 352 416 ) 
4 203 206 (-1311.290039 448 416 ) (-1309.979980 448 416 ) (-1309.979980 352 416 ) (-1311.290039 352 416 ) 
4 203 204 (-1278.689941 448 416 ) (-1024 448 416 ) (-1024 352 416 ) (-1278.689941 352 416 ) 
4 204 212 (-1120 352 325 ) (-1278.689941 352 325 ) (-1278.689941 352 323 ) (-1120 352 323 ) 
4 204 210 (-1024 352 323 ) (-1024 352 325 ) (-1120 352 325 ) (-1120 352 323 ) 
4 204 209 (-1024 352 325 ) (-1024 352 416 ) (-1278.689941 352 416 ) (-1278.689941 352 325 ) 
4 205 215 (-1166 352 288 ) (-1120 352 288 ) (-1120 352 308 ) (-1166 352 308 ) 
4 205 217 (-1278.689941 352 288 ) (-1166 352 288 ) (-1166 352 308 ) (-1278.689941 352 308 ) 
4 205 213 (-1120 352 288 ) (-1024 352 288 ) (-1024 352 308 ) (-1120 352 308 ) 
4 205 208 (-1024 352 288 ) (-1278.689941 352 288 ) (-1278.689941 448 288 ) (-1024 448 288 ) 
4 206 221 (-1311.290039 448 331 ) (-1311.290039 448 323 ) (-1311.290039 352 323 ) (-1311.290039 352 331 ) 
4 206 219 (-1311.290039 352 416 ) (-1311.290039 448 416 ) (-1311.290039 448 331 ) (-1311.290039 352 331 ) 
4 206 212 (-1311.290039 352 325 ) (-1311.290039 352 323 ) (-1309.979980 352 323 ) (-1309.979980 352 325 ) 
4 206 209 (-1311.290039 352 416 ) (-1311.290039 352 325 ) (-1309.979980 352 325 ) (-1309.979980 352 416 ) 
4 207 222 (-1311.290039 448 308 ) (-1311.290039 448 288 ) (-1311.290039 352 288 ) (-1311.290039 352 308 ) 
4 207 208 (-1309.979980 352 288 ) (-1311.290039 352 288 ) (-1311.290039 448 288 ) (-1309.979980 448 288 ) 
4 208 237 (-1024 448 160 ) (-1024 352 160 ) (-1120 352 160 ) (-1120 448 160 ) 
4 208 222 (-1311.290039 448 288 ) (-1311.290039 448 160 ) (-1311.290039 352 160 ) (-1311.290039 352 288 ) 
4 208 215 (-1166 352 160 ) (-1120 352 160 ) (-1120 352 288 ) (-1166 352 288 ) 
4 208 217 (-1280 352 160 ) (-1166 352 160 ) (-1166 352 288 ) (-1280 352 288 ) 
4 208 213 (-1120 352 160 ) (-1024 352 160 ) (-1024 352 288 ) (-1120 352 288 ) 
4 209 294 (-1024 0 325 ) (-1024 0 331 ) (-1311.290039 0 331 ) (-1311.290039 0 325 ) 
4 209 293 (-1024 0 331 ) (-1024 0 416 ) (-1311.290039 0 416 ) (-1311.290039 0 331 ) 
4 209 230 (-1311.290039 25 325 ) (-1311.290039 0 325 ) (-1311.290039 0 331 ) (-1311.290039 25 331 ) 
4 209 221 (-1311.290039 352 331 ) (-1311.290039 352 325 ) (-1311.290039 25 325 ) (-1311.290039 25 331 ) 
4 209 219 (-1311.290039 0 416 ) (-1311.290039 352 416 ) (-1311.290039 352 331 ) (-1311.290039 0 331 ) 
4 209 212 (-1120 0 325 ) (-1311.290039 0 325 ) (-1311.290039 352 325 ) (-1120 352 325 ) 
4 209 211 (-1024 0 325 ) (-1120 0 325 ) (-1120 159 325 ) (-1024 159 325 ) 
4 209 210 (-1120 160 325 ) (-1120 352 325 ) (-1024 352 325 ) (-1024 160 325 ) 
4 210 212 (-1120 160 323 ) (-1120 160 325 ) (-1120 352 325 ) (-1120 352 323 ) 
4 211 294 (-1024 0 323 ) (-1024 0 325 ) (-1120 0 325 ) (-1120 0 323 ) 
4 211 212 (-1120 0 323 ) (-1120 0 325 ) (-1120 159 325 ) (-1120 159 323 ) 
4 212 294 (-1120 0 325 ) (-1311.290039 0 325 ) (-1311.290039 0 323 ) (-1120 0 323 ) 
4 212 230 (-1311.290039 25 323 ) (-1311.290039 0 323 ) (-1311.290039 0 325 ) (-1311.290039 25 325 ) 
4 212 221 (-1311.290039 352 325 ) (-1311.290039 352 323 ) (-1311.290039 25 323 ) (-1311.290039 25 325 ) 
4 213 237 (-1024 352 160 ) (-1024 160 160 ) (-1120 160 160 ) (-1120 352 160 ) 
4 213 215 (-1120 316.718994 308 ) (-1120 352 308 ) (-1120 352 160 ) (-1120 316.718994 160 ) 
4 214 295 (-1024 0 161 ) (-1024 0 308 ) (-1120 0 308 ) (-1120 0 161 ) 
4 214 300 (-1024 0 160 ) (-1024 0 161 ) (-1120 0 161 ) (-1120 0 160 ) 
4 214 239 (-1120 155 160 ) (-1120 159 160 ) (-1026 159 160 ) (-1026 155 160 ) 
4 214 238 (-1024 159 160 ) (-1024 0 160 ) (-1026 0 160 ) (-1026 159 160 ) 
4 214 216 (-1120 0 308 ) (-1120 159 308 ) (-1120 159 160 ) (-1120 0 160 ) 
4 215 217 (-1166 316.718994 308 ) (-1166 352 308 ) (-1166 352 160 ) (-1166 316.718994 160 ) 
4 216 295 (-1120 0 308 ) (-1166 0 308 ) (-1166 0 161 ) (-1120 0 161 ) 
4 216 300 (-1166 0 161 ) (-1166 0 160 ) (-1120 0 160 ) (-1120 0 161 ) 
4 216 217 (-1166 0 308 ) (-1166 159 308 ) (-1166 159 160 ) (-1166 0 160 ) 
4 217 295 (-1166 0 308 ) (-1280 0 308 ) (-1280 0 161 ) (-1166 0 161 ) 
4 217 300 (-1280 0 161 ) (-1280 0 160 ) (-1166 0 160 ) (-1166 0 161 ) 
4 217 218 (-1280 0 308 ) (-1280 256 308 ) (-1280 256 160 ) (-1280 0 160 ) 
4 218 295 (-1280 0 308 ) (-1311.290039 0 308 ) (-1311.290039 0 161 ) (-1280 0 161 ) 
4 218 300 (-1311.290039 0 161 ) (-1311.290039 0 160 ) (-1280 0 160 ) (-1280 0 161 ) 
4 218 231 (-1311.290039 0 161 ) (-1311.290039 0 308 ) (-1311.290039 25 308 ) (-1311.290039 25 161 ) 
4 218 233 (-1311.290039 25 160 ) (-1311.290039 0 160 ) (-1311.290039 0 161 ) (-1311.290039 25 161 ) 
4 218 222 (-1311.290039 256 160 ) (-1311.290039 25 160 ) (-1311.290039 25 308 ) (-1311.290039 256 308 ) 
4 219 293 (-1311.290039 0 416 ) (-1944 0 416 ) (-1944 0 331 ) (-1311.290039 0 331 ) 
4 219 230 (-1311.290039 25 331 ) (-1311.290039 0 331 ) (-1944 0 331 ) (-1944 25 331 ) 
4 219 221 (-1944 448 331 ) (-1311.290039 448 331 ) (-1311.290039 25 331 ) (-1944 25 331 ) 
4 219 220 (-1944 25 331 ) (-1944 0 331 ) (-1944 0 416 ) (-1944 25 416 ) 
4 220 293 (-1944 0 416 ) (-1976 0 416 ) (-1976 0 331 ) (-1944 0 331 ) 
4 220 234 (-1976 0 416 ) (-1976 25 416 ) (-1976 25 331 ) (-1976 0 331 ) 
4 220 232 (-1948 25 331 ) (-1946 25 331 ) (-1946 0 331 ) (-1948 0 331 ) 
4 220 230 (-1946 25 331 ) (-1944 25 331 ) (-1944 0 331 ) (-1946 0 331 ) 
4 221 230 (-1311.290039 25 323 ) (-1311.290039 25 331 ) (-1944 25 331 ) (-1944 25 323 ) 
4 222 231 (-1311.290039 25 161 ) (-1311.290039 25 308 ) (-1939.400146 25 308 ) (-1939.400146 25 161 ) 
4 222 233 (-1311.290039 25 160 ) (-1311.290039 25 161 ) (-1939.400146 25 161 ) (-1939.400146 25 160 ) 
4 222 229 (-1939.400146 25 160 ) (-1939.400146 25 192 ) (-1939.400146 448 192 ) (-1939.400146 448 160 ) 
4 222 226 (-1939.400146 25 192 ) (-1939.400146 25 261 ) (-1939.400146 354 261 ) (-1939.400146 354 192 ) 
4 222 225 (-1939.400146 448 194 ) (-1939.400146 448 192 ) (-1939.400146 354 192 ) (-1939.400146 354 194 ) 
4 222 224 (-1939.400146 25 261 ) (-1939.400146 25 263 ) (-1939.400146 354 263 ) (-1939.400146 354 261 ) 
4 222 223 (-1939.400146 25 263 ) (-1939.400146 25 308 ) (-1939.400146 448 308 ) (-1939.400146 448 263 ) 
4 223 231 (-1939.400146 25 308 ) (-1944 25 308 ) (-1944 25 263 ) (-1939.400146 25 263 ) 
4 223 224 (-1939.400146 354 263 ) (-1939.400146 25 263 ) (-1944 25 263 ) (-1944 354 263 ) 
4 224 231 (-1944 25 261 ) (-1939.400146 25 261 ) (-1939.400146 25 263 ) (-1944 25 263 ) 
4 224 227 (-1944 61 261 ) (-1944 354 261 ) (-1943 354 261 ) (-1943 61 261 ) 
4 224 226 (-1939.400146 354 261 ) (-1939.400146 25 261 ) (-1943 25 261 ) (-1943 354 261 ) 
4 225 229 (-1939.400146 448 192 ) (-1939.400146 354 192 ) (-1944 354 192 ) (-1944 448 192 ) 
4 225 227 (-1944 354 194 ) (-1944 354 192 ) (-1943 354 192 ) (-1943 354 194 ) 
4 225 226 (-1943 354 192 ) (-1939.400146 354 192 ) (-1939.400146 354 194 ) (-1943 354 194 ) 
4 226 231 (-1943 25 192 ) (-1939.400146 25 192 ) (-1939.400146 25 261 ) (-1943 25 261 ) 
4 226 229 (-1939.400146 354 192 ) (-1939.400146 25 192 ) (-1943 25 192 ) (-1943 354 192 ) 
4 226 227 (-1943 354 261 ) (-1943 354 192 ) (-1943 61 192 ) (-1943 61 261 ) 
4 227 229 (-1944 61 192 ) (-1944 354 192 ) (-1943 354 192 ) (-1943 61 192 ) 
4 227 228 (-1944 61 195 ) (-1944 61 260 ) (-1944 354 260 ) (-1944 354 195 ) 
4 228 235 (-1976 354 195 ) (-1976 61 195 ) (-1976 61 260 ) (-1976 354 260 ) 
4 229 231 (-1939.400146 25 161 ) (-1939.400146 25 192 ) (-1944 25 192 ) (-1944 25 161 ) 
4 229 233 (-1944 25 160 ) (-1939.400146 25 160 ) (-1939.400146 25 161 ) (-1944 25 161 ) 
4 230 294 (-1311.290039 0 323 ) (-1311.290039 0 331 ) (-1946 0 331 ) (-1946 0 323 ) 
4 230 232 (-1946 25 331 ) (-1946 25 323 ) (-1946 0 323 ) (-1946 0 331 ) 
4 231 295 (-1944 0 161 ) (-1311.290039 0 161 ) (-1311.290039 0 308 ) (-1944 0 308 ) 
4 231 233 (-1944 25 161 ) (-1311.290039 25 161 ) (-1311.290039 0 161 ) (-1944 0 161 ) 
4 232 296 (-1948 0 311 ) (-1946 0 311 ) (-1946 0 323 ) (-1948 0 323 ) 
4 232 294 (-1946 0 323 ) (-1946 0 331 ) (-1948 0 331 ) (-1948 0 323 ) 
4 233 300 (-1976 0 161 ) (-1976 0 160 ) (-1311.290039 0 160 ) (-1311.290039 0 161 ) 
4 233 236 (-1976 25 160 ) (-1976 0 160 ) (-1976 0 161 ) (-1976 25 161 ) 
4 234 332 (-2048 0 331 ) (-2048 0 416 ) (-2048 448 416 ) (-2048 448 331 ) 
4 234 293 (-1976 0 416 ) (-2048 0 416 ) (-2048 0 331 ) (-1976 0 331 ) 
4 235 346 (-2048 411.799194 309 ) (-2048 448 309 ) (-2048 448 161 ) (-2048 411.799194 161 ) 
4 235 343 (-2048 25 309 ) (-2048 411.799194 309 ) (-2048 411.799194 161 ) (-2048 25 161 ) 
4 235 236 (-2048 448 161 ) (-1976 448 161 ) (-1976 25 161 ) (-2048 25 161 ) 
4 236 350 (-2048 0 160 ) (-2048 0 161 ) (-2048 25 161 ) (-2048 25 160 ) 
4 236 346 (-2048 411.799194 161 ) (-2048 448 161 ) (-2048 448 160 ) (-2048 411.799194 160 ) 
4 236 343 (-2048 25 161 ) (-2048 411.799194 161 ) (-2048 411.799194 160 ) (-2048 25 160 ) 
4 236 300 (-2048 0 161 ) (-2048 0 160 ) (-1976 0 160 ) (-1976 0 161 ) 
4 238 302 (-1024 0 128 ) (-1024 0 160 ) (-1026 0 160 ) (-1026 0 128 ) 
4 238 242 (-1024 158 128 ) (-1024 0 128 ) (-1026 0 128 ) (-1026 158 128 ) 
4 238 239 (-1026 159 160 ) (-1026 159 128 ) (-1026 155 128 ) (-1026 155 160 ) 
4 239 242 (-1120 155 128 ) (-1120 158 128 ) (-1026 158 128 ) (-1026 155 128 ) 
4 240 241 (-1120 256 83.511803 ) (-1120 256 0 ) (-1024 256 0 ) (-1024 256 83.511803 ) 
4 241 242 (-1120 158 83.511803 ) (-1120 158 0 ) (-1024 158 0 ) (-1024 158 83.511803 ) 
4 242 303 (-1026 0 128 ) (-1120 0 128 ) (-1120 0 0 ) (-1026 0 0 ) 
4 242 302 (-1024 0 0 ) (-1024 0 128 ) (-1026 0 128 ) (-1026 0 0 ) 
4 243 311 (-1024 -800 3647 ) (-1024 -512 3647 ) (-1024 -512 417 ) (-1024 -800 417 ) 
4 243 308 (-1024 -512 3647 ) (-1024 -342 3647 ) (-1024 -342 417 ) (-1024 -512 417 ) 
4 243 305 (-1024 -342 3647 ) (-1024 -256 3647 ) (-1024 -256 417 ) (-1024 -342 417 ) 
4 243 301 (-1024 -256 3647 ) (-1024 -224 3647 ) (-1024 -224 417 ) (-1024 -256 417 ) 
4 243 293 (-1024 -224 3647 ) (-1024 0 3647 ) (-1024 0 417 ) (-1024 -224 417 ) 
4 243 291 (-1024 -800 417 ) (-1024 -512 417 ) (-589 -512 417 ) (-589 -800 417 ) 
4 243 290 (-589 -512 417 ) (-150 -512 417 ) (-150 -800 417 ) (-589 -800 417 ) 
4 243 289 (-1024 -512 417 ) (-1024 -342 417 ) (-589 -342 417 ) (-589 -512 417 ) 
4 243 288 (-589 -342 417 ) (-150 -342 417 ) (-150 -512 417 ) (-589 -512 417 ) 
4 243 266 (-1024 -339 417 ) (-1024 -191 417 ) (-992 -191 417 ) (-992 -339 417 ) 
4 243 265 (-991 -222 417 ) (-991 -339 417 ) (-992 -339 417 ) (-992 -222 417 ) 
4 243 264 (-992 -191 417 ) (-991 -191 417 ) (-991 -192 417 ) (-992 -192 417 ) 
4 243 262 (-1024 -191 417 ) (-1024 0 417 ) (-991 0 417 ) (-991 -191 417 ) 
4 243 260 (-704 -230 417 ) (-704 -251 417 ) (-991 -251 417 ) (-991 -230 417 ) 
4 243 261 (-704 -251 417 ) (-704 -339 417 ) (-991 -339 417 ) (-991 -251 417 ) 
4 243 255 (-991 -192 417 ) (-991 -191 417 ) (-745 -191 417 ) (-745 -192 417 ) 
4 243 254 (-704 -191 417 ) (-704 -192 417 ) (-745 -192 417 ) (-745 -191 417 ) 
4 243 250 (-991 0 417 ) (-735 0 417 ) (-735 -191 417 ) (-991 -191 417 ) 
4 243 249 (-735 0 417 ) (-704 0 417 ) (-704 -191 417 ) (-735 -191 417 ) 
4 243 259 (-704 -222 417 ) (-704 -230 417 ) (-991 -230 417 ) (-991 -222 417 ) 
4 243 246 (-150 -230 417 ) (-150 -251 417 ) (-704 -251 417 ) (-704 -230 417 ) 
4 243 245 (-704 0 417 ) (-150 0 417 ) (-150 -230 417 ) (-704 -230 417 ) 
4 243 248 (-150 -251 417 ) (-150 -339 417 ) (-704 -339 417 ) (-704 -251 417 ) 
4 243 270 (-1024 -342 417 ) (-1024 -339 417 ) (-150 -339 417 ) (-150 -342 417 ) 
4 243 244 (-150 0 417 ) (0 0 417 ) (0 -800 417 ) (-150 -800 417 ) 
4 244 292 (-150 -800 0 ) (-150 0 0 ) (0 0 0 ) (0 -800 0 ) 
4 244 290 (-150 -800 9 ) (-150 -800 417 ) (-150 -512 417 ) (-150 -512 9 ) 
4 244 288 (-150 -512 9 ) (-150 -512 417 ) (-150 -342 417 ) (-150 -342 9 ) 
4 244 274 (-150 -342 9 ) (-150 -342 128 ) (-150 -177 128 ) (-150 -177 9 ) 
4 244 271 (-150 -177 9 ) (-150 -177 128 ) (-150 0 128 ) (-150 0 9 ) 
4 244 247 (-150 -230 145 ) (-150 -230 128 ) (-150 -251 128 ) (-150 -251 145 ) 
4 244 246 (-150 -251 417 ) (-150 -230 417 ) (-150 -230 145 ) (-150 -251 145 ) 
4 244 245 (-150 -230 417 ) (-150 0 417 ) (-150 0 128 ) (-150 -230 128 ) 
4 244 248 (-150 -339 417 ) (-150 -251 417 ) (-150 -251 128 ) (-150 -339 128 ) 
4 244 270 (-150 -342 128 ) (-150 -342 417 ) (-150 -339 417 ) (-150 -339 128 ) 
4 245 278 (-640.115112 -230 128 ) (-704 -230 128 ) (-704 -229 128 ) (-640.115112 -229 128 ) 
4 245 277 (-691.934998 -177 128 ) (-640.115112 -177 128 ) (-640.115112 -229 128 ) (-691.934998 -229 128 ) 
4 245 275 (-348 -230 128 ) (-640.115112 -230 128 ) (-640.115112 -177 128 ) (-348 -177 128 ) 
4 245 274 (-150 -177 128 ) (-150 -230 128 ) (-348 -230 128 ) (-348 -177 128 ) 
4 245 272 (-704 0 128 ) (-589 0 128 ) (-589 -177 128 ) (-704 -177 128 ) 
4 245 271 (-589 0 128 ) (-150 0 128 ) (-150 -177 128 ) (-589 -177 128 ) 
4 245 257 (-704 -222 138 ) (-704 -222 296 ) (-704 -221 296 ) (-704 -221 138 ) 
4 245 254 (-704 -192 417 ) (-704 -191 417 ) (-704 -191 309 ) (-704 -192 309 ) 
4 245 251 (-704 0 299.213013 ) (-704 0 138 ) (-704 -190 138 ) (-704 -190 299.213013 ) 
4 245 249 (-704 -191 417 ) (-704 0 417 ) (-704 0 340.213013 ) (-704 -191 340.213013 ) 
4 245 258 (-704 0 128 ) (-704 -222 128 ) (-704 -222 138 ) (-704 0 138 ) 
4 245 259 (-704 -222 128 ) (-704 -230 128 ) (-704 -230 417 ) (-704 -222 417 ) 
4 245 247 (-640.115112 -230 128 ) (-150 -230 128 ) (-150 -230 145 ) (-683.233948 -230 145 ) 
4 245 246 (-704 -230 417 ) (-704 -230 145 ) (-150 -230 145 ) (-150 -230 417 ) 
4 246 260 (-704 -251 145 ) (-704 -251 417 ) (-704 -230 417 ) (-704 -230 145 ) 
4 246 247 (-150 -251 145 ) (-683.233948 -251 145 ) (-683.233948 -230 145 ) (-150 -230 145 ) 
4 246 248 (-704 -251 417 ) (-704 -251 145 ) (-150 -251 145 ) (-150 -251 417 ) 
4 247 275 (-348 -251 128 ) (-640.115112 -251 128 ) (-640.115112 -230 128 ) (-348 -230 128 ) 
4 247 274 (-150 -230 128 ) (-150 -251 128 ) (-348 -251 128 ) (-348 -230 128 ) 
4 247 248 (-640.115112 -251 128 ) (-150 -251 128 ) (-150 -251 145 ) (-683.233948 -251 145 ) 
4 248 284 (-640.115112 -339 128 ) (-704 -339 128 ) (-704 -256 128 ) (-640.115112 -256 128 ) 
4 248 280 (-704 -256 128 ) (-704 -251 128 ) (-640.115112 -251 128 ) (-640.115112 -256 128 ) 
4 248 275 (-348 -339 128 ) (-640.115112 -339 128 ) (-640.115112 -251 128 ) (-348 -251 128 ) 
4 248 274 (-150 -251 128 ) (-150 -339 128 ) (-348 -339 128 ) (-348 -251 128 ) 
4 248 261 (-704 -251 128 ) (-704 -339 128 ) (-704 -339 417 ) (-704 -251 417 ) 
4 248 270 (-704 -339 128 ) (-150 -339 128 ) (-150 -339 417 ) (-704 -339 417 ) 
4 249 254 (-704 -191 340.213013 ) (-704 -191 417 ) (-735 -191 417 ) (-735 -191 340.213013 ) 
4 249 250 (-735 -191 340.213013 ) (-735 -191 417 ) (-735 0 417 ) (-735 0 340.213013 ) 
4 250 262 (-991 -191 417 ) (-991 0 417 ) (-991 0 331 ) (-991 -191 331 ) 
4 250 255 (-991 -191 417 ) (-991 -191 331 ) (-745 -191 331 ) (-745 -191 417 ) 
4 250 254 (-745 -191 331 ) (-735 -191 331 ) (-735 -191 417 ) (-745 -191 417 ) 
4 251 252 (-735 0 138 ) (-735 -190 138 ) (-735 -190 299.213013 ) (-735 0 299.213013 ) 
4 251 258 (-735 0 138 ) (-704 0 138 ) (-704 -190 138 ) (-735 -190 138 ) 
4 252 258 (-745 0 138 ) (-735 0 138 ) (-735 -190 138 ) (-745 -190 138 ) 
4 252 253 (-745 0 138 ) (-745 -190 138 ) (-745 -190 309 ) (-745 0 309 ) 
4 253 269 (-991 -81 138 ) (-991 -191 138 ) (-991 -191 226 ) (-991 -81 226 ) 
4 253 268 (-991 0 227 ) (-991 0 138 ) (-991 -81 138 ) (-991 -81 227 ) 
4 253 267 (-991 0 263 ) (-991 0 227 ) (-991 -81 227 ) (-991 -81 263 ) 
4 253 256 (-991 -191 296 ) (-991 -191 138 ) (-745 -191 138 ) (-745 -191 296 ) 
4 253 255 (-991 -191 309 ) (-991 -191 296 ) (-745 -191 296 ) (-745 -191 309 ) 
4 253 258 (-991 -191 138 ) (-991 0 138 ) (-745 0 138 ) (-745 -191 138 ) 
4 254 255 (-745 -191 417 ) (-745 -191 309 ) (-745 -192 309 ) (-745 -192 417 ) 
4 255 264 (-991 -192 417 ) (-991 -191 417 ) (-991 -191 331 ) (-991 -192 331 ) 
4 255 256 (-991 -192 296 ) (-991 -191 296 ) (-745 -191 296 ) (-745 -192 296 ) 
4 256 269 (-991 -191 226 ) (-991 -191 138 ) (-991 -221 138 ) (-991 -221 226 ) 
4 256 257 (-991 -221 296 ) (-991 -221 138 ) (-745 -221 138 ) (-745 -221 296 ) 
4 256 258 (-991 -221 138 ) (-991 -191 138 ) (-745 -191 138 ) (-745 -221 138 ) 
4 257 269 (-991 -222 138 ) (-991 -222 226 ) (-991 -221 226 ) (-991 -221 138 ) 
4 257 258 (-704 -222 138 ) (-991 -222 138 ) (-991 -221 138 ) (-704 -221 138 ) 
4 257 259 (-991 -222 296 ) (-991 -222 138 ) (-704 -222 138 ) (-704 -222 296 ) 
4 258 269 (-991 -81 128 ) (-991 -222 128 ) (-991 -222 138 ) (-991 -81 138 ) 
4 258 268 (-991 0 128 ) (-991 -81 128 ) (-991 -81 138 ) (-991 0 138 ) 
4 258 259 (-991 -222 138 ) (-991 -222 128 ) (-704 -222 128 ) (-704 -222 138 ) 
4 259 278 (-704 -229 128 ) (-704 -230 128 ) (-991 -230 128 ) (-991 -229 128 ) 
4 259 269 (-991 -222 128 ) (-991 -230 128 ) (-991 -230 226 ) (-991 -222 226 ) 
4 259 265 (-991 -230 331 ) (-991 -230 417 ) (-991 -222 417 ) (-991 -222 331 ) 
4 259 260 (-991 -230 417 ) (-991 -230 145 ) (-704 -230 145 ) (-704 -230 417 ) 
4 260 269 (-991 -251 145 ) (-991 -251 226 ) (-991 -230 226 ) (-991 -230 145 ) 
4 260 265 (-991 -251 331 ) (-991 -251 417 ) (-991 -230 417 ) (-991 -230 331 ) 
4 260 261 (-991 -251 417 ) (-991 -251 145 ) (-704 -251 145 ) (-704 -251 417 ) 
4 261 284 (-704 -256 128 ) (-704 -339 128 ) (-991 -339 128 ) (-991 -256 128 ) 
4 261 280 (-704 -251 128 ) (-704 -256 128 ) (-991 -256 128 ) (-991 -251 128 ) 
4 261 269 (-991 -251 128 ) (-991 -339 128 ) (-991 -339 226 ) (-991 -251 226 ) 
4 261 265 (-991 -339 331 ) (-991 -339 417 ) (-991 -251 417 ) (-991 -251 331 ) 
4 261 270 (-991 -339 128 ) (-704 -339 128 ) (-704 -339 417 ) (-991 -339 417 ) 
4 262 293 (-1024 -191 417 ) (-1024 0 417 ) (-1024 0 331 ) (-1024 -191 331 ) 
4 262 266 (-992 -191 417 ) (-1024 -191 417 ) (-1024 -191 331 ) (-992 -191 331 ) 
4 262 264 (-991 -191 331 ) (-991 -191 417 ) (-992 -191 417 ) (-992 -191 331 ) 
4 262 263 (-1024 -81 331 ) (-1024 0 331 ) (-1023 0 331 ) (-1023 -81 331 ) 
4 263 294 (-1024 0 331 ) (-1024 0 323 ) (-1024 -81 323 ) (-1024 -81 331 ) 
4 264 266 (-992 -191 417 ) (-992 -191 331 ) (-992 -192 331 ) (-992 -192 417 ) 
4 265 266 (-992 -339 331 ) (-992 -339 417 ) (-992 -222 417 ) (-992 -222 331 ) 
4 265 270 (-991 -339 331 ) (-991 -339 417 ) (-992 -339 417 ) (-992 -339 331 ) 
4 266 305 (-1024 -339 417 ) (-1024 -256 417 ) (-1024 -256 331 ) (-1024 -339 331 ) 
4 266 301 (-1024 -256 417 ) (-1024 -224 417 ) (-1024 -224 416 ) (-1024 -256 416 ) 
4 266 293 (-1024 -224 417 ) (-1024 -191 417 ) (-1024 -191 331 ) (-1024 -224 331 ) 
4 266 270 (-992 -339 417 ) (-1024 -339 417 ) (-1024 -339 331 ) (-992 -339 331 ) 
4 267 295 (-1024 0 263 ) (-1024 0 227 ) (-1024 -81 227 ) (-1024 -81 263 ) 
4 267 268 (-991 0 227 ) (-991 -81 227 ) (-992 -81 227 ) (-992 0 227 ) 
4 268 269 (-992 -81 128 ) (-991 -81 128 ) (-991 -81 226 ) (-992 -81 226 ) 
4 269 284 (-991 -256 128 ) (-991 -339 128 ) (-992 -339 128 ) (-992 -256 128 ) 
4 269 281 (-991 -229 128 ) (-991 -256 128 ) (-992 -256 128 ) (-992 -229 128 ) 
4 269 270 (-992 -339 128 ) (-991 -339 128 ) (-991 -339 226 ) (-992 -339 226 ) 
4 270 305 (-1024 -342 417 ) (-1024 -339 417 ) (-1024 -339 128 ) (-1024 -342 128 ) 
4 270 289 (-589 -342 417 ) (-1024 -342 417 ) (-1024 -342 128 ) (-589 -342 128 ) 
4 270 288 (-150 -342 128 ) (-150 -342 417 ) (-589 -342 417 ) (-589 -342 128 ) 
4 270 285 (-640.115112 -342 128 ) (-1024 -342 128 ) (-1024 -339 128 ) (-640.115112 -339 128 ) 
4 270 275 (-348 -342 128 ) (-640.115112 -342 128 ) (-640.115112 -339 128 ) (-348 -339 128 ) 
4 270 274 (-150 -342 128 ) (-348 -342 128 ) (-348 -339 128 ) (-150 -339 128 ) 
5 271 277 (-589 -177 107.847389 ) (-589 -177 90.880638 ) (-506.107635 -177 60.988842 ) (-364 -177 12.867744 ) (-364 -177 19.139063 ) 
5 271 276 (-364 -177 12.867744 ) (-352.578064 -177 9 ) (-348 -177 9 ) (-348 -177 12.830915 ) (-364 -177 19.139063 ) 
4 271 275 (-348 -177 128 ) (-589 -177 128 ) (-589 -177 107.847389 ) (-348 -177 12.830915 ) 
4 271 274 (-150 -177 9 ) (-150 -177 128 ) (-348 -177 128 ) (-348 -177 9 ) 
4 271 272 (-589 -177 89.058212 ) (-589 -177 128 ) (-589 0 128 ) (-589 0 89.058212 ) 
4 272 277 (-589 -177 90.880638 ) (-589 -177 107.847389 ) (-640.115112 -177 128 ) (-691.934998 -177 128 ) 
3 272 275 (-589 -177 107.847389 ) (-589 -177 128 ) (-640.115112 -177 128 ) 
4 273 302 (-1024 0 66 ) (-1024 0 0 ) (-1024 -177 0 ) (-1024 -177 66 ) 
4 273 286 (-1024 -177 0 ) (-993 -177 0 ) (-993 -177 9 ) (-1024 -177 9 ) 
4 273 283 (-993 -177 9 ) (-993 -177 66 ) (-1024 -177 66 ) (-1024 -177 9 ) 
4 274 288 (-150 -342 9 ) (-150 -342 128 ) (-348 -342 128 ) (-348 -342 9 ) 
4 274 285 (-348 -339 9 ) (-348 -342 9 ) (-348 -342 12.830915 ) (-348 -339 12.830915 ) 
4 274 284 (-348 -256 9 ) (-348 -339 9 ) (-348 -339 12.830915 ) (-348 -256 12.830916 ) 
4 274 279 (-348 -230 9 ) (-348 -251 9 ) (-348 -251 12 ) (-348 -230 12 ) 
4 274 278 (-348 -229 9 ) (-348 -230 9 ) (-348 -230 12.830916 ) (-348 -229 12.830916 ) 
4 274 280 (-348 -251 9 ) (-348 -256 9 ) (-348 -256 12.830916 ) (-348 -251 12.830916 ) 
4 274 276 (-348 -177 12.830917 ) (-348 -177 9 ) (-348 -229 9 ) (-348 -229 12.830916 ) 
4 274 275 (-348 -177 128 ) (-348 -177 12.830917 ) (-348 -342 12.830915 ) (-348 -342 128 ) 
3 275 289 (-589 -342 128 ) (-640.115112 -342 128 ) (-589 -342 107.847397 ) 
4 275 288 (-348 -342 128 ) (-589 -342 128 ) (-589 -342 107.847397 ) (-348 -342 12.830915 ) 
4 275 285 (-640.117188 -342 128 ) (-640.117188 -339 128 ) (-348 -339 12.830078 ) (-348 -342 12.830078 ) 
4 275 284 (-640.117188 -339 128 ) (-640.117188 -256 128 ) (-348 -256 12.830078 ) (-348 -339 12.830078 ) 
4 275 278 (-640.117188 -230 128 ) (-640.117188 -229 128 ) (-348 -229 12.830078 ) (-348 -230 12.830078 ) 
4 275 280 (-640.117188 -256 128 ) (-640.117188 -251 128 ) (-348 -251 12.830078 ) (-348 -256 12.830078 ) 
4 275 277 (-640.117188 -229 128 ) (-640.117188 -177 128 ) (-364 -177 19.138229 ) (-364 -229 19.138227 ) 
4 275 276 (-364 -177 19.138229 ) (-348 -177 12.830078 ) (-348 -229 12.830078 ) (-364 -229 19.138227 ) 
4 276 278 (-364 -229 9 ) (-348 -229 9 ) (-348 -229 12.830078 ) (-364 -229 19.138260 ) 
4 276 277 (-364 -229 9.743446 ) (-364 -229 19.140625 ) (-364 -177 19.140621 ) (-364 -177 9.743446 ) 
4 277 278 (-364 -229 9.743446 ) (-364 -229 19.138260 ) (-640.115723 -229 128 ) (-691.934998 -229 128 ) 
4 278 286 (-589 -230 9 ) (-991 -230 9 ) (-991 -229 9 ) (-589 -229 9 ) 
4 278 279 (-991 -230 12 ) (-991 -230 9 ) (-348 -230 9 ) (-348 -230 12 ) 
4 278 281 (-991 -229 128 ) (-991 -229 9 ) (-991 -230 9 ) (-991 -230 128 ) 
4 279 286 (-589 -251 9 ) (-991 -251 9 ) (-991 -230 9 ) (-589 -230 9 ) 
4 279 281 (-991 -230 9 ) (-991 -251 9 ) (-991 -251 12 ) (-991 -230 12 ) 
4 279 280 (-991 -251 12 ) (-991 -251 9 ) (-348 -251 9 ) (-348 -251 12 ) 
4 280 286 (-589 -256 9 ) (-991 -256 9 ) (-991 -251 9 ) (-589 -251 9 ) 
6 280 284 (-400.493042 -256 9 ) (-348 -256 9 ) (-348 -256 12.832031 ) (-640.112305 -256 128 ) (-991 -256 128 ) (-991 -256 78.529007 ) 
4 280 281 (-991 -251 9 ) (-991 -256 9 ) (-991 -256 128 ) (-991 -251 128 ) 
4 281 286 (-991 -256 9 ) (-992 -256 9 ) (-992 -229 9 ) (-991 -229 9 ) 
4 281 284 (-991 -256 78.529007 ) (-991 -256 128 ) (-992 -256 128 ) (-992 -256 78.646759 ) 
4 281 282 (-992 -229 9 ) (-992 -256 9 ) (-992 -256 66 ) (-992 -229 66 ) 
4 282 286 (-992 -229 9 ) (-992 -256 9 ) (-993 -256 9 ) (-993 -229 9 ) 
4 282 283 (-993 -229 9 ) (-993 -256 9 ) (-993 -256 66 ) (-993 -229 66 ) 
4 283 304 (-1024 -224 9 ) (-1024 -256 9 ) (-1024 -256 66 ) (-1024 -224 66 ) 
4 283 302 (-1024 -177 66 ) (-1024 -177 9 ) (-1024 -224 9 ) (-1024 -224 66 ) 
4 283 286 (-1024 -256 9 ) (-1024 -177 9 ) (-993 -177 9 ) (-993 -256 9 ) 
6 284 285 (-400.493042 -339 9 ) (-348 -339 9 ) (-348 -339 12.832031 ) (-640.112305 -339 128 ) (-992 -339 128 ) (-992 -339 78.646759 ) 
4 285 305 (-1024 -342 82.414589 ) (-1024 -342 128 ) (-1024 -339 128 ) (-1024 -339 82.414581 ) 
5 285 289 (-640.115112 -342 128 ) (-1024 -342 128 ) (-1024 -342 87.547180 ) (-589 -342 32.830204 ) (-589 -342 107.847397 ) 
5 285 288 (-399.549866 -342 9 ) (-348 -342 9 ) (-348 -342 12.830915 ) (-589 -342 107.847397 ) (-589 -342 32.830208 ) 
4 286 304 (-1024 -224 0 ) (-1024 -256 0 ) (-1024 -256 9 ) (-1024 -224 9 ) 
4 286 302 (-1024 -177 0 ) (-1024 -224 0 ) (-1024 -224 9 ) (-1024 -177 9 ) 
4 286 287 (-1024 -256 0 ) (-589 -256 0 ) (-589 -256 8 ) (-1024 -256 8 ) 
4 287 306 (-1024 -256 0 ) (-1024 -342 0 ) (-1024 -342 8 ) (-1024 -256 8 ) 
5 288 290 (-150 -512 9 ) (-150 -512 417 ) (-589 -512 417 ) (-589 -512 32.830200 ) (-399.549866 -512 9 ) 
4 288 289 (-589 -342 417 ) (-589 -342 32.830200 ) (-589 -512 32.830204 ) (-589 -512 417 ) 
4 289 308 (-1024 -512 417 ) (-1024 -342 417 ) (-1024 -342 87.547180 ) (-1024 -512 87.547180 ) 
4 289 291 (-589 -512 32.830204 ) (-589 -512 417 ) (-1024 -512 417 ) (-1024 -512 87.547180 ) 
4 290 291 (-589 -512 417 ) (-589 -512 9 ) (-589 -800 9 ) (-589 -800 417 ) 
4 291 314 (-1024 -512 31 ) (-1024 -512 0 ) (-1024 -800 0 ) (-1024 -800 31 ) 
4 291 311 (-1024 -800 417 ) (-1024 -512 417 ) (-1024 -512 31 ) (-1024 -800 31 ) 
4 293 361 (-2048 0 416 ) (-2048 0 331 ) (-2048 -224 331 ) (-2048 -224 416 ) 
4 293 360 (-2048 0 3647 ) (-2048 0 416 ) (-2048 -224 416 ) (-2048 -224 3647 ) 
4 293 301 (-1024 -224 416 ) (-1024 -224 3647 ) (-2048 -224 3647 ) (-2048 -224 416 ) 
4 293 294 (-1024 -224 331 ) (-1948 -224 331 ) (-1948 0 331 ) (-1024 0 331 ) 
4 294 296 (-1946 -224 323 ) (-1948 -224 323 ) (-1948 0 323 ) (-1946 0 323 ) 
4 295 299 (-1944 -11 161 ) (-1944 -224 161 ) (-1944 -224 308 ) (-1944 -11 308 ) 
4 295 300 (-1024 -224 161 ) (-1944 -224 161 ) (-1944 0 161 ) (-1024 0 161 ) 
4 296 297 (-1946 -11 311 ) (-1946 -224 311 ) (-1948 -224 311 ) (-1948 -11 311 ) 
4 297 299 (-1946 -11 308 ) (-1946 -224 308 ) (-1948 -224 308 ) (-1948 -11 308 ) 
4 297 298 (-1948 -11 308 ) (-1948 -224 308 ) (-1948 -224 309 ) (-1948 -11 309 ) 
4 298 365 (-2048 -11 308 ) (-2048 -224 308 ) (-2048 -224 309 ) (-2048 -11 309 ) 
4 298 299 (-1948 -11 308 ) (-1948 -224 308 ) (-2048 -224 308 ) (-2048 -11 308 ) 
4 299 365 (-2048 -11 161 ) (-2048 -224 161 ) (-2048 -224 308 ) (-2048 -11 308 ) 
4 299 300 (-1944 -224 161 ) (-2048 -224 161 ) (-2048 -11 161 ) (-1944 -11 161 ) 
4 300 364 (-2048 0 161 ) (-2048 0 160 ) (-2048 -11 160 ) (-2048 -11 161 ) 
4 300 365 (-2048 -11 160 ) (-2048 -224 160 ) (-2048 -224 161 ) (-2048 -11 161 ) 
4 300 302 (-1026 0 160 ) (-1024 0 160 ) (-1024 -224 160 ) (-1026 -224 160 ) 
4 301 360 (-2048 -256 416 ) (-2048 -256 3647 ) (-2048 -224 3647 ) (-2048 -224 416 ) 
4 301 309 (-2048 -256 3647 ) (-2048 -256 416 ) (-1600 -256 416 ) (-1600 -256 3647 ) 
4 301 305 (-1598 -256 416 ) (-1024 -256 416 ) (-1024 -256 3647 ) (-1598 -256 3647 ) 
4 301 307 (-1600 -256 416 ) (-1598 -256 416 ) (-1598 -256 3647 ) (-1600 -256 3647 ) 
4 302 304 (-1026 -224 0 ) (-1024 -224 0 ) (-1024 -224 76 ) (-1026 -224 76 ) 
4 302 303 (-1026 0 0 ) (-1026 -224 0 ) (-1026 -224 128 ) (-1026 0 128 ) 
4 303 304 (-1120 -224 0 ) (-1026 -224 0 ) (-1026 -224 76 ) (-1120 -224 76 ) 
4 304 306 (-1120 -256 0 ) (-1024 -256 0 ) (-1024 -256 8 ) (-1120 -256 8 ) 
4 305 308 (-1024 -342 87.547188 ) (-1024 -342 3647 ) (-1598 -342 3647 ) (-1598 -342 159.748291 ) 
4 305 307 (-1598 -342 150 ) (-1598 -342 3647 ) (-1598 -256 3647 ) (-1598 -256 150 ) 
4 306 307 (-1598 -256 0 ) (-1598 -342 0 ) (-1598 -342 8 ) (-1598 -256 8 ) 
4 307 310 (-1600 -256 32 ) (-1600 -256 0 ) (-1600 -342 0 ) (-1600 -342 32 ) 
4 307 309 (-1600 -256 3647 ) (-1600 -256 160 ) (-1600 -342 160 ) (-1600 -342 3647 ) 
4 307 308 (-1600 -342 3647 ) (-1600 -342 160 ) (-1598 -342 159.748444 ) (-1598 -342 3647 ) 
4 308 312 (-1369 -512 3647 ) (-1600 -512 3647 ) (-1600 -512 285 ) (-1369 -512 285 ) 
4 308 311 (-1024 -512 87.547188 ) (-1024 -512 3647 ) (-1369 -512 3647 ) (-1369 -512 130.943253 ) 
4 308 309 (-1600 -512 160 ) (-1600 -512 3647 ) (-1600 -342 3647 ) (-1600 -342 160 ) 
4 309 369 (-2048 -512 160 ) (-2048 -512 3647 ) (-2048 -256 3647 ) (-2048 -256 160 ) 
4 309 312 (-2048 -512 3647 ) (-2048 -512 285 ) (-1600 -512 285 ) (-1600 -512 3647 ) 
4 310 376 (-2048 -512 0 ) (-2048 -512 32 ) (-2048 -256 32 ) (-2048 -256 0 ) 
4 310 314 (-2048 -512 31 ) (-2048 -512 0 ) (-1600 -512 0 ) (-1600 -512 31 ) 
4 311 314 (-1024 -800 31 ) (-1369 -800 31 ) (-1369 -512 31 ) (-1024 -512 31 ) 
4 311 312 (-1369 -544 285 ) (-1369 -544 3647 ) (-1369 -512 3647 ) (-1369 -512 285 ) 
4 311 313 (-1369 -544 31 ) (-1369 -800 31 ) (-1369 -800 3647 ) (-1369 -544 3647 ) 
4 312 370 (-2048 -544 3647 ) (-2048 -512 3647 ) (-2048 -512 285 ) (-2048 -544 285 ) 
4 312 313 (-1369 -544 285 ) (-1369 -544 3647 ) (-2048 -544 3647 ) (-2048 -544 285 ) 
4 313 377 (-2048 -800 31 ) (-2048 -800 153 ) (-2048 -544 153 ) (-2048 -544 31 ) 
4 313 371 (-2048 -800 153 ) (-2048 -800 3647 ) (-2048 -544 3647 ) (-2048 -544 153 ) 
4 313 314 (-1369 -800 31 ) (-2048 -800 31 ) (-2048 -544 31 ) (-1369 -544 31 ) 
4 314 378 (-2048 -800 0 ) (-2048 -800 31 ) (-2048 -512 31 ) (-2048 -512 0 ) 
4 315 318 (-3072 1760 3647 ) (-3072 1760 0 ) (-3072 1216 0 ) (-3072 1216 3647 ) 
4 315 316 (-2048 1216 286 ) (-2048 1216 3647 ) (-3072 1216 3647 ) (-3072 1216 286 ) 
4 316 319 (-3072 1184 286 ) (-3072 1184 3647 ) (-3072 1216 3647 ) (-3072 1216 286 ) 
4 316 317 (-3072 1184 3647 ) (-3072 1184 286 ) (-2048 1184 286 ) (-2048 1184 3647 ) 
4 317 338 (-2048 1024 160 ) (-2048 1024 309 ) (-2122.333496 1024 309 ) (-2122.333496 1024 160 ) 
4 317 337 (-2122.333496 1024 309 ) (-2189.625000 1024 309 ) (-2189.625000 1024 160 ) (-2122.333496 1024 160 ) 
4 317 336 (-2189.625000 1024 309 ) (-2391.333252 1024 309 ) (-2391.333252 1024 160 ) (-2189.625000 1024 160 ) 
4 317 335 (-2391.333252 1024 309 ) (-3072 1024 309 ) (-3072 1024 160 ) (-2391.333252 1024 160 ) 
4 317 333 (-2048 1024 309 ) (-2048 1024 331 ) (-2172 1024 331 ) (-2172 1024 309 ) 
4 317 334 (-2172 1024 331 ) (-3072 1024 331 ) (-3072 1024 309 ) (-2172 1024 309 ) 
4 317 332 (-2048 1024 331 ) (-2048 1024 3647 ) (-3072 1024 3647 ) (-3072 1024 331 ) 
4 317 320 (-3072 1024 160 ) (-3072 1024 3647 ) (-3072 1184 3647 ) (-3072 1184 160 ) 
4 318 322 (-3360 1760 0 ) (-3360 1216 0 ) (-3360 1216 3647 ) (-3360 1760 3647 ) 
4 318 319 (-3072 1216 3647 ) (-3360 1216 3647 ) (-3360 1216 286 ) (-3072 1216 286 ) 
4 319 322 (-3360 1184 286 ) (-3360 1184 3647 ) (-3360 1216 3647 ) (-3360 1216 286 ) 
4 319 321 (-3360 1184 3647 ) (-3360 1184 287 ) (-3328 1184 287 ) (-3328 1184 3647 ) 
4 319 320 (-3328 1184 286 ) (-3072 1184 286 ) (-3072 1184 3647 ) (-3328 1184 3647 ) 
4 320 355 (-3072 1024 160 ) (-3072 1024 3647 ) (-3328 1024 3647 ) (-3328 1024 160 ) 
4 320 321 (-3328 1184 3647 ) (-3328 1184 287 ) (-3328 1024 287 ) (-3328 1024 3647 ) 
4 321 356 (-3360 1024 3647 ) (-3360 1024 287 ) (-3328 1024 287 ) (-3328 1024 3647 ) 
4 321 322 (-3360 1024 287 ) (-3360 1024 3647 ) (-3360 1184 3647 ) (-3360 1184 287 ) 
4 322 357 (-3364 1024 0 ) (-3360 1024 0 ) (-3360 1024 3647 ) (-3364 1024 3647 ) 
4 322 324 (-3364 1024 3647 ) (-3364 1218 3647 ) (-3364 1218 241.285156 ) (-3364 1024 241.284912 ) 
4 322 325 (-3364 1218 63 ) (-3364 1218 0 ) (-3364 1024 0 ) (-3364 1024 63 ) 
4 322 323 (-3364 1218 3647 ) (-3364 1760 3647 ) (-3364 1760 0 ) (-3364 1218 0 ) 
4 323 327 (-4096 1760 529 ) (-4096 1760 0 ) (-4096 1218 0 ) (-4096 1218 529 ) 
4 323 326 (-4096 1218 3647 ) (-4096 1760 3647 ) (-4096 1760 529 ) (-4096 1218 529 ) 
4 323 324 (-3364 1218 241.284912 ) (-3364 1218 3647 ) (-4096 1218 3647 ) (-4096 1218 508.519287 ) 
4 323 325 (-4096 1218 0 ) (-3364 1218 0 ) (-3364 1218 63 ) (-4096 1218 63 ) 
4 324 358 (-4096 1024 3647 ) (-4096 1024 508.519287 ) (-3364 1024 241.284912 ) (-3364 1024 3647 ) 
4 324 328 (-4096 1024 508.519257 ) (-4096 1024 529 ) (-4096 1218 529 ) (-4096 1218 508.519287 ) 
4 324 326 (-4096 1024 529 ) (-4096 1024 3647 ) (-4096 1218 3647 ) (-4096 1218 529 ) 
4 325 359 (-4096 1024 63 ) (-4096 1024 0 ) (-3364 1024 0 ) (-3364 1024 63 ) 
4 325 329 (-4096 1024 0 ) (-4096 1024 63 ) (-4096 1218 63 ) (-4096 1218 0 ) 
4 326 389 (-4096 1024 529 ) (-4096 1024 3647 ) (-4403 1024 3647 ) (-4403 1024 529 ) 
4 326 392 (-4403 1024 3647 ) (-5120 1024 3647 ) (-5120 1024 529 ) (-4403 1024 529 ) 
4 326 331 (-5120 1024 529 ) (-5120 1024 3647 ) (-5120 1760 3647 ) (-5120 1760 529 ) 
4 326 328 (-4096 1218 529 ) (-4096 1024 529 ) (-4152.100098 1024 529 ) (-4152.100098 1218 529 ) 
4 326 327 (-4403 1760 529 ) (-4096 1760 529 ) (-4096 1218 529 ) (-4403 1218 529 ) 
4 326 330 (-5120 1024 529 ) (-5120 1760 529 ) (-4403 1760 529 ) (-4403 1024 529 ) 
3 327 328 (-4096 1218 508.519257 ) (-4096 1218 529 ) (-4152.100098 1218 529 ) 
4 327 329 (-4403 1218 63 ) (-4403 1218 0 ) (-4096 1218 0 ) (-4096 1218 63 ) 
4 327 330 (-4403 1760 0 ) (-4403 1218 0 ) (-4403 1218 529 ) (-4403 1760 529 ) 
3 328 390 (-4096 1024 508.519257 ) (-4096 1024 529 ) (-4152.100098 1024 529 ) 
4 329 391 (-4096 1024 0 ) (-4096 1024 63 ) (-4403 1024 63 ) (-4403 1024 0 ) 
4 329 330 (-4403 1218 0 ) (-4403 1024 0 ) (-4403 1024 63 ) (-4403 1218 63 ) 
4 330 392 (-4403 1024 529 ) (-5120 1024 529 ) (-5120 1024 0 ) (-4403 1024 0 ) 
4 330 331 (-5120 1024 0 ) (-5120 1024 529 ) (-5120 1760 529 ) (-5120 1760 0 ) 
4 331 393 (-5120 1024 0 ) (-5120 1024 3647 ) (-5388 1024 3647 ) (-5388 1024 0 ) 
4 332 362 (-2171 0 416 ) (-2172 0 416 ) (-2172 0 331 ) (-2171 0 331 ) 
4 332 361 (-2048 0 331 ) (-2048 0 416 ) (-2171 0 416 ) (-2171 0 331 ) 
4 332 367 (-2172 0 416 ) (-3072 0 416 ) (-3072 0 331 ) (-2172 0 331 ) 
4 332 360 (-2048 0 416 ) (-2048 0 3647 ) (-3072 0 3647 ) (-3072 0 416 ) 
4 332 355 (-3072 1024 3647 ) (-3072 1024 331 ) (-3072 0 331 ) (-3072 0 3647 ) 
4 332 333 (-2172 1024 331 ) (-2048 1024 331 ) (-2048 960 331 ) (-2172 960 331 ) 
4 332 334 (-3072 0 331 ) (-3072 1024 331 ) (-2172 1024 331 ) (-2172 0 331 ) 
3 333 339 (-2048 982.142944 309 ) (-2048 960 309 ) (-2099.666748 960 309 ) 
5 333 338 (-2122.333252 1024 309 ) (-2048 1024 309 ) (-2048 982.142944 309 ) (-2099.666748 960 309 ) (-2143.666504 960 309 ) 
5 333 337 (-2172 977 309 ) (-2172 1024 309 ) (-2122.333252 1024 309 ) (-2143.666504 960 309 ) (-2165.625000 960 309 ) 
3 333 336 (-2172 960 309 ) (-2172 977 309 ) (-2165.625000 960 309 ) 
4 333 334 (-2172 1024 309 ) (-2172 960 309 ) (-2172 960 331 ) (-2172 1024 331 ) 
4 334 367 (-2172 0 331 ) (-3072 0 331 ) (-3072 0 309 ) (-2172 0 309 ) 
4 334 355 (-3072 1024 331 ) (-3072 1024 309 ) (-3072 0 309 ) (-3072 0 331 ) 
4 334 351 (-2172 0 309 ) (-3072 0 309 ) (-3072 25 309 ) (-2172 25 309 ) 
3 334 343 (-2172 409.941895 309 ) (-2172 25 309 ) (-2300.313965 25 309 ) 
3 334 337 (-2189.625000 1024 309 ) (-2172 1024 309 ) (-2172 977 309 ) 
4 334 336 (-2391.333252 1024 309 ) (-2189.625000 1024 309 ) (-2172 977 309 ) (-2172 930 309 ) 
6 334 335 (-3072 25 309 ) (-3072 1024 309 ) (-2391.333252 1024 309 ) (-2172 930 309 ) (-2172 409.941895 309 ) (-2300.313965 25 309 ) 
4 335 355 (-3072 1024 309 ) (-3072 1024 160 ) (-3072 25 160 ) (-3072 25 309 ) 
4 335 352 (-2944 576 160 ) (-2464 576 160 ) (-2464 25 160 ) (-2944 25 160 ) 
4 335 351 (-3072 25 160 ) (-2300.313965 25 160 ) (-2300.313965 25 309 ) (-3072 25 309 ) 
4 335 345 (-2151 472.941803 160 ) (-2048 781.943359 160 ) (-2048 781.941406 309 ) (-2151 472.941925 309 ) 
4 335 344 (-2155.958740 458.067169 160 ) (-2154 463.942688 160 ) (-2154 463.942200 309 ) (-2155.958496 458.067047 309 ) 
4 335 343 (-2300.314453 25 309 ) (-2300.314453 25 160 ) (-2155.958740 458.067169 160 ) (-2155.958496 458.067047 309 ) 
4 335 340 (-2139.800293 916.199585 160 ) (-2144 918 160 ) (-2144 918 309 ) (-2139.800293 916.199463 309 ) 
4 335 339 (-2048 876.856567 160 ) (-2139.800293 916.199585 160 ) (-2139.800293 916.199463 309 ) (-2048 876.856567 309 ) 
4 335 336 (-2151 921 160 ) (-2391.334717 1024 160 ) (-2391.335449 1024 309 ) (-2151 921 309 ) 
4 336 337 (-2154 929 160 ) (-2189.624756 1024 160 ) (-2189.625000 1024 309 ) (-2154 929 309 ) 
4 337 338 (-2151.001465 938 160 ) (-2122.334717 1024 160 ) (-2122.333984 1024 309 ) (-2151.001465 938 309 ) 
4 338 341 (-2144 941 160 ) (-2127.915039 947.893616 160 ) (-2127.915039 947.893616 309 ) (-2144 941 309 ) 
4 338 339 (-2127.915039 947.893616 160 ) (-2048 982.143005 160 ) (-2048 982.143005 309 ) (-2127.915039 947.893616 309 ) 
4 339 342 (-2132.632324 935.316223 160 ) (-2135 929.001343 160 ) (-2135 929.001343 309 ) (-2132.632324 935.316223 309 ) 
4 339 341 (-2127.914063 947.898438 309 ) (-2127.914063 947.898438 160 ) (-2132.632324 935.316223 160 ) (-2132.632324 935.316223 309 ) 
4 339 340 (-2138.001221 921 160 ) (-2139.800781 916.200378 160 ) (-2139.800781 916.200378 309 ) (-2138.001221 921 309 ) 
4 341 342 (-2138 938 160 ) (-2132.632080 935.316101 160 ) (-2132.632080 935.316101 309 ) (-2138 938 309 ) 
4 343 350 (-2171 25 160 ) (-2048 25 160 ) (-2048 25 161 ) (-2171 25 161 ) 
4 343 351 (-2300.313965 25 160 ) (-2171 25 160 ) (-2171 25 309 ) (-2300.313965 25 309 ) 
4 343 347 (-2139.800049 451.141937 160 ) (-2144 452.942017 160 ) (-2144 452.942017 309 ) (-2139.800049 451.141937 309 ) 
4 343 346 (-2048 411.798950 160 ) (-2139.800049 451.141937 160 ) (-2139.800049 451.141937 309 ) (-2048 411.798981 309 ) 
4 343 344 (-2151 455.941772 160 ) (-2155.955078 458.065430 160 ) (-2155.955078 458.065430 309 ) (-2151 455.941772 309 ) 
4 345 348 (-2144 475.941681 160 ) (-2127.915283 482.834900 160 ) (-2127.915039 482.835327 309 ) (-2144 475.941742 309 ) 
4 345 346 (-2127.915283 482.834900 160 ) (-2048 517.084290 160 ) (-2048 517.085938 309 ) (-2127.915039 482.835327 309 ) 
4 346 349 (-2132.633301 470.258667 160 ) (-2135 463.945099 160 ) (-2135 463.945099 309 ) (-2132.633301 470.258667 309 ) 
4 346 348 (-2127.916016 482.837891 309 ) (-2127.916016 482.837891 160 ) (-2132.633301 470.258667 160 ) (-2132.633301 470.258667 309 ) 
4 346 347 (-2138.002930 455.940582 160 ) (-2139.802002 451.142883 160 ) (-2139.802002 451.142883 309 ) (-2138.002930 455.940582 309 ) 
4 348 349 (-2138 472.943695 160 ) (-2132.631836 470.259338 160 ) (-2132.631836 470.259338 309 ) (-2138 472.943695 309 ) 
4 350 364 (-2048 0 160 ) (-2048 0 161 ) (-2171 0 161 ) (-2171 0 160 ) 
4 350 351 (-2171 25 161 ) (-2171 25 160 ) (-2171 0 160 ) (-2171 0 161 ) 
4 351 366 (-2171 0 309 ) (-2172 0 309 ) (-2172 0 160 ) (-2171 0 160 ) 
4 351 367 (-2172 0 309 ) (-3072 0 309 ) (-3072 0 160 ) (-2172 0 160 ) 
4 351 355 (-3072 25 160 ) (-3072 0 160 ) (-3072 0 309 ) (-3072 25 309 ) 
4 351 352 (-2944 25 160 ) (-2464 25 160 ) (-2464 0 160 ) (-2944 0 160 ) 
4 352 368 (-2464 0 160 ) (-2944 0 160 ) (-2944 0 153 ) (-2464 0 153 ) 
4 352 354 (-2464 0 153 ) (-2944 0 153 ) (-2944 576 153 ) (-2464 576 153 ) 
4 353 373 (-2176 0 128 ) (-2176 0 76 ) (-2171 0 76 ) (-2171 0 128 ) 
4 353 372 (-2171 0 76 ) (-2144 0 76 ) (-2144 0 128 ) (-2171 0 128 ) 
4 353 374 (-2176 0 76 ) (-2176 0 0 ) (-2144 0 0 ) (-2144 0 76 ) 
4 354 375 (-2464 0 153 ) (-2944 0 153 ) (-2944 0 32 ) (-2464 0 32 ) 
4 355 379 (-3072 0 160 ) (-3072 0 3647 ) (-3328 0 3647 ) (-3328 0 160 ) 
4 355 356 (-3328 1024 3647 ) (-3328 1024 287 ) (-3328 0 287 ) (-3328 0 3647 ) 
4 356 383 (-3328 0 287 ) (-3328 0 3647 ) (-3360 0 3647 ) (-3360 0 287 ) 
4 356 357 (-3360 0 287 ) (-3360 0 3647 ) (-3360 1024 3647 ) (-3360 1024 287 ) 
4 357 385 (-3364 0 0 ) (-3360 0 0 ) (-3360 0 3647 ) (-3364 0 3647 ) 
4 357 358 (-3364 0 241.284912 ) (-3364 0 3647 ) (-3364 1024 3647 ) (-3364 1024 241.285156 ) 
4 357 359 (-3364 1024 0 ) (-3364 0 0 ) (-3364 0 63 ) (-3364 1024 63 ) 
4 358 390 (-4096 1024 529 ) (-4096 1024 508.519287 ) (-4096 0 508.519257 ) (-4096 0 529 ) 
4 358 389 (-4096 1024 3647 ) (-4096 1024 529 ) (-4096 0 529 ) (-4096 0 3647 ) 
4 358 386 (-4096 0 3647 ) (-4096 0 508.519287 ) (-3364 0 241.284912 ) (-3364 0 3647 ) 
4 359 391 (-4096 1024 63 ) (-4096 1024 0 ) (-4096 0 0 ) (-4096 0 63 ) 
4 359 387 (-4096 0 63 ) (-4096 0 0 ) (-3364 0 0 ) (-3364 0 63 ) 
4 360 379 (-3072 0 3647 ) (-3072 0 416 ) (-3072 -256 416 ) (-3072 -256 3647 ) 
4 360 369 (-3072 -256 3647 ) (-3072 -256 416 ) (-2048 -256 416 ) (-2048 -256 3647 ) 
4 360 363 (-2171 -256 416 ) (-2172 -256 416 ) (-2172 -231 416 ) (-2171 -231 416 ) 
4 360 362 (-2172 -231 416 ) (-2172 0 416 ) (-2171 0 416 ) (-2171 -231 416 ) 
4 360 361 (-2171 0 416 ) (-2048 0 416 ) (-2048 -224 416 ) (-2171 -224 416 ) 
4 360 367 (-2172 -256 416 ) (-3072 -256 416 ) (-3072 0 416 ) (-2172 0 416 ) 
4 361 362 (-2171 -224 416 ) (-2171 0 416 ) (-2171 0 331 ) (-2171 -224 331 ) 
4 362 363 (-2172 -231 416 ) (-2172 -231 331 ) (-2171 -231 331 ) (-2171 -231 416 ) 
4 362 367 (-2172 -231 416 ) (-2172 0 416 ) (-2172 0 331 ) (-2172 -231 331 ) 
4 363 369 (-2171 -256 416 ) (-2172 -256 416 ) (-2172 -256 309 ) (-2171 -256 309 ) 
4 363 366 (-2171 -256 309 ) (-2172 -256 309 ) (-2172 -231 309 ) (-2171 -231 309 ) 
4 363 367 (-2172 -256 309 ) (-2172 -256 416 ) (-2172 -231 416 ) (-2172 -231 309 ) 
4 364 365 (-2171 -11 161 ) (-2171 -11 160 ) (-2048 -11 160 ) (-2048 -11 161 ) 
4 364 366 (-2171 0 160 ) (-2171 -11 160 ) (-2171 -11 161 ) (-2171 0 161 ) 
4 365 366 (-2171 -11 160 ) (-2171 -224 160 ) (-2171 -224 309 ) (-2171 -11 309 ) 
4 366 369 (-2172 -256 160 ) (-2171 -256 160 ) (-2171 -256 309 ) (-2172 -256 309 ) 
4 366 367 (-2172 0 160 ) (-2172 -256 160 ) (-2172 -256 309 ) (-2172 0 309 ) 
4 367 379 (-3072 0 416 ) (-3072 0 160 ) (-3072 -256 160 ) (-3072 -256 416 ) 
4 367 369 (-3072 -256 416 ) (-3072 -256 160 ) (-2172 -256 160 ) (-2172 -256 416 ) 
4 367 368 (-2464 -256 160 ) (-2944 -256 160 ) (-2944 0 160 ) (-2464 0 160 ) 
4 368 375 (-2944 0 153 ) (-2464 0 153 ) (-2464 -256 153 ) (-2944 -256 153 ) 
4 369 379 (-3072 -256 3647 ) (-3072 -256 160 ) (-3072 -512 160 ) (-3072 -512 3647 ) 
4 369 370 (-2048 -512 285 ) (-2048 -512 3647 ) (-3072 -512 3647 ) (-3072 -512 285 ) 
4 370 380 (-3072 -544 3647 ) (-3072 -512 3647 ) (-3072 -512 285 ) (-3072 -544 285 ) 
4 370 371 (-2048 -544 285 ) (-2048 -544 3647 ) (-3072 -544 3647 ) (-3072 -544 285 ) 
4 371 382 (-3072 -800 3647 ) (-3072 -544 3647 ) (-3072 -544 153 ) (-3072 -800 153 ) 
4 371 377 (-3072 -800 153 ) (-3072 -544 153 ) (-2048 -544 153 ) (-2048 -800 153 ) 
4 372 373 (-2171 0 76 ) (-2171 -224 76 ) (-2171 -224 128 ) (-2171 0 128 ) 
4 372 374 (-2171 0 76 ) (-2144 0 76 ) (-2144 -224 76 ) (-2171 -224 76 ) 
4 373 374 (-2176 -256 76 ) (-2176 0 76 ) (-2171 0 76 ) (-2171 -256 76 ) 
4 374 376 (-2176 -256 32 ) (-2176 -256 0 ) (-2144 -256 0 ) (-2144 -256 32 ) 
4 376 378 (-2048 -512 0 ) (-2048 -512 31 ) (-2944 -512 31 ) (-2944 -512 0 ) 
4 377 382 (-3072 -800 31 ) (-3072 -800 153 ) (-3072 -544 153 ) (-3072 -544 31 ) 
4 377 378 (-2048 -800 31 ) (-3072 -800 31 ) (-3072 -544 31 ) (-2048 -544 31 ) 
4 378 381 (-3072 -544 31 ) (-3072 -512 31 ) (-3072 -512 0 ) (-3072 -544 0 ) 
4 378 382 (-3072 -800 0 ) (-3072 -800 31 ) (-3072 -544 31 ) (-3072 -544 0 ) 
4 379 383 (-3328 -512 287 ) (-3328 -512 3647 ) (-3328 0 3647 ) (-3328 0 287 ) 
4 379 380 (-3328 -512 3647 ) (-3328 -512 285 ) (-3072 -512 285 ) (-3072 -512 3647 ) 
4 380 383 (-3328 -544 287 ) (-3328 -544 3647 ) (-3328 -512 3647 ) (-3328 -512 287 ) 
4 380 382 (-3072 -544 3647 ) (-3328 -544 3647 ) (-3328 -544 285 ) (-3072 -544 285 ) 
4 381 382 (-3328 -544 31 ) (-3328 -544 0 ) (-3072 -544 0 ) (-3072 -544 31 ) 
4 382 384 (-3328 -544 0 ) (-3328 -800 0 ) (-3328 -800 3647 ) (-3328 -544 3647 ) 
4 383 385 (-3360 -544 287 ) (-3360 -544 3647 ) (-3360 0 3647 ) (-3360 0 287 ) 
4 383 384 (-3360 -544 3647 ) (-3360 -544 287 ) (-3328 -544 287 ) (-3328 -544 3647 ) 
4 384 385 (-3360 -544 0 ) (-3360 -800 0 ) (-3360 -800 3647 ) (-3360 -544 3647 ) 
4 385 386 (-3364 -550 241.284912 ) (-3364 -550 3647 ) (-3364 0 3647 ) (-3364 0 241.285156 ) 
4 385 387 (-3364 0 0 ) (-3364 -550 0 ) (-3364 -550 63 ) (-3364 0 63 ) 
4 385 388 (-3364 -550 0 ) (-3364 -800 0 ) (-3364 -800 3647 ) (-3364 -550 3647 ) 
4 386 395 (-4096 0 529 ) (-4096 0 508.519287 ) (-4096 -550 508.519257 ) (-4096 -550 529 ) 
4 386 394 (-4096 0 3647 ) (-4096 0 529 ) (-4096 -550 529 ) (-4096 -550 3647 ) 
4 386 388 (-3364 -550 241.284912 ) (-3364 -550 3647 ) (-4096 -550 3647 ) (-4096 -550 508.519287 ) 
4 387 396 (-4096 0 63 ) (-4096 0 0 ) (-4096 -550 0 ) (-4096 -550 63 ) 
4 387 388 (-4096 -550 0 ) (-3364 -550 0 ) (-3364 -550 63 ) (-4096 -550 63 ) 
4 388 397 (-4096 -550 0 ) (-4096 -800 0 ) (-4096 -800 529 ) (-4096 -550 529 ) 
4 388 394 (-4096 -800 529 ) (-4096 -800 3647 ) (-4096 -550 3647 ) (-4096 -550 529 ) 
4 389 394 (-4096 0 529 ) (-4096 0 3647 ) (-4403 0 3647 ) (-4403 0 529 ) 
4 389 390 (-4096 0 529 ) (-4152.100098 0 529 ) (-4152.100098 1024 529 ) (-4096 1024 529 ) 
4 389 392 (-4403 0 529 ) (-4403 0 3647 ) (-4403 1024 3647 ) (-4403 1024 529 ) 
3 390 395 (-4096 0 508.519257 ) (-4096 0 529 ) (-4152.100098 0 529 ) 
4 391 396 (-4096 0 0 ) (-4096 0 63 ) (-4403 0 63 ) (-4403 0 0 ) 
4 391 392 (-4403 1024 0 ) (-4403 0 0 ) (-4403 0 63 ) (-4403 1024 63 ) 
4 392 398 (-5120 0 529 ) (-5120 0 0 ) (-4403 0 0 ) (-4403 0 529 ) 
4 392 394 (-4403 0 3647 ) (-5120 0 3647 ) (-5120 0 529 ) (-4403 0 529 ) 
4 392 393 (-5120 1024 3647 ) (-5120 1024 0 ) (-5120 0 0 ) (-5120 0 3647 ) 
4 393 399 (-5120 0 0 ) (-5120 0 3647 ) (-5388 0 3647 ) (-5388 0 0 ) 
4 394 399 (-5120 0 3647 ) (-5120 0 529 ) (-5120 -800 529 ) (-5120 -800 3647 ) 
4 394 395 (-4152.100098 0 529 ) (-4096 0 529 ) (-4096 -550 529 ) (-4152.100098 -550 529 ) 
4 394 397 (-4096 -800 529 ) (-4403 -800 529 ) (-4403 -550 529 ) (-4096 -550 529 ) 
4 394 398 (-4403 -800 529 ) (-5120 -800 529 ) (-5120 0 529 ) (-4403 0 529 ) 
3 395 397 (-4096 -550 508.519257 ) (-4096 -550 529 ) (-4152.100098 -550 529 ) 
4 396 397 (-4403 -550 63 ) (-4403 -550 0 ) (-4096 -550 0 ) (-4096 -550 63 ) 
4 396 398 (-4403 0 0 ) (-4403 -550 0 ) (-4403 -550 63 ) (-4403 0 63 ) 
4 397 398 (-4403 -550 0 ) (-4403 -800 0 ) (-4403 -800 529 ) (-4403 -550 529 ) 
4 398 399 (-5120 0 529 ) (-5120 0 0 ) (-5120 -800 0 ) (-5120 -800 529 ) 
