


materialPath: D:\SteamLibrary\steamapps\common\Counter-Strike Global Offensive\csgo\materials
Loading c:\users\gorro\desktop\de_celo\de_celo.vmf
Map revision 140
Patching WVT material: maps/de_celo/de_cbble/grass_alt/blendgrassdirt_wvt_patch
Patching WVT material: maps/de_celo/de_dust/hr_dust/hr_dust_blend_plaster_white_01_wvt_patch
Patching WVT material: maps/de_celo/de_train/blendgrassdirt001a_wvt_patch
Patching WVT material: maps/de_celo/concrete/blend_sidewalk_01_wvt_patch
fixing up env_cubemap materials on brush sides...
0...1...2...3...4...5...6...7...8...9...10**** leaked ****
Entity light_environment (-771.00 555.00 3477.00) leaked!

FindPortalSide: Couldn't find a good match for which brush to assign to a portal near (-2865.4 301.2 52.0)
Leaf 0 contents: CONTENTS_SOLID CONTENTS_WATER CONTENTS_TRANSLUCENT 
Leaf 1 contents: CONTENTS_SOLID 
viscontents (node 0 contents ^ node 1 contents): CONTENTS_WATER 
This means that none of the brushes in leaf 0 or 1 that touches the portal has CONTENTS_WATER 
Check for a huge brush enclosing the coordinates above that has contents CONTENTS_WATER 
Candidate brush IDs: Brush 1075: 


FindPortalSide: Couldn't find a good match for which brush to assign to a portal near (-2865.4 301.2 36.1)
Leaf 0 contents: CONTENTS_SOLID 
Leaf 1 contents: CONTENTS_SOLID CONTENTS_WATER CONTENTS_TRANSLUCENT 
viscontents (node 0 contents ^ node 1 contents): CONTENTS_WATER 
This means that none of the brushes in leaf 0 or 1 that touches the portal has CONTENTS_WATER 
Check for a huge brush enclosing the coordinates above that has contents CONTENTS_WATER 
Candidate brush IDs: Brush 1075: 


FindPortalSide: Couldn't find a good match for which brush to assign to a portal near (-2873.0 170.0 44.0)
Leaf 0 contents: CONTENTS_SOLID CONTENTS_WATER CONTENTS_TRANSLUCENT 
Leaf 1 contents: CONTENTS_SOLID 
viscontents (node 0 contents ^ node 1 contents): CONTENTS_WATER 
This means that none of the brushes in leaf 0 or 1 that touches the portal has CONTENTS_WATER 
Check for a huge brush enclosing the coordinates above that has contents CONTENTS_WATER 
Candidate brush IDs: Brush 26684: 


FindPortalSide: Couldn't find a good match for which brush to assign to a portal near (-2874.0 269.7 43.0)
Leaf 0 contents: CONTENTS_SOLID CONTENTS_WATER CONTENTS_TRANSLUCENT 
Leaf 1 contents: CONTENTS_SOLID 
viscontents (node 0 contents ^ node 1 contents): CONTENTS_WATER 
This means that none of the brushes in leaf 0 or 1 that touches the portal has CONTENTS_WATER 
Check for a huge brush enclosing the coordinates above that has contents CONTENTS_WATER 
Candidate brush IDs: Brush 26684: 


FindPortalSide: Couldn't find a good match for which brush to assign to a portal near (-2874.0 216.7 43.0)
Leaf 0 contents: CONTENTS_SOLID CONTENTS_WATER CONTENTS_TRANSLUCENT 
Leaf 1 contents: CONTENTS_SOLID 
viscontents (node 0 contents ^ node 1 contents): CONTENTS_WATER 
This means that none of the brushes in leaf 0 or 1 that touches the portal has CONTENTS_WATER 
Check for a huge brush enclosing the coordinates above that has contents CONTENTS_WATER 
Candidate brush IDs: Brush 26684: 


FindPortalSide: Couldn't find a good match for which brush to assign to a portal near (-2873.0 277.2 44.0)
Leaf 0 contents: CONTENTS_SOLID CONTENTS_WATER CONTENTS_TRANSLUCENT 
Leaf 1 contents: CONTENTS_SOLID 
viscontents (node 0 contents ^ node 1 contents): CONTENTS_WATER 
This means that none of the brushes in leaf 0 or 1 that touches the portal has CONTENTS_WATER 
Check for a huge brush enclosing the coordinates above that has contents CONTENTS_WATER 
Candidate brush IDs: Brush 26684: 

Processing areas...done (0)
Building Faces...done (0)
Chop Details...done (0)
Find Visible Detail Sides...
Merged 4 detail faces...done (0)
Merging details...done (0)
FixTjuncs...
PruneNodes...
WriteBSP...
done (0)
Finding displacement neighbors...
Finding lightmap sample positions...
Displacement Alpha : 0...1...2...3...4...5...6...7...8...9...10
Building Physics collision data...
done (0) (160544 bytes)
Error! To use model "models/props/de_nuke/car_nuke_animation.mdl"
      with prop_static, it must be compiled with $staticprop!
Error loading studio model "models/props/de_nuke/car_nuke_animation.mdl"!
Placing detail props : 0...1...2...3...4...5...6...7...8...9...10
Water found with no water_lod_control entity, creating a default one.
Compacting texture/material tables...
Reduced 1378 texinfos to 901
Reduced 33 texdatas to 26 (998 bytes to 740)
Writing c:\users\gorro\desktop\de_celo\de_celo.bsp
MSG_FILEWRITE - Filesystem was asked to write to 'c:\users\gorro\desktop\de_celo\de_celo.bsp', but we don't own that location. Allowing...
1 second elapsed



16 threads
reading c:\users\gorro\desktop\de_celo\de_celo.bsp
reading c:\users\gorro\desktop\de_celo\de_celo.prt
LoadPortals: couldn't read c:\users\gorro\desktop\de_celo\de_celo.prt



materialPath: D:\SteamLibrary\steamapps\common\Counter-Strike Global Offensive\csgo\materials
Loading c:\users\gorro\desktop\de_celo\de_celo.vmf
Map revision 141
Patching WVT material: maps/de_celo/de_cbble/grass_alt/blendgrassdirt_wvt_patch
Patching WVT material: maps/de_celo/de_dust/hr_dust/hr_dust_blend_plaster_white_01_wvt_patch
Patching WVT material: maps/de_celo/de_train/blendgrassdirt001a_wvt_patch
Patching WVT material: maps/de_celo/concrete/blend_sidewalk_01_wvt_patch
fixing up env_cubemap materials on brush sides...
0...1...2...3...4...5...6...7...8...9...10**** leaked ****
Entity light_environment (-746.00 555.00 1912.00) leaked!

FindPortalSide: Couldn't find a good match for which brush to assign to a portal near (-2865.4 301.2 52.0)
Leaf 0 contents: CONTENTS_SOLID CONTENTS_WATER CONTENTS_TRANSLUCENT 
Leaf 1 contents: CONTENTS_SOLID 
viscontents (node 0 contents ^ node 1 contents): CONTENTS_WATER 
This means that none of the brushes in leaf 0 or 1 that touches the portal has CONTENTS_WATER 
Check for a huge brush enclosing the coordinates above that has contents CONTENTS_WATER 
Candidate brush IDs: Brush 1075: 


FindPortalSide: Couldn't find a good match for which brush to assign to a portal near (-2865.4 301.2 36.1)
Leaf 0 contents: CONTENTS_SOLID 
Leaf 1 contents: CONTENTS_SOLID CONTENTS_WATER CONTENTS_TRANSLUCENT 
viscontents (node 0 contents ^ node 1 contents): CONTENTS_WATER 
This means that none of the brushes in leaf 0 or 1 that touches the portal has CONTENTS_WATER 
Check for a huge brush enclosing the coordinates above that has contents CONTENTS_WATER 
Candidate brush IDs: Brush 1075: 


FindPortalSide: Couldn't find a good match for which brush to assign to a portal near (-2873.0 170.0 44.0)
Leaf 0 contents: CONTENTS_SOLID CONTENTS_WATER CONTENTS_TRANSLUCENT 
Leaf 1 contents: CONTENTS_SOLID 
viscontents (node 0 contents ^ node 1 contents): CONTENTS_WATER 
This means that none of the brushes in leaf 0 or 1 that touches the portal has CONTENTS_WATER 
Check for a huge brush enclosing the coordinates above that has contents CONTENTS_WATER 
Candidate brush IDs: Brush 26684: 


FindPortalSide: Couldn't find a good match for which brush to assign to a portal near (-2874.0 269.7 43.0)
Leaf 0 contents: CONTENTS_SOLID CONTENTS_WATER CONTENTS_TRANSLUCENT 
Leaf 1 contents: CONTENTS_SOLID 
viscontents (node 0 contents ^ node 1 contents): CONTENTS_WATER 
This means that none of the brushes in leaf 0 or 1 that touches the portal has CONTENTS_WATER 
Check for a huge brush enclosing the coordinates above that has contents CONTENTS_WATER 
Candidate brush IDs: Brush 26684: 


FindPortalSide: Couldn't find a good match for which brush to assign to a portal near (-2874.0 216.7 43.0)
Leaf 0 contents: CONTENTS_SOLID CONTENTS_WATER CONTENTS_TRANSLUCENT 
Leaf 1 contents: CONTENTS_SOLID 
viscontents (node 0 contents ^ node 1 contents): CONTENTS_WATER 
This means that none of the brushes in leaf 0 or 1 that touches the portal has CONTENTS_WATER 
Check for a huge brush enclosing the coordinates above that has contents CONTENTS_WATER 
Candidate brush IDs: Brush 26684: 


FindPortalSide: Couldn't find a good match for which brush to assign to a portal near (-2873.0 277.2 44.0)
Leaf 0 contents: CONTENTS_SOLID CONTENTS_WATER CONTENTS_TRANSLUCENT 
Leaf 1 contents: CONTENTS_SOLID 
viscontents (node 0 contents ^ node 1 contents): CONTENTS_WATER 
This means that none of the brushes in leaf 0 or 1 that touches the portal has CONTENTS_WATER 
Check for a huge brush enclosing the coordinates above that has contents CONTENTS_WATER 
Candidate brush IDs: Brush 26684: 

Processing areas...done (0)
Building Faces...done (0)
Chop Details...done (0)
Find Visible Detail Sides...
Merged 4 detail faces...done (0)
Merging details...done (0)
FixTjuncs...
PruneNodes...
WriteBSP...
done (0)
Finding displacement neighbors...
Finding lightmap sample positions...
Displacement Alpha : 0...1...2...3...4...5...6...7...8...9...10
Building Physics collision data...
done (0) (160544 bytes)
Error! To use model "models/props/de_nuke/car_nuke_animation.mdl"
      with prop_static, it must be compiled with $staticprop!
Error loading studio model "models/props/de_nuke/car_nuke_animation.mdl"!
Placing detail props : 0...1...2...3...4...5...6...7...8...9...10
Water found with no water_lod_control entity, creating a default one.
Compacting texture/material tables...
Reduced 1378 texinfos to 901
Reduced 33 texdatas to 26 (998 bytes to 740)
Writing c:\users\gorro\desktop\de_celo\de_celo.bsp
MSG_FILEWRITE - Filesystem was asked to write to 'c:\users\gorro\desktop\de_celo\de_celo.bsp', but we don't own that location. Allowing...
1 second elapsed



16 threads
reading c:\users\gorro\desktop\de_celo\de_celo.bsp
reading c:\users\gorro\desktop\de_celo\de_celo.prt
LoadPortals: couldn't read c:\users\gorro\desktop\de_celo\de_celo.prt



materialPath: D:\SteamLibrary\steamapps\common\Counter-Strike Global Offensive\csgo\materials
Loading c:\users\gorro\desktop\de_celo\de_celo.vmf
Map revision 142
Patching WVT material: maps/de_celo/de_cbble/grass_alt/blendgrassdirt_wvt_patch
Patching WVT material: maps/de_celo/de_dust/hr_dust/hr_dust_blend_plaster_white_01_wvt_patch
Patching WVT material: maps/de_celo/de_train/blendgrassdirt001a_wvt_patch
Patching WVT material: maps/de_celo/concrete/blend_sidewalk_01_wvt_patch
fixing up env_cubemap materials on brush sides...
0...1...2...3...4...5...6...7...8...9...10**** leaked ****
Entity prop_static (-218.00 1376.00 88.00) leaked!

FindPortalSide: Couldn't find a good match for which brush to assign to a portal near (-2865.4 301.2 52.0)
Leaf 0 contents: CONTENTS_SOLID CONTENTS_WATER CONTENTS_TRANSLUCENT 
Leaf 1 contents: CONTENTS_SOLID 
viscontents (node 0 contents ^ node 1 contents): CONTENTS_WATER 
This means that none of the brushes in leaf 0 or 1 that touches the portal has CONTENTS_WATER 
Check for a huge brush enclosing the coordinates above that has contents CONTENTS_WATER 
Candidate brush IDs: Brush 1075: 


FindPortalSide: Couldn't find a good match for which brush to assign to a portal near (-2865.4 301.2 36.1)
Leaf 0 contents: CONTENTS_SOLID 
Leaf 1 contents: CONTENTS_SOLID CONTENTS_WATER CONTENTS_TRANSLUCENT 
viscontents (node 0 contents ^ node 1 contents): CONTENTS_WATER 
This means that none of the brushes in leaf 0 or 1 that touches the portal has CONTENTS_WATER 
Check for a huge brush enclosing the coordinates above that has contents CONTENTS_WATER 
Candidate brush IDs: Brush 1075: 


FindPortalSide: Couldn't find a good match for which brush to assign to a portal near (-2873.0 170.0 44.0)
Leaf 0 contents: CONTENTS_SOLID CONTENTS_WATER CONTENTS_TRANSLUCENT 
Leaf 1 contents: CONTENTS_SOLID 
viscontents (node 0 contents ^ node 1 contents): CONTENTS_WATER 
This means that none of the brushes in leaf 0 or 1 that touches the portal has CONTENTS_WATER 
Check for a huge brush enclosing the coordinates above that has contents CONTENTS_WATER 
Candidate brush IDs: Brush 26684: 


FindPortalSide: Couldn't find a good match for which brush to assign to a portal near (-2874.0 269.7 43.0)
Leaf 0 contents: CONTENTS_SOLID CONTENTS_WATER CONTENTS_TRANSLUCENT 
Leaf 1 contents: CONTENTS_SOLID 
viscontents (node 0 contents ^ node 1 contents): CONTENTS_WATER 
This means that none of the brushes in leaf 0 or 1 that touches the portal has CONTENTS_WATER 
Check for a huge brush enclosing the coordinates above that has contents CONTENTS_WATER 
Candidate brush IDs: Brush 26684: 


FindPortalSide: Couldn't find a good match for which brush to assign to a portal near (-2874.0 216.7 43.0)
Leaf 0 contents: CONTENTS_SOLID CONTENTS_WATER CONTENTS_TRANSLUCENT 
Leaf 1 contents: CONTENTS_SOLID 
viscontents (node 0 contents ^ node 1 contents): CONTENTS_WATER 
This means that none of the brushes in leaf 0 or 1 that touches the portal has CONTENTS_WATER 
Check for a huge brush enclosing the coordinates above that has contents CONTENTS_WATER 
Candidate brush IDs: Brush 26684: 


FindPortalSide: Couldn't find a good match for which brush to assign to a portal near (-2873.0 277.2 44.0)
Leaf 0 contents: CONTENTS_SOLID CONTENTS_WATER CONTENTS_TRANSLUCENT 
Leaf 1 contents: CONTENTS_SOLID 
viscontents (node 0 contents ^ node 1 contents): CONTENTS_WATER 
This means that none of the brushes in leaf 0 or 1 that touches the portal has CONTENTS_WATER 
Check for a huge brush enclosing the coordinates above that has contents CONTENTS_WATER 
Candidate brush IDs: Brush 26684: 

Processing areas...done (0)
Building Faces...done (0)
Chop Details...done (0)
Find Visible Detail Sides...
Merged 4 detail faces...done (0)
Merging details...done (0)
FixTjuncs...
PruneNodes...
WriteBSP...
done (0)
Finding displacement neighbors...
Finding lightmap sample positions...
Displacement Alpha : 0...1...2...3...4...5...6...7...8...9...10
Building Physics collision data...
done (0) (160544 bytes)
Error! To use model "models/props/de_nuke/car_nuke_animation.mdl"
      with prop_static, it must be compiled with $staticprop!
Error loading studio model "models/props/de_nuke/car_nuke_animation.mdl"!
Placing detail props : 0...1...2...3...4...5...6...7...8...9...10
Water found with no water_lod_control entity, creating a default one.
Compacting texture/material tables...
Reduced 1378 texinfos to 901
Reduced 33 texdatas to 26 (998 bytes to 740)
Writing c:\users\gorro\desktop\de_celo\de_celo.bsp
MSG_FILEWRITE - Filesystem was asked to write to 'c:\users\gorro\desktop\de_celo\de_celo.bsp', but we don't own that location. Allowing...
1 second elapsed



16 threads
reading c:\users\gorro\desktop\de_celo\de_celo.bsp
reading c:\users\gorro\desktop\de_celo\de_celo.prt
LoadPortals: couldn't read c:\users\gorro\desktop\de_celo\de_celo.prt



materialPath: D:\SteamLibrary\steamapps\common\Counter-Strike Global Offensive\csgo\materials
Loading c:\users\gorro\desktop\de_celo\de_celo.vmf
Map revision 143
Patching WVT material: maps/de_celo/de_cbble/grass_alt/blendgrassdirt_wvt_patch
Patching WVT material: maps/de_celo/de_dust/hr_dust/hr_dust_blend_plaster_white_01_wvt_patch
Patching WVT material: maps/de_celo/de_train/blendgrassdirt001a_wvt_patch
Patching WVT material: maps/de_celo/concrete/blend_sidewalk_01_wvt_patch
fixing up env_cubemap materials on brush sides...
0...1...2...3...4...5...6...7...8...9...10**** leaked ****
Entity light_environment (-746.00 478.00 1220.00) leaked!

FindPortalSide: Couldn't find a good match for which brush to assign to a portal near (-2865.4 301.2 52.0)
Leaf 0 contents: CONTENTS_SOLID CONTENTS_WATER CONTENTS_TRANSLUCENT 
Leaf 1 contents: CONTENTS_SOLID 
viscontents (node 0 contents ^ node 1 contents): CONTENTS_WATER 
This means that none of the brushes in leaf 0 or 1 that touches the portal has CONTENTS_WATER 
Check for a huge brush enclosing the coordinates above that has contents CONTENTS_WATER 
Candidate brush IDs: Brush 1075: 


FindPortalSide: Couldn't find a good match for which brush to assign to a portal near (-2865.4 301.2 36.1)
Leaf 0 contents: CONTENTS_SOLID 
Leaf 1 contents: CONTENTS_SOLID CONTENTS_WATER CONTENTS_TRANSLUCENT 
viscontents (node 0 contents ^ node 1 contents): CONTENTS_WATER 
This means that none of the brushes in leaf 0 or 1 that touches the portal has CONTENTS_WATER 
Check for a huge brush enclosing the coordinates above that has contents CONTENTS_WATER 
Candidate brush IDs: Brush 1075: 


FindPortalSide: Couldn't find a good match for which brush to assign to a portal near (-2873.0 170.0 44.0)
Leaf 0 contents: CONTENTS_SOLID CONTENTS_WATER CONTENTS_TRANSLUCENT 
Leaf 1 contents: CONTENTS_SOLID 
viscontents (node 0 contents ^ node 1 contents): CONTENTS_WATER 
This means that none of the brushes in leaf 0 or 1 that touches the portal has CONTENTS_WATER 
Check for a huge brush enclosing the coordinates above that has contents CONTENTS_WATER 
Candidate brush IDs: Brush 26684: 


FindPortalSide: Couldn't find a good match for which brush to assign to a portal near (-2874.0 269.7 43.0)
Leaf 0 contents: CONTENTS_SOLID CONTENTS_WATER CONTENTS_TRANSLUCENT 
Leaf 1 contents: CONTENTS_SOLID 
viscontents (node 0 contents ^ node 1 contents): CONTENTS_WATER 
This means that none of the brushes in leaf 0 or 1 that touches the portal has CONTENTS_WATER 
Check for a huge brush enclosing the coordinates above that has contents CONTENTS_WATER 
Candidate brush IDs: Brush 26684: 


FindPortalSide: Couldn't find a good match for which brush to assign to a portal near (-2874.0 216.7 43.0)
Leaf 0 contents: CONTENTS_SOLID CONTENTS_WATER CONTENTS_TRANSLUCENT 
Leaf 1 contents: CONTENTS_SOLID 
viscontents (node 0 contents ^ node 1 contents): CONTENTS_WATER 
This means that none of the brushes in leaf 0 or 1 that touches the portal has CONTENTS_WATER 
Check for a huge brush enclosing the coordinates above that has contents CONTENTS_WATER 
Candidate brush IDs: Brush 26684: 


FindPortalSide: Couldn't find a good match for which brush to assign to a portal near (-2873.0 277.2 44.0)
Leaf 0 contents: CONTENTS_SOLID CONTENTS_WATER CONTENTS_TRANSLUCENT 
Leaf 1 contents: CONTENTS_SOLID 
viscontents (node 0 contents ^ node 1 contents): CONTENTS_WATER 
This means that none of the brushes in leaf 0 or 1 that touches the portal has CONTENTS_WATER 
Check for a huge brush enclosing the coordinates above that has contents CONTENTS_WATER 
Candidate brush IDs: Brush 26684: 

Processing areas...done (0)
Building Faces...done (0)
Chop Details...done (0)
Find Visible Detail Sides...
Merged 4 detail faces...done (0)
Merging details...done (0)
FixTjuncs...
PruneNodes...
WriteBSP...
done (0)
Finding displacement neighbors...
Finding lightmap sample positions...
Displacement Alpha : 0...1...2...3...4...5...6...7...8...9...10
Building Physics collision data...
done (0) (160544 bytes)
Error! To use model "models/props/de_nuke/car_nuke_animation.mdl"
      with prop_static, it must be compiled with $staticprop!
Error loading studio model "models/props/de_nuke/car_nuke_animation.mdl"!
Placing detail props : 0...1...2...3...4...5...6...7...8...9...10
Water found with no water_lod_control entity, creating a default one.
Compacting texture/material tables...
Reduced 1378 texinfos to 901
Reduced 33 texdatas to 26 (998 bytes to 740)
Writing c:\users\gorro\desktop\de_celo\de_celo.bsp
MSG_FILEWRITE - Filesystem was asked to write to 'c:\users\gorro\desktop\de_celo\de_celo.bsp', but we don't own that location. Allowing...
1 second elapsed



16 threads
reading c:\users\gorro\desktop\de_celo\de_celo.bsp
reading c:\users\gorro\desktop\de_celo\de_celo.prt
LoadPortals: couldn't read c:\users\gorro\desktop\de_celo\de_celo.prt



materialPath: D:\SteamLibrary\steamapps\common\Counter-Strike Global Offensive\csgo\materials
Loading c:\users\gorro\desktop\de_celo\de_celo.vmf
Map revision 144
Patching WVT material: maps/de_celo/de_cbble/grass_alt/blendgrassdirt_wvt_patch
Patching WVT material: maps/de_celo/de_dust/hr_dust/hr_dust_blend_plaster_white_01_wvt_patch
Patching WVT material: maps/de_celo/de_train/blendgrassdirt001a_wvt_patch
Patching WVT material: maps/de_celo/concrete/blend_sidewalk_01_wvt_patch
fixing up env_cubemap materials on brush sides...
0...1...2...3...4...5...6...7...8...9...10**** leaked ****
Entity light_environment (-746.00 478.00 1220.00) leaked!

FindPortalSide: Couldn't find a good match for which brush to assign to a portal near (-2865.4 301.2 52.0)
Leaf 0 contents: CONTENTS_SOLID CONTENTS_WATER CONTENTS_TRANSLUCENT 
Leaf 1 contents: CONTENTS_SOLID 
viscontents (node 0 contents ^ node 1 contents): CONTENTS_WATER 
This means that none of the brushes in leaf 0 or 1 that touches the portal has CONTENTS_WATER 
Check for a huge brush enclosing the coordinates above that has contents CONTENTS_WATER 
Candidate brush IDs: Brush 1075: 


FindPortalSide: Couldn't find a good match for which brush to assign to a portal near (-2865.4 301.2 36.1)
Leaf 0 contents: CONTENTS_SOLID 
Leaf 1 contents: CONTENTS_SOLID CONTENTS_WATER CONTENTS_TRANSLUCENT 
viscontents (node 0 contents ^ node 1 contents): CONTENTS_WATER 
This means that none of the brushes in leaf 0 or 1 that touches the portal has CONTENTS_WATER 
Check for a huge brush enclosing the coordinates above that has contents CONTENTS_WATER 
Candidate brush IDs: Brush 1075: 


FindPortalSide: Couldn't find a good match for which brush to assign to a portal near (-2873.0 170.0 44.0)
Leaf 0 contents: CONTENTS_SOLID CONTENTS_WATER CONTENTS_TRANSLUCENT 
Leaf 1 contents: CONTENTS_SOLID 
viscontents (node 0 contents ^ node 1 contents): CONTENTS_WATER 
This means that none of the brushes in leaf 0 or 1 that touches the portal has CONTENTS_WATER 
Check for a huge brush enclosing the coordinates above that has contents CONTENTS_WATER 
Candidate brush IDs: Brush 26684: 


FindPortalSide: Couldn't find a good match for which brush to assign to a portal near (-2874.0 269.7 43.0)
Leaf 0 contents: CONTENTS_SOLID CONTENTS_WATER CONTENTS_TRANSLUCENT 
Leaf 1 contents: CONTENTS_SOLID 
viscontents (node 0 contents ^ node 1 contents): CONTENTS_WATER 
This means that none of the brushes in leaf 0 or 1 that touches the portal has CONTENTS_WATER 
Check for a huge brush enclosing the coordinates above that has contents CONTENTS_WATER 
Candidate brush IDs: Brush 26684: 


FindPortalSide: Couldn't find a good match for which brush to assign to a portal near (-2874.0 216.7 43.0)
Leaf 0 contents: CONTENTS_SOLID CONTENTS_WATER CONTENTS_TRANSLUCENT 
Leaf 1 contents: CONTENTS_SOLID 
viscontents (node 0 contents ^ node 1 contents): CONTENTS_WATER 
This means that none of the brushes in leaf 0 or 1 that touches the portal has CONTENTS_WATER 
Check for a huge brush enclosing the coordinates above that has contents CONTENTS_WATER 
Candidate brush IDs: Brush 26684: 


FindPortalSide: Couldn't find a good match for which brush to assign to a portal near (-2873.0 277.2 44.0)
Leaf 0 contents: CONTENTS_SOLID CONTENTS_WATER CONTENTS_TRANSLUCENT 
Leaf 1 contents: CONTENTS_SOLID 
viscontents (node 0 contents ^ node 1 contents): CONTENTS_WATER 
This means that none of the brushes in leaf 0 or 1 that touches the portal has CONTENTS_WATER 
Check for a huge brush enclosing the coordinates above that has contents CONTENTS_WATER 
Candidate brush IDs: Brush 26684: 

Processing areas...done (0)
Building Faces...done (0)
Chop Details...done (0)
Find Visible Detail Sides...
Merged 4 detail faces...done (0)
Merging details...done (0)
FixTjuncs...
PruneNodes...
WriteBSP...
done (0)
Finding displacement neighbors...
Finding lightmap sample positions...
Displacement Alpha : 0...1...2...3...4...5...6...7...8...9...10
Building Physics collision data...
done (0) (160152 bytes)
Error! To use model "models/props/de_nuke/car_nuke_animation.mdl"
      with prop_static, it must be compiled with $staticprop!
Error loading studio model "models/props/de_nuke/car_nuke_animation.mdl"!
Placing detail props : 0...1...2...3...4...5...6...7...8...9...10
Water found with no water_lod_control entity, creating a default one.
Compacting texture/material tables...
Reduced 1375 texinfos to 901
Reduced 33 texdatas to 26 (998 bytes to 740)
Writing c:\users\gorro\desktop\de_celo\de_celo.bsp
MSG_FILEWRITE - Filesystem was asked to write to 'c:\users\gorro\desktop\de_celo\de_celo.bsp', but we don't own that location. Allowing...
1 second elapsed



16 threads
reading c:\users\gorro\desktop\de_celo\de_celo.bsp
reading c:\users\gorro\desktop\de_celo\de_celo.prt
LoadPortals: couldn't read c:\users\gorro\desktop\de_celo\de_celo.prt



materialPath: D:\SteamLibrary\steamapps\common\Counter-Strike Global Offensive\csgo\materials
Loading c:\users\gorro\desktop\de_celo\de_celo.vmf
Map revision 145
Patching WVT material: maps/de_celo/de_cbble/grass_alt/blendgrassdirt_wvt_patch
Patching WVT material: maps/de_celo/de_dust/hr_dust/hr_dust_blend_plaster_white_01_wvt_patch
Patching WVT material: maps/de_celo/de_train/blendgrassdirt001a_wvt_patch
Patching WVT material: maps/de_celo/concrete/blend_sidewalk_01_wvt_patch
fixing up env_cubemap materials on brush sides...
0...1...2...3...4...5...6...7...8...9...10**** leaked ****
Entity light_environment (-746.00 478.00 1220.00) leaked!

FindPortalSide: Couldn't find a good match for which brush to assign to a portal near (-2865.4 301.2 52.0)
Leaf 0 contents: CONTENTS_SOLID CONTENTS_WATER CONTENTS_TRANSLUCENT 
Leaf 1 contents: CONTENTS_SOLID 
viscontents (node 0 contents ^ node 1 contents): CONTENTS_WATER 
This means that none of the brushes in leaf 0 or 1 that touches the portal has CONTENTS_WATER 
Check for a huge brush enclosing the coordinates above that has contents CONTENTS_WATER 
Candidate brush IDs: Brush 1075: 


FindPortalSide: Couldn't find a good match for which brush to assign to a portal near (-2865.4 301.2 36.1)
Leaf 0 contents: CONTENTS_SOLID 
Leaf 1 contents: CONTENTS_SOLID CONTENTS_WATER CONTENTS_TRANSLUCENT 
viscontents (node 0 contents ^ node 1 contents): CONTENTS_WATER 
This means that none of the brushes in leaf 0 or 1 that touches the portal has CONTENTS_WATER 
Check for a huge brush enclosing the coordinates above that has contents CONTENTS_WATER 
Candidate brush IDs: Brush 1075: 


FindPortalSide: Couldn't find a good match for which brush to assign to a portal near (-2873.0 170.0 44.0)
Leaf 0 contents: CONTENTS_SOLID CONTENTS_WATER CONTENTS_TRANSLUCENT 
Leaf 1 contents: CONTENTS_SOLID 
viscontents (node 0 contents ^ node 1 contents): CONTENTS_WATER 
This means that none of the brushes in leaf 0 or 1 that touches the portal has CONTENTS_WATER 
Check for a huge brush enclosing the coordinates above that has contents CONTENTS_WATER 
Candidate brush IDs: Brush 26684: 


FindPortalSide: Couldn't find a good match for which brush to assign to a portal near (-2874.0 269.7 43.0)
Leaf 0 contents: CONTENTS_SOLID CONTENTS_WATER CONTENTS_TRANSLUCENT 
Leaf 1 contents: CONTENTS_SOLID 
viscontents (node 0 contents ^ node 1 contents): CONTENTS_WATER 
This means that none of the brushes in leaf 0 or 1 that touches the portal has CONTENTS_WATER 
Check for a huge brush enclosing the coordinates above that has contents CONTENTS_WATER 
Candidate brush IDs: Brush 26684: 


FindPortalSide: Couldn't find a good match for which brush to assign to a portal near (-2874.0 216.7 43.0)
Leaf 0 contents: CONTENTS_SOLID CONTENTS_WATER CONTENTS_TRANSLUCENT 
Leaf 1 contents: CONTENTS_SOLID 
viscontents (node 0 contents ^ node 1 contents): CONTENTS_WATER 
This means that none of the brushes in leaf 0 or 1 that touches the portal has CONTENTS_WATER 
Check for a huge brush enclosing the coordinates above that has contents CONTENTS_WATER 
Candidate brush IDs: Brush 26684: 


FindPortalSide: Couldn't find a good match for which brush to assign to a portal near (-2873.0 277.2 44.0)
Leaf 0 contents: CONTENTS_SOLID CONTENTS_WATER CONTENTS_TRANSLUCENT 
Leaf 1 contents: CONTENTS_SOLID 
viscontents (node 0 contents ^ node 1 contents): CONTENTS_WATER 
This means that none of the brushes in leaf 0 or 1 that touches the portal has CONTENTS_WATER 
Check for a huge brush enclosing the coordinates above that has contents CONTENTS_WATER 
Candidate brush IDs: Brush 26684: 

Processing areas...done (0)
Building Faces...done (0)
Chop Details...done (0)
Find Visible Detail Sides...
Merged 4 detail faces...done (0)
Merging details...done (0)
FixTjuncs...
PruneNodes...
WriteBSP...
done (0)
Finding displacement neighbors...
Finding lightmap sample positions...
Displacement Alpha : 0...1...2...3...4...5...6...7...8...9...10
Building Physics collision data...
done (0) (159273 bytes)
Error! To use model "models/props/de_nuke/car_nuke_animation.mdl"
      with prop_static, it must be compiled with $staticprop!
Error loading studio model "models/props/de_nuke/car_nuke_animation.mdl"!
Placing detail props : 0...1...2...3...4...5...6...7...8...9...10
Water found with no water_lod_control entity, creating a default one.
Compacting texture/material tables...
Reduced 1369 texinfos to 900
Reduced 32 texdatas to 25 (977 bytes to 719)
Writing c:\users\gorro\desktop\de_celo\de_celo.bsp
MSG_FILEWRITE - Filesystem was asked to write to 'c:\users\gorro\desktop\de_celo\de_celo.bsp', but we don't own that location. Allowing...
1 second elapsed



16 threads
reading c:\users\gorro\desktop\de_celo\de_celo.bsp
reading c:\users\gorro\desktop\de_celo\de_celo.prt
LoadPortals: couldn't read c:\users\gorro\desktop\de_celo\de_celo.prt



materialPath: D:\SteamLibrary\steamapps\common\Counter-Strike Global Offensive\csgo\materials
Loading c:\users\gorro\desktop\de_celo\de_celo.vmf
Map revision 146
Patching WVT material: maps/de_celo/de_cbble/grass_alt/blendgrassdirt_wvt_patch
Patching WVT material: maps/de_celo/de_dust/hr_dust/hr_dust_blend_plaster_white_01_wvt_patch
Patching WVT material: maps/de_celo/de_train/blendgrassdirt001a_wvt_patch
Patching WVT material: maps/de_celo/concrete/blend_sidewalk_01_wvt_patch
fixing up env_cubemap materials on brush sides...
0...1...2...3...4...5...6...7...8...9...10**** leaked ****
Entity light_environment (-746.00 478.00 1220.00) leaked!

FindPortalSide: Couldn't find a good match for which brush to assign to a portal near (-2865.4 301.2 52.0)
Leaf 0 contents: CONTENTS_SOLID CONTENTS_WATER CONTENTS_TRANSLUCENT 
Leaf 1 contents: CONTENTS_SOLID 
viscontents (node 0 contents ^ node 1 contents): CONTENTS_WATER 
This means that none of the brushes in leaf 0 or 1 that touches the portal has CONTENTS_WATER 
Check for a huge brush enclosing the coordinates above that has contents CONTENTS_WATER 
Candidate brush IDs: Brush 1075: 


FindPortalSide: Couldn't find a good match for which brush to assign to a portal near (-2865.4 301.2 36.1)
Leaf 0 contents: CONTENTS_SOLID 
Leaf 1 contents: CONTENTS_SOLID CONTENTS_WATER CONTENTS_TRANSLUCENT 
viscontents (node 0 contents ^ node 1 contents): CONTENTS_WATER 
This means that none of the brushes in leaf 0 or 1 that touches the portal has CONTENTS_WATER 
Check for a huge brush enclosing the coordinates above that has contents CONTENTS_WATER 
Candidate brush IDs: Brush 1075: 


FindPortalSide: Couldn't find a good match for which brush to assign to a portal near (-2873.0 170.0 44.0)
Leaf 0 contents: CONTENTS_SOLID CONTENTS_WATER CONTENTS_TRANSLUCENT 
Leaf 1 contents: CONTENTS_SOLID 
viscontents (node 0 contents ^ node 1 contents): CONTENTS_WATER 
This means that none of the brushes in leaf 0 or 1 that touches the portal has CONTENTS_WATER 
Check for a huge brush enclosing the coordinates above that has contents CONTENTS_WATER 
Candidate brush IDs: Brush 26684: 


FindPortalSide: Couldn't find a good match for which brush to assign to a portal near (-2874.0 269.7 43.0)
Leaf 0 contents: CONTENTS_SOLID CONTENTS_WATER CONTENTS_TRANSLUCENT 
Leaf 1 contents: CONTENTS_SOLID 
viscontents (node 0 contents ^ node 1 contents): CONTENTS_WATER 
This means that none of the brushes in leaf 0 or 1 that touches the portal has CONTENTS_WATER 
Check for a huge brush enclosing the coordinates above that has contents CONTENTS_WATER 
Candidate brush IDs: Brush 26684: 


FindPortalSide: Couldn't find a good match for which brush to assign to a portal near (-2874.0 216.7 43.0)
Leaf 0 contents: CONTENTS_SOLID CONTENTS_WATER CONTENTS_TRANSLUCENT 
Leaf 1 contents: CONTENTS_SOLID 
viscontents (node 0 contents ^ node 1 contents): CONTENTS_WATER 
This means that none of the brushes in leaf 0 or 1 that touches the portal has CONTENTS_WATER 
Check for a huge brush enclosing the coordinates above that has contents CONTENTS_WATER 
Candidate brush IDs: Brush 26684: 


FindPortalSide: Couldn't find a good match for which brush to assign to a portal near (-2873.0 277.2 44.0)
Leaf 0 contents: CONTENTS_SOLID CONTENTS_WATER CONTENTS_TRANSLUCENT 
Leaf 1 contents: CONTENTS_SOLID 
viscontents (node 0 contents ^ node 1 contents): CONTENTS_WATER 
This means that none of the brushes in leaf 0 or 1 that touches the portal has CONTENTS_WATER 
Check for a huge brush enclosing the coordinates above that has contents CONTENTS_WATER 
Candidate brush IDs: Brush 26684: 

Processing areas...done (0)
Building Faces...done (0)
Chop Details...done (0)
Find Visible Detail Sides...
Merged 4 detail faces...done (0)
Merging details...done (0)
FixTjuncs...
PruneNodes...
WriteBSP...
done (0)
Finding displacement neighbors...
Finding lightmap sample positions...
Displacement Alpha : 0...1...2...3...4...5...6...7...8...9...10
Building Physics collision data...
done (0) (160544 bytes)
Error! To use model "models/props/de_nuke/car_nuke_animation.mdl"
      with prop_static, it must be compiled with $staticprop!
Error loading studio model "models/props/de_nuke/car_nuke_animation.mdl"!
Placing detail props : 0...1...2...3...4...5...6...7...8...9...10
Water found with no water_lod_control entity, creating a default one.
Compacting texture/material tables...
Reduced 1378 texinfos to 901
Reduced 33 texdatas to 26 (998 bytes to 740)
Writing c:\users\gorro\desktop\de_celo\de_celo.bsp
MSG_FILEWRITE - Filesystem was asked to write to 'c:\users\gorro\desktop\de_celo\de_celo.bsp', but we don't own that location. Allowing...
1 second elapsed



16 threads
reading c:\users\gorro\desktop\de_celo\de_celo.bsp
reading c:\users\gorro\desktop\de_celo\de_celo.prt
LoadPortals: couldn't read c:\users\gorro\desktop\de_celo\de_celo.prt



materialPath: D:\SteamLibrary\steamapps\common\Counter-Strike Global Offensive\csgo\materials
Loading c:\users\gorro\desktop\de_celo\de_celo.vmf
Map revision 147
Patching WVT material: maps/de_celo/de_cbble/grass_alt/blendgrassdirt_wvt_patch
Patching WVT material: maps/de_celo/de_dust/hr_dust/hr_dust_blend_plaster_white_01_wvt_patch
Patching WVT material: maps/de_celo/de_train/blendgrassdirt001a_wvt_patch
Patching WVT material: maps/de_celo/concrete/blend_sidewalk_01_wvt_patch
fixing up env_cubemap materials on brush sides...
0...1...2...3...4...5...6...7...8...9...10**** leaked ****
Entity info_player_terrorist (288.00 258.00 36.00) leaked!

FindPortalSide: Couldn't find a good match for which brush to assign to a portal near (-2865.4 301.2 52.0)
Leaf 0 contents: CONTENTS_SOLID CONTENTS_WATER CONTENTS_TRANSLUCENT 
Leaf 1 contents: CONTENTS_SOLID 
viscontents (node 0 contents ^ node 1 contents): CONTENTS_WATER 
This means that none of the brushes in leaf 0 or 1 that touches the portal has CONTENTS_WATER 
Check for a huge brush enclosing the coordinates above that has contents CONTENTS_WATER 
Candidate brush IDs: Brush 1075: 


FindPortalSide: Couldn't find a good match for which brush to assign to a portal near (-2865.4 301.2 36.1)
Leaf 0 contents: CONTENTS_SOLID 
Leaf 1 contents: CONTENTS_SOLID CONTENTS_WATER CONTENTS_TRANSLUCENT 
viscontents (node 0 contents ^ node 1 contents): CONTENTS_WATER 
This means that none of the brushes in leaf 0 or 1 that touches the portal has CONTENTS_WATER 
Check for a huge brush enclosing the coordinates above that has contents CONTENTS_WATER 
Candidate brush IDs: Brush 1075: 


FindPortalSide: Couldn't find a good match for which brush to assign to a portal near (-2873.0 170.0 44.0)
Leaf 0 contents: CONTENTS_SOLID CONTENTS_WATER CONTENTS_TRANSLUCENT 
Leaf 1 contents: CONTENTS_SOLID 
viscontents (node 0 contents ^ node 1 contents): CONTENTS_WATER 
This means that none of the brushes in leaf 0 or 1 that touches the portal has CONTENTS_WATER 
Check for a huge brush enclosing the coordinates above that has contents CONTENTS_WATER 
Candidate brush IDs: Brush 26684: 


FindPortalSide: Couldn't find a good match for which brush to assign to a portal near (-2874.0 269.7 43.0)
Leaf 0 contents: CONTENTS_SOLID CONTENTS_WATER CONTENTS_TRANSLUCENT 
Leaf 1 contents: CONTENTS_SOLID 
viscontents (node 0 contents ^ node 1 contents): CONTENTS_WATER 
This means that none of the brushes in leaf 0 or 1 that touches the portal has CONTENTS_WATER 
Check for a huge brush enclosing the coordinates above that has contents CONTENTS_WATER 
Candidate brush IDs: Brush 26684: 


FindPortalSide: Couldn't find a good match for which brush to assign to a portal near (-2874.0 216.7 43.0)
Leaf 0 contents: CONTENTS_SOLID CONTENTS_WATER CONTENTS_TRANSLUCENT 
Leaf 1 contents: CONTENTS_SOLID 
viscontents (node 0 contents ^ node 1 contents): CONTENTS_WATER 
This means that none of the brushes in leaf 0 or 1 that touches the portal has CONTENTS_WATER 
Check for a huge brush enclosing the coordinates above that has contents CONTENTS_WATER 
Candidate brush IDs: Brush 26684: 


FindPortalSide: Couldn't find a good match for which brush to assign to a portal near (-2873.0 277.2 44.0)
Leaf 0 contents: CONTENTS_SOLID CONTENTS_WATER CONTENTS_TRANSLUCENT 
Leaf 1 contents: CONTENTS_SOLID 
viscontents (node 0 contents ^ node 1 contents): CONTENTS_WATER 
This means that none of the brushes in leaf 0 or 1 that touches the portal has CONTENTS_WATER 
Check for a huge brush enclosing the coordinates above that has contents CONTENTS_WATER 
Candidate brush IDs: Brush 26684: 

Processing areas...done (0)
Building Faces...done (0)
Chop Details...done (0)
Find Visible Detail Sides...
Merged 4 detail faces...done (0)
Merging details...done (0)
FixTjuncs...
PruneNodes...
WriteBSP...
done (0)
Finding displacement neighbors...
Finding lightmap sample positions...
Displacement Alpha : 0...1...2...3...4...5...6...7...8...9...10
Building Physics collision data...
done (0) (160544 bytes)
Error! To use model "models/props/de_nuke/car_nuke_animation.mdl"
      with prop_static, it must be compiled with $staticprop!
Error loading studio model "models/props/de_nuke/car_nuke_animation.mdl"!
Placing detail props : 0...1...2...3...4...5...6...7...8...9...10
Water found with no water_lod_control entity, creating a default one.
Compacting texture/material tables...
Reduced 1378 texinfos to 899
Reduced 33 texdatas to 26 (998 bytes to 740)
Writing c:\users\gorro\desktop\de_celo\de_celo.bsp
MSG_FILEWRITE - Filesystem was asked to write to 'c:\users\gorro\desktop\de_celo\de_celo.bsp', but we don't own that location. Allowing...
1 second elapsed



16 threads
reading c:\users\gorro\desktop\de_celo\de_celo.bsp
reading c:\users\gorro\desktop\de_celo\de_celo.prt
LoadPortals: couldn't read c:\users\gorro\desktop\de_celo\de_celo.prt



materialPath: D:\SteamLibrary\steamapps\common\Counter-Strike Global Offensive\csgo\materials
Loading c:\users\gorro\desktop\de_celo\de_celo.vmf
Map revision 148
Patching WVT material: maps/de_celo/de_cbble/grass_alt/blendgrassdirt_wvt_patch
Patching WVT material: maps/de_celo/de_dust/hr_dust/hr_dust_blend_plaster_white_01_wvt_patch
Patching WVT material: maps/de_celo/de_train/blendgrassdirt001a_wvt_patch
Patching WVT material: maps/de_celo/concrete/blend_sidewalk_01_wvt_patch
fixing up env_cubemap materials on brush sides...
0...1...2...3...4...5...6...7...8...9...100...1...2...3...4...5...6...7...8...9...10Processing areas...done (0)
Building Faces...done (0)
Chop Details...done (0)
Find Visible Detail Sides...done (0)
Merging details...done (0)
FixTjuncs...
PruneNodes...
WriteBSP...
done (0)
writing c:\users\gorro\desktop\de_celo\de_celo.prt...Building visibility clusters...
AutoVisClustering (threshold=-1) matched 0 leafs.
done (0)
Finding displacement neighbors...
Finding lightmap sample positions...
Displacement Alpha : 0...1...2...3...4...5...6...7...8...9...10
Building Physics collision data...
done (1) (160544 bytes)
Error! To use model "models/props/de_nuke/car_nuke_animation.mdl"
      with prop_static, it must be compiled with $staticprop!
Error loading studio model "models/props/de_nuke/car_nuke_animation.mdl"!
Placing detail props : 0...1...2...3...4...5...6...7...8...9...10
Water found with no water_lod_control entity, creating a default one.
Compacting texture/material tables...
Reduced 1378 texinfos to 881
Reduced 33 texdatas to 26 (998 bytes to 740)
Writing c:\users\gorro\desktop\de_celo\de_celo.bsp
MSG_FILEWRITE - Filesystem was asked to write to 'c:\users\gorro\desktop\de_celo\de_celo.bsp', but we don't own that location. Allowing...
1 second elapsed



16 threads
reading c:\users\gorro\desktop\de_celo\de_celo.bsp
reading c:\users\gorro\desktop\de_celo\de_celo.prt
1083 portalclusters
3477 numportals
0...1...2...3...4...5...6...7...8...9...10Optimized: 47762 visible clusters (0.00%)
Total clusters visible: 974445
Average clusters visible: 899
Building PAS...
Average clusters audible: 1073
visdatasize:294811  compressed from 294576
writing c:\users\gorro\desktop\de_celo\de_celo.bsp
MSG_FILEWRITE - Filesystem was asked to write to 'c:\users\gorro\desktop\de_celo\de_celo.bsp', but we don't own that location. Allowing...
0 seconds elapsed



[Reading texlights from 'lights.rad']
[17 texlights parsed from 'lights.rad']

Loading c:\users\gorro\desktop\de_celo\de_celo.bsp
3655 faces
1 degenerate faces
540820 square feet [77878104.00 square inches]
0 Displacements
0 Square Feet [0.00 Square Inches]
3654 patches before subdivision
zero area child patch
39596 patches after subdivision
14 direct lights
0...1...2...3...4...5...6...7...8...9...100...1...2...3...4...5...6...7...8...9...10transfers 3531742, max 694
transfer lists:  26.9 megs
0...1...2...3...4...5...6...7...8...9...10	Bounce #1 added RGB(226093, 211134, 144848)
0...1...2...3...4...5...6...7...8...9...10	Bounce #2 added RGB(58479, 53329, 37278)
Build Patch/Sample Hash Table(s).....Done<0.0116 sec>
0...1...2...3...4...5...6...7...8...9...10FinalLightFace Done
0 of 0 (0% of) surface lights went in leaf ambient cubes.
0...1...2...3...4...5...6...7...8...9...10Writing leaf ambient...done
Ready to Finish

Object names       Objects/Maxobjs  Memory / Maxmem  Fullness 
------------       ---------------  ---------------  -------- 
models                  52/1024         2496/49152    ( 5.1%) 
brushes                384/8192         4608/98304    ( 4.7%) 
brushsides            2802/81920       22416/655360   ( 3.4%) 
planes                2942/65536       58840/1310720  ( 4.5%) 
vertexes              6122/65536       73464/786432   ( 9.3%) 
nodes                 2436/65536       77952/2097152  ( 3.7%) 
texinfos               881/12288       63432/884736   ( 7.2%) 
texdata                 26/4096          832/131072   ( 0.6%) 
dispinfos                0/0               0/0        ( 0.0%) 
disp_verts               0/0               0/0        ( 0.0%) 
disp_tris                0/0               0/0        ( 0.0%) 
disp_multiblend          0/0               0/0        ( 0.0%) 
disp_lmsamples           0/0               0/0        ( 0.0%) 
faces                 3655/65536      204680/3670016  ( 5.6%) 
hdr faces                0/65536           0/3670016  ( 0.0%) 
origfaces             1682/65536       94192/3670016  ( 2.6%) 
facebrushes             40/0              80/0        ( 0.0%) 
facebrushlists        3655/0           14620/0        ( 0.0%) 
leaves                2489/65536       79648/2097152  ( 3.8%) 
leaffaces             4390/65536        8780/131072   ( 6.7%) 
leafbrushes           1849/65536        3698/131072   ( 2.8%) 
areas                    2/1024           16/8192     ( 0.2%) 
surfedges            24460/512000      97840/2048000  ( 4.8%) 
edges                13265/256000      53060/1024000  ( 5.2%) 
LDR worldlights         14/8192         1400/819200   ( 0.2%) 
HDR worldlights          0/8192            0/819200   ( 0.0%) 
leafwaterdata            1/32768          12/393216   ( 0.0%) 
waterstrips            336/32768        3360/327680   ( 1.0%) 
waterverts               0/65536           0/786432   ( 0.0%) 
waterindices          5466/65536       10932/131072   ( 8.3%) 
cubemapsamples           0/1024            0/16384    ( 0.0%) 
overlays                 0/1024            0/360448   ( 0.0%) 
LDR lightdata         [variable]     2880784/0        ( 0.0%) 
HDR lightdata         [variable]           0/0        ( 0.0%) 
visdata               [variable]      294811/16777216 ( 1.8%) 
entdata               [variable]       41335/393216   (10.5%) 
LDR ambient table     2489/65536        9956/262144   ( 3.8%) 
HDR ambient table     2489/65536        9956/262144   ( 3.8%) 
LDR leaf ambient      8146/65536      228088/1835008  (12.4%) 
HDR leaf ambient      2489/65536       69692/1835008  ( 3.8%) 
occluders                0/0               0/0        ( 0.0%) 
occluder polygons        0/0               0/0        ( 0.0%) 
occluder vert ind        0/0               0/0        ( 0.0%) 
detail props          [variable]           1/12       ( 8.3%) 
static props          [variable]           1/12420    ( 0.0%) 
pakfile               [variable]      151590/0        ( 0.0%) 
physics               [variable]      160544/4194304  ( 3.8%) 
physics terrain       [variable]           2/1048576  ( 0.0%) 

Level flags = 7c

Total triangle count: 10377
Writing c:\users\gorro\desktop\de_celo\de_celo.bsp
MSG_FILEWRITE - Filesystem was asked to write to 'c:\users\gorro\desktop\de_celo\de_celo.bsp', but we don't own that location. Allowing...
13 seconds elapsed



materialPath: D:\SteamLibrary\steamapps\common\Counter-Strike Global Offensive\csgo\materials
Loading c:\users\gorro\desktop\de_celo\de_celo.vmf
Map revision 149
Patching WVT material: maps/de_celo/de_cbble/grass_alt/blendgrassdirt_wvt_patch
Patching WVT material: maps/de_celo/de_dust/hr_dust/hr_dust_blend_plaster_white_01_wvt_patch
Patching WVT material: maps/de_celo/de_train/blendgrassdirt001a_wvt_patch
Patching WVT material: maps/de_celo/concrete/blend_sidewalk_01_wvt_patch
fixing up env_cubemap materials on brush sides...
0...1...2...3...4...5...6...7...8...9...100...1...2...3...4...5...6...7...8...9...10Processing areas...done (0)
Building Faces...done (0)
Chop Details...done (0)
Find Visible Detail Sides...done (0)
Merging details...done (0)
FixTjuncs...
PruneNodes...
WriteBSP...
done (0)
writing c:\users\gorro\desktop\de_celo\de_celo.prt...Building visibility clusters...
AutoVisClustering (threshold=-1) matched 0 leafs.
done (0)
Finding displacement neighbors...
Finding lightmap sample positions...
Displacement Alpha : 0...1...2...3...4...5...6...7...8...9...10
Building Physics collision data...
done (1) (160936 bytes)
Error! To use model "models/props/de_nuke/car_nuke_animation.mdl"
      with prop_static, it must be compiled with $staticprop!
Error loading studio model "models/props/de_nuke/car_nuke_animation.mdl"!
Placing detail props : 0...1...2...3...4...5...6...7...8...9...10
Water found with no water_lod_control entity, creating a default one.
Compacting texture/material tables...
Reduced 1381 texinfos to 881
Reduced 33 texdatas to 26 (998 bytes to 740)
Writing c:\users\gorro\desktop\de_celo\de_celo.bsp
MSG_FILEWRITE - Filesystem was asked to write to 'c:\users\gorro\desktop\de_celo\de_celo.bsp', but we don't own that location. Allowing...
1 second elapsed



16 threads
reading c:\users\gorro\desktop\de_celo\de_celo.bsp
reading c:\users\gorro\desktop\de_celo\de_celo.prt
1140 portalclusters
3628 numportals
0...1...2...3...4...5...6...7...8...9...10Optimized: 48968 visible clusters (0.00%)
Total clusters visible: 1094564
Average clusters visible: 960
Building PAS...
Average clusters audible: 1130
visdatasize:326480  compressed from 328320
writing c:\users\gorro\desktop\de_celo\de_celo.bsp
MSG_FILEWRITE - Filesystem was asked to write to 'c:\users\gorro\desktop\de_celo\de_celo.bsp', but we don't own that location. Allowing...
0 seconds elapsed



[Reading texlights from 'lights.rad']
[17 texlights parsed from 'lights.rad']

Loading c:\users\gorro\desktop\de_celo\de_celo.bsp
3699 faces
1 degenerate faces
540820 square feet [77878168.00 square inches]
0 Displacements
0 Square Feet [0.00 Square Inches]
3698 patches before subdivision
zero area child patch
39700 patches after subdivision
14 direct lights
0...1...2...3...4...5...6...7...8...9...100...1...2...3...4...5...6...7...8...9...10transfers 3554571, max 696
transfer lists:  27.1 megs
0...1...2...3...4...5...6...7...8...9...10	Bounce #1 added RGB(225498, 210617, 144436)
0...1...2...3...4...5...6...7...8...9...10	Bounce #2 added RGB(58549, 53387, 37335)
Build Patch/Sample Hash Table(s).....Done<0.0094 sec>
0...1...2...3...4...5...6...7...8...9...10FinalLightFace Done
0 of 0 (0% of) surface lights went in leaf ambient cubes.
0...1...2...3...4...5...6...7...8...9...10Writing leaf ambient...done
Ready to Finish

Object names       Objects/Maxobjs  Memory / Maxmem  Fullness 
------------       ---------------  ---------------  -------- 
models                  52/1024         2496/49152    ( 5.1%) 
brushes                385/8192         4620/98304    ( 4.7%) 
brushsides            2808/81920       22464/655360   ( 3.4%) 
planes                2952/65536       59040/1310720  ( 4.5%) 
vertexes              6228/65536       74736/786432   ( 9.5%) 
nodes                 2496/65536       79872/2097152  ( 3.8%) 
texinfos               881/12288       63432/884736   ( 7.2%) 
texdata                 26/4096          832/131072   ( 0.6%) 
dispinfos                0/0               0/0        ( 0.0%) 
disp_verts               0/0               0/0        ( 0.0%) 
disp_tris                0/0               0/0        ( 0.0%) 
disp_multiblend          0/0               0/0        ( 0.0%) 
disp_lmsamples           0/0               0/0        ( 0.0%) 
faces                 3699/65536      207144/3670016  ( 5.6%) 
hdr faces                0/65536           0/3670016  ( 0.0%) 
origfaces             1682/65536       94192/3670016  ( 2.6%) 
facebrushes             40/0              80/0        ( 0.0%) 
facebrushlists        3699/0           14796/0        ( 0.0%) 
leaves                2549/65536       81568/2097152  ( 3.9%) 
leaffaces             4427/65536        8854/131072   ( 6.8%) 
leafbrushes           1962/65536        3924/131072   ( 3.0%) 
areas                    2/1024           16/8192     ( 0.2%) 
surfedges            24638/512000      98552/2048000  ( 4.8%) 
edges                13459/256000      53836/1024000  ( 5.3%) 
LDR worldlights         14/8192         1400/819200   ( 0.2%) 
HDR worldlights          0/8192            0/819200   ( 0.0%) 
leafwaterdata            1/32768          12/393216   ( 0.0%) 
waterstrips            344/32768        3440/327680   ( 1.0%) 
waterverts               0/65536           0/786432   ( 0.0%) 
waterindices          5604/65536       11208/131072   ( 8.6%) 
cubemapsamples           0/1024            0/16384    ( 0.0%) 
overlays                 0/1024            0/360448   ( 0.0%) 
LDR lightdata         [variable]     2904084/0        ( 0.0%) 
HDR lightdata         [variable]           0/0        ( 0.0%) 
visdata               [variable]      326480/16777216 ( 1.9%) 
entdata               [variable]       41331/393216   (10.5%) 
LDR ambient table     2549/65536       10196/262144   ( 3.9%) 
HDR ambient table     2549/65536       10196/262144   ( 3.9%) 
LDR leaf ambient      9001/65536      252028/1835008  (13.7%) 
HDR leaf ambient      2549/65536       71372/1835008  ( 3.9%) 
occluders                0/0               0/0        ( 0.0%) 
occluder polygons        0/0               0/0        ( 0.0%) 
occluder vert ind        0/0               0/0        ( 0.0%) 
detail props          [variable]           1/12       ( 8.3%) 
static props          [variable]           1/12482    ( 0.0%) 
pakfile               [variable]      151590/0        ( 0.0%) 
physics               [variable]      160936/4194304  ( 3.8%) 
physics terrain       [variable]           2/1048576  ( 0.0%) 

Level flags = 7c

Total triangle count: 10467
Writing c:\users\gorro\desktop\de_celo\de_celo.bsp
MSG_FILEWRITE - Filesystem was asked to write to 'c:\users\gorro\desktop\de_celo\de_celo.bsp', but we don't own that location. Allowing...
15 seconds elapsed



materialPath: D:\SteamLibrary\steamapps\common\Counter-Strike Global Offensive\csgo\materials
Loading c:\users\gorro\desktop\de_celo\de_celo.vmf
Map revision 149
Patching WVT material: maps/de_celo/de_cbble/grass_alt/blendgrassdirt_wvt_patch
Patching WVT material: maps/de_celo/de_dust/hr_dust/hr_dust_blend_plaster_white_01_wvt_patch
Patching WVT material: maps/de_celo/de_train/blendgrassdirt001a_wvt_patch
Patching WVT material: maps/de_celo/concrete/blend_sidewalk_01_wvt_patch
fixing up env_cubemap materials on brush sides...
0...1...2...3...4...5...6...7...8...9...100...1...2...3...4...5...6...7...8...9...10Processing areas...done (0)
Building Faces...done (0)
Chop Details...done (0)
Find Visible Detail Sides...done (0)
Merging details...done (0)
FixTjuncs...
PruneNodes...
WriteBSP...
done (0)
writing c:\users\gorro\desktop\de_celo\de_celo.prt...Building visibility clusters...
AutoVisClustering (threshold=-1) matched 0 leafs.
done (0)
Finding displacement neighbors...
Finding lightmap sample positions...
Displacement Alpha : 0...1...2...3...4...5...6...7...8...9...10
Building Physics collision data...
done (0) (160936 bytes)
Error! To use model "models/props/de_nuke/car_nuke_animation.mdl"
      with prop_static, it must be compiled with $staticprop!
Error loading studio model "models/props/de_nuke/car_nuke_animation.mdl"!
Placing detail props : 0...1...2...3...4...5...6...7...8...9...10
Water found with no water_lod_control entity, creating a default one.
Compacting texture/material tables...
Reduced 1381 texinfos to 881
Reduced 33 texdatas to 26 (998 bytes to 740)
Writing c:\users\gorro\desktop\de_celo\de_celo.bsp
MSG_FILEWRITE - Filesystem was asked to write to 'c:\users\gorro\desktop\de_celo\de_celo.bsp', but we don't own that location. Allowing...
1 second elapsed



16 threads
reading c:\users\gorro\desktop\de_celo\de_celo.bsp
reading c:\users\gorro\desktop\de_celo\de_celo.prt
1140 portalclusters
3628 numportals
0...1...2...3...4...5...6...7...8...9...100...1...2...3...4...5...6...7...8...9...10Optimized: 6225 visible clusters (0.00%)
Total clusters visible: 505667
Average clusters visible: 443
Building PAS...
Average clusters audible: 1075
visdatasize:295661  compressed from 328320
writing c:\users\gorro\desktop\de_celo\de_celo.bsp
MSG_FILEWRITE - Filesystem was asked to write to 'c:\users\gorro\desktop\de_celo\de_celo.bsp', but we don't own that location. Allowing...
3 minutes, 34 seconds elapsed



[Reading texlights from 'lights.rad']
[17 texlights parsed from 'lights.rad']

Loading c:\users\gorro\desktop\de_celo\de_celo.bsp
Loaded alpha texture materials\models\props_foliage\Mall_trees_branches01.vtf
Loaded alpha texture materials\models\props_foliage\Urban_Trees_branches03.vtf
Loaded alpha texture materials\models\props_foliage\Mall_trees_branches02.vtf
Loaded alpha texture materials\models\props_foliage\Mall_trees_branches03.vtf
Loaded alpha texture materials\models\props_plants\bushB.vtf
Loaded alpha texture materials\Tools\toolsinvisible.vtf
3699 faces
1 degenerate faces
540820 square feet [77878168.00 square inches]
0 Displacements
0 Square Feet [0.00 Square Inches]
3698 patches before subdivision
zero area child patch
39700 patches after subdivision
14 direct lights
0...1...2...3...4...5...6...7...8...9...100...1...2...3...4...5...6...7...8...9...10transfers 2911478, max 580
transfer lists:  22.2 megs
0...1...2...3...4...5...6...7...8...9...10	Bounce #1 added RGB(126547, 118258, 85561)
0...1...2...3...4...5...6...7...8...9...10	Bounce #2 added RGB(40402, 36778, 27256)
0...1...2...3...4...5...6...7...8...9...10	Bounce #3 added RGB(14466, 12828, 9751)
0...1...2...3...4...5...6...7...8...9...10	Bounce #4 added RGB(5834, 5020, 3871)
0...1...2...3...4...5...6...7...8...9...10	Bounce #5 added RGB(2379, 1987, 1555)
0...1...2...3...4...5...6...7...8...9...10	Bounce #6 added RGB(1013, 819, 647)
0...1...2...3...4...5...6...7...8...9...10	Bounce #7 added RGB(432, 339, 270)
0...1...2...3...4...5...6...7...8...9...10	Bounce #8 added RGB(188, 143, 115)
0...1...2...3...4...5...6...7...8...9...10	Bounce #9 added RGB(82, 60, 49)
0...1...2...3...4...5...6...7...8...9...10	Bounce #10 added RGB(36, 26, 21)
0...1...2...3...4...5...6...7...8...9...10	Bounce #11 added RGB(16, 11, 9)
0...1...2...3...4...5...6...7...8...9...10	Bounce #12 added RGB(7, 5, 4)
0...1...2...3...4...5...6...7...8...9...10	Bounce #13 added RGB(3, 2, 2)
0...1...2...3...4...5...6...7...8...9...10	Bounce #14 added RGB(1, 1, 1)
0...1...2...3...4...5...6...7...8...9...10	Bounce #15 added RGB(1, 0, 0)
Build Patch/Sample Hash Table(s).....Done<0.0112 sec>
0...1...2...3...4...5...6...7...8...9...10FinalLightFace Done
0 of 0 (0% of) surface lights went in leaf ambient cubes.
0...1...2...3...4...5...6...7...8...9...10Writing leaf ambient...done
Computing static prop lighting : 00...1...2...3...4...5...6...7...8...9...10
Ready to Finish

Object names       Objects/Maxobjs  Memory / Maxmem  Fullness 
------------       ---------------  ---------------  -------- 
models                  52/1024         2496/49152    ( 5.1%) 
brushes                385/8192         4620/98304    ( 4.7%) 
brushsides            2808/81920       22464/655360   ( 3.4%) 
planes                2952/65536       59040/1310720  ( 4.5%) 
vertexes              6228/65536       74736/786432   ( 9.5%) 
nodes                 2496/65536       79872/2097152  ( 3.8%) 
texinfos               881/12288       63432/884736   ( 7.2%) 
texdata                 26/4096          832/131072   ( 0.6%) 
dispinfos                0/0               0/0        ( 0.0%) 
disp_verts               0/0               0/0        ( 0.0%) 
disp_tris                0/0               0/0        ( 0.0%) 
disp_multiblend          0/0               0/0        ( 0.0%) 
disp_lmsamples           0/0               0/0        ( 0.0%) 
faces                 3699/65536      207144/3670016  ( 5.6%) 
hdr faces                0/65536           0/3670016  ( 0.0%) 
origfaces             1682/65536       94192/3670016  ( 2.6%) 
facebrushes             40/0              80/0        ( 0.0%) 
facebrushlists        3699/0           14796/0        ( 0.0%) 
leaves                2549/65536       81568/2097152  ( 3.9%) 
leaffaces             4427/65536        8854/131072   ( 6.8%) 
leafbrushes           1962/65536        3924/131072   ( 3.0%) 
areas                    2/1024           16/8192     ( 0.2%) 
surfedges            24638/512000      98552/2048000  ( 4.8%) 
edges                13459/256000      53836/1024000  ( 5.3%) 
LDR worldlights         14/8192         1400/819200   ( 0.2%) 
HDR worldlights          0/8192            0/819200   ( 0.0%) 
leafwaterdata            1/32768          12/393216   ( 0.0%) 
waterstrips            344/32768        3440/327680   ( 1.0%) 
waterverts               0/65536           0/786432   ( 0.0%) 
waterindices          5604/65536       11208/131072   ( 8.6%) 
cubemapsamples           0/1024            0/16384    ( 0.0%) 
overlays                 0/1024            0/360448   ( 0.0%) 
LDR lightdata         [variable]     2904084/0        ( 0.0%) 
HDR lightdata         [variable]           0/0        ( 0.0%) 
visdata               [variable]      295661/16777216 ( 1.8%) 
entdata               [variable]       41331/393216   (10.5%) 
LDR ambient table     2549/65536       10196/262144   ( 3.9%) 
HDR ambient table     2549/65536       10196/262144   ( 3.9%) 
LDR leaf ambient      8905/65536      249340/1835008  (13.6%) 
HDR leaf ambient      2549/65536       71372/1835008  ( 3.9%) 
occluders                0/0               0/0        ( 0.0%) 
occluder polygons        0/0               0/0        ( 0.0%) 
occluder vert ind        0/0               0/0        ( 0.0%) 
detail props          [variable]           1/12       ( 8.3%) 
static props          [variable]           1/12482    ( 0.0%) 
pakfile               [variable]     1850026/0        ( 0.0%) 
physics               [variable]      160936/4194304  ( 3.8%) 
physics terrain       [variable]           2/1048576  ( 0.0%) 

Level flags = 7d

Total triangle count: 10467
Writing c:\users\gorro\desktop\de_celo\de_celo.bsp
MSG_FILEWRITE - Filesystem was asked to write to 'c:\users\gorro\desktop\de_celo\de_celo.bsp', but we don't own that location. Allowing...
2 minutes, 35 seconds elapsed



[Reading texlights from 'lights.rad']
[17 texlights parsed from 'lights.rad']

Loading c:\users\gorro\desktop\de_celo\de_celo.bsp
Loaded alpha texture materials\models\props_foliage\Mall_trees_branches01.vtf
Loaded alpha texture materials\models\props_foliage\Urban_Trees_branches03.vtf
Loaded alpha texture materials\models\props_foliage\Mall_trees_branches02.vtf
Loaded alpha texture materials\models\props_foliage\Mall_trees_branches03.vtf
Loaded alpha texture materials\models\props_plants\bushB.vtf
Loaded alpha texture materials\Tools\toolsinvisible.vtf
3699 faces
1 degenerate faces
540820 square feet [77878168.00 square inches]
0 Displacements
0 Square Feet [0.00 Square Inches]
3698 patches before subdivision
zero area child patch
39700 patches after subdivision
14 direct lights
0...1...2...3...4...5...6...7...8...9...100...1...2...3...4...5...6...7...8...9...10transfers 2911478, max 580
transfer lists:  22.2 megs
0...1...2...3...4...5...6...7...8...9...10	Bounce #1 added RGB(126547, 118257, 85560)
0...1...2...3...4...5...6...7...8...9...10	Bounce #2 added RGB(40402, 36778, 27256)
0...1...2...3...4...5...6...7...8...9...10	Bounce #3 added RGB(14466, 12828, 9751)
0...1...2...3...4...5...6...7...8...9...10	Bounce #4 added RGB(5834, 5020, 3871)
0...1...2...3...4...5...6...7...8...9...10	Bounce #5 added RGB(2379, 1987, 1555)
0...1...2...3...4...5...6...7...8...9...10	Bounce #6 added RGB(1013, 819, 647)
0...1...2...3...4...5...6...7...8...9...10	Bounce #7 added RGB(432, 339, 270)
0...1...2...3...4...5...6...7...8...9...10	Bounce #8 added RGB(188, 143, 115)
0...1...2...3...4...5...6...7...8...9...10	Bounce #9 added RGB(82, 60, 49)
0...1...2...3...4...5...6...7...8...9...10	Bounce #10 added RGB(36, 26, 21)
0...1...2...3...4...5...6...7...8...9...10	Bounce #11 added RGB(16, 11, 9)
0...1...2...3...4...5...6...7...8...9...10	Bounce #12 added RGB(7, 5, 4)
0...1...2...3...4...5...6...7...8...9...10	Bounce #13 added RGB(3, 2, 2)
0...1...2...3...4...5...6...7...8...9...10	Bounce #14 added RGB(1, 1, 1)
0...1...2...3...4...5...6...7...8...9...10	Bounce #15 added RGB(1, 0, 0)
Build Patch/Sample Hash Table(s).....Done<0.0117 sec>
0...1...2...3...4...5...6...7...8...9...10FinalLightFace Done
0 of 0 (0% of) surface lights went in leaf ambient cubes.
0...1...2...3...4...5...6...7...8...9...10Writing leaf ambient...done
Computing static prop lighting : 00...1...2...3...4...5...6...7...8...9...10
Ready to Finish

Object names       Objects/Maxobjs  Memory / Maxmem  Fullness 
------------       ---------------  ---------------  -------- 
models                  52/1024         2496/49152    ( 5.1%) 
brushes                385/8192         4620/98304    ( 4.7%) 
brushsides            2808/81920       22464/655360   ( 3.4%) 
planes                2952/65536       59040/1310720  ( 4.5%) 
vertexes              6228/65536       74736/786432   ( 9.5%) 
nodes                 2496/65536       79872/2097152  ( 3.8%) 
texinfos               881/12288       63432/884736   ( 7.2%) 
texdata                 26/4096          832/131072   ( 0.6%) 
dispinfos                0/0               0/0        ( 0.0%) 
disp_verts               0/0               0/0        ( 0.0%) 
disp_tris                0/0               0/0        ( 0.0%) 
disp_multiblend          0/0               0/0        ( 0.0%) 
disp_lmsamples           0/0               0/0        ( 0.0%) 
faces                 3699/65536      207144/3670016  ( 5.6%) 
hdr faces             3699/65536      207144/3670016  ( 5.6%) 
origfaces             1682/65536       94192/3670016  ( 2.6%) 
facebrushes             40/0              80/0        ( 0.0%) 
facebrushlists        3699/0           14796/0        ( 0.0%) 
leaves                2549/65536       81568/2097152  ( 3.9%) 
leaffaces             4427/65536        8854/131072   ( 6.8%) 
leafbrushes           1962/65536        3924/131072   ( 3.0%) 
areas                    2/1024           16/8192     ( 0.2%) 
surfedges            24638/512000      98552/2048000  ( 4.8%) 
edges                13459/256000      53836/1024000  ( 5.3%) 
LDR worldlights         14/8192         1400/819200   ( 0.2%) 
HDR worldlights         14/8192         1400/819200   ( 0.2%) 
leafwaterdata            1/32768          12/393216   ( 0.0%) 
waterstrips            344/32768        3440/327680   ( 1.0%) 
waterverts               0/65536           0/786432   ( 0.0%) 
waterindices          5604/65536       11208/131072   ( 8.6%) 
cubemapsamples           0/1024            0/16384    ( 0.0%) 
overlays                 0/1024            0/360448   ( 0.0%) 
LDR lightdata         [variable]     2904084/0        ( 0.0%) 
HDR lightdata         [variable]     2904084/0        ( 0.0%) 
visdata               [variable]      295661/16777216 ( 1.8%) 
entdata               [variable]       41331/393216   (10.5%) 
LDR ambient table     2549/65536       10196/262144   ( 3.9%) 
HDR ambient table     2549/65536       10196/262144   ( 3.9%) 
LDR leaf ambient      8905/65536      249340/1835008  (13.6%) 
HDR leaf ambient      8905/65536      249340/1835008  (13.6%) 
occluders                0/0               0/0        ( 0.0%) 
occluder polygons        0/0               0/0        ( 0.0%) 
occluder vert ind        0/0               0/0        ( 0.0%) 
detail props          [variable]           1/12       ( 8.3%) 
static props          [variable]           1/12482    ( 0.0%) 
pakfile               [variable]     3549302/0        ( 0.0%) 
physics               [variable]      160936/4194304  ( 3.8%) 
physics terrain       [variable]           2/1048576  ( 0.0%) 

Level flags = 7f

Total triangle count: 10467
Writing c:\users\gorro\desktop\de_celo\de_celo.bsp
MSG_FILEWRITE - Filesystem was asked to write to 'c:\users\gorro\desktop\de_celo\de_celo.bsp', but we don't own that location. Allowing...
2 minutes, 35 seconds elapsed



materialPath: D:\SteamLibrary\steamapps\common\Counter-Strike Global Offensive\csgo\materials
Loading c:\users\gorro\desktop\de_celo\de_celo.vmf
Map revision 150
Patching WVT material: maps/de_celo/de_cbble/grass_alt/blendgrassdirt_wvt_patch
Patching WVT material: maps/de_celo/de_dust/hr_dust/hr_dust_blend_plaster_white_01_wvt_patch
Patching WVT material: maps/de_celo/de_train/blendgrassdirt001a_wvt_patch
Patching WVT material: maps/de_celo/concrete/blend_sidewalk_01_wvt_patch
fixing up env_cubemap materials on brush sides...
0...1...2...3...4...5...6...7...8...9...100...1...2...3...4...5...6...7...8...9...10Processing areas...done (0)
Building Faces...done (0)
Chop Details...done (0)
Find Visible Detail Sides...done (0)
Merging details...done (0)
FixTjuncs...
PruneNodes...
WriteBSP...
done (0)
writing c:\users\gorro\desktop\de_celo\de_celo.prt...Building visibility clusters...
AutoVisClustering (threshold=-1) matched 0 leafs.
done (0)
Finding displacement neighbors...
Finding lightmap sample positions...
Displacement Alpha : 0...1...2...3...4...5...6...7...8...9...10
Building Physics collision data...
done (1) (164464 bytes)
Error! To use model "models/props/de_nuke/car_nuke_animation.mdl"
      with prop_static, it must be compiled with $staticprop!
Error loading studio model "models/props/de_nuke/car_nuke_animation.mdl"!
Placing detail props : 0...1...2...3...4...5...6...7...8...9...10
Water found with no water_lod_control entity, creating a default one.
Compacting texture/material tables...
Reduced 1408 texinfos to 904
Reduced 34 texdatas to 27 (1029 bytes to 772)
Writing c:\users\gorro\desktop\de_celo\de_celo.bsp
MSG_FILEWRITE - Filesystem was asked to write to 'c:\users\gorro\desktop\de_celo\de_celo.bsp', but we don't own that location. Allowing...
2 seconds elapsed



16 threads
reading c:\users\gorro\desktop\de_celo\de_celo.bsp
reading c:\users\gorro\desktop\de_celo\de_celo.prt
1138 portalclusters
3659 numportals
0...1...2...3...4...5...6...7...8...9...100...1...2...3...4...5...6...7...8...9...10Optimized: 6288 visible clusters (0.00%)
Total clusters visible: 533408
Average clusters visible: 468
Building PAS...
Average clusters audible: 1107
visdatasize:299989  compressed from 327744
writing c:\users\gorro\desktop\de_celo\de_celo.bsp
MSG_FILEWRITE - Filesystem was asked to write to 'c:\users\gorro\desktop\de_celo\de_celo.bsp', but we don't own that location. Allowing...
5 minutes, 14 seconds elapsed



[Reading texlights from 'lights.rad']
[17 texlights parsed from 'lights.rad']

Loading c:\users\gorro\desktop\de_celo\de_celo.bsp
Loaded alpha texture materials\models\props_foliage\Mall_trees_branches01.vtf
Loaded alpha texture materials\models\props_foliage\Urban_Trees_branches03.vtf
Loaded alpha texture materials\models\props_foliage\Mall_trees_branches02.vtf
Loaded alpha texture materials\models\props_foliage\Mall_trees_branches03.vtf
Loaded alpha texture materials\models\props_plants\bushB.vtf
Loaded alpha texture materials\Tools\toolsinvisible.vtf
3676 faces
1 degenerate faces
536989 square feet [77326424.00 square inches]
0 Displacements
0 Square Feet [0.00 Square Inches]
3675 patches before subdivision
zero area child patch
39127 patches after subdivision
14 direct lights
0...1...2...3...4...5...6...7...8...9...100...1...2...3...4...5...6...7...8...9...10transfers 2800357, max 567
transfer lists:  21.4 megs
0...1...2...3...4...5...6...7...8...9...10	Bounce #1 added RGB(109762, 102429, 74921)
0...1...2...3...4...5...6...7...8...9...10	Bounce #2 added RGB(35527, 32251, 24231)
0...1...2...3...4...5...6...7...8...9...10	Bounce #3 added RGB(12859, 11357, 8777)
0...1...2...3...4...5...6...7...8...9...10	Bounce #4 added RGB(5254, 4500, 3531)
0...1...2...3...4...5...6...7...8...9...10	Bounce #5 added RGB(2170, 1803, 1437)
0...1...2...3...4...5...6...7...8...9...10	Bounce #6 added RGB(932, 750, 604)
0...1...2...3...4...5...6...7...8...9...10	Bounce #7 added RGB(402, 314, 255)
0...1...2...3...4...5...6...7...8...9...10	Bounce #8 added RGB(176, 133, 109)
0...1...2...3...4...5...6...7...8...9...10	Bounce #9 added RGB(78, 57, 47)
0...1...2...3...4...5...6...7...8...9...10	Bounce #10 added RGB(35, 24, 20)
0...1...2...3...4...5...6...7...8...9...10	Bounce #11 added RGB(15, 11, 9)
0...1...2...3...4...5...6...7...8...9...10	Bounce #12 added RGB(7, 5, 4)
0...1...2...3...4...5...6...7...8...9...10	Bounce #13 added RGB(3, 2, 2)
0...1...2...3...4...5...6...7...8...9...10	Bounce #14 added RGB(1, 1, 1)
0...1...2...3...4...5...6...7...8...9...10	Bounce #15 added RGB(1, 0, 0)
Build Patch/Sample Hash Table(s).....Done<0.0113 sec>
0...1...2...3...4...5...6...7...8...9...10FinalLightFace Done
0 of 0 (0% of) surface lights went in leaf ambient cubes.
0...1...2...3...4...5...6...7...8...9...10Writing leaf ambient...done
Computing static prop lighting : 00...1...2...3...4...5...6...7...8...9...10
Ready to Finish

Object names       Objects/Maxobjs  Memory / Maxmem  Fullness 
------------       ---------------  ---------------  -------- 
models                  52/1024         2496/49152    ( 5.1%) 
brushes                394/8192         4728/98304    ( 4.8%) 
brushsides            2902/81920       23216/655360   ( 3.5%) 
planes                3102/65536       62040/1310720  ( 4.7%) 
vertexes              6212/65536       74544/786432   ( 9.5%) 
nodes                 2483/65536       79456/2097152  ( 3.8%) 
texinfos               904/12288       65088/884736   ( 7.4%) 
texdata                 27/4096          864/131072   ( 0.7%) 
dispinfos                0/0               0/0        ( 0.0%) 
disp_verts               0/0               0/0        ( 0.0%) 
disp_tris                0/0               0/0        ( 0.0%) 
disp_multiblend          0/0               0/0        ( 0.0%) 
disp_lmsamples           0/0               0/0        ( 0.0%) 
faces                 3676/65536      205856/3670016  ( 5.6%) 
hdr faces                0/65536           0/3670016  ( 0.0%) 
origfaces             1717/65536       96152/3670016  ( 2.6%) 
facebrushes             36/0              72/0        ( 0.0%) 
facebrushlists        3676/0           14704/0        ( 0.0%) 
leaves                2536/65536       81152/2097152  ( 3.9%) 
leaffaces             4397/65536        8794/131072   ( 6.7%) 
leafbrushes           1895/65536        3790/131072   ( 2.9%) 
areas                    2/1024           16/8192     ( 0.2%) 
surfedges            24684/512000      98736/2048000  ( 4.8%) 
edges                13507/256000      54028/1024000  ( 5.3%) 
LDR worldlights         14/8192         1400/819200   ( 0.2%) 
HDR worldlights          0/8192            0/819200   ( 0.0%) 
leafwaterdata            1/32768          12/393216   ( 0.0%) 
waterstrips            339/32768        3390/327680   ( 1.0%) 
waterverts               0/65536           0/786432   ( 0.0%) 
waterindices          5538/65536       11076/131072   ( 8.5%) 
cubemapsamples           0/1024            0/16384    ( 0.0%) 
overlays                 0/1024            0/360448   ( 0.0%) 
LDR lightdata         [variable]     2854148/0        ( 0.0%) 
HDR lightdata         [variable]           0/0        ( 0.0%) 
visdata               [variable]      299989/16777216 ( 1.8%) 
entdata               [variable]       41331/393216   (10.5%) 
LDR ambient table     2536/65536       10144/262144   ( 3.9%) 
HDR ambient table     2536/65536       10144/262144   ( 3.9%) 
LDR leaf ambient      9077/65536      254156/1835008  (13.9%) 
HDR leaf ambient      2536/65536       71008/1835008  ( 3.9%) 
occluders                0/0               0/0        ( 0.0%) 
occluder polygons        0/0               0/0        ( 0.0%) 
occluder vert ind        0/0               0/0        ( 0.0%) 
detail props          [variable]           1/12       ( 8.3%) 
static props          [variable]           1/16336    ( 0.0%) 
pakfile               [variable]     2367431/0        ( 0.0%) 
physics               [variable]      164464/4194304  ( 3.9%) 
physics terrain       [variable]           2/1048576  ( 0.0%) 

Level flags = 7d

Total triangle count: 10419
Writing c:\users\gorro\desktop\de_celo\de_celo.bsp
MSG_FILEWRITE - Filesystem was asked to write to 'c:\users\gorro\desktop\de_celo\de_celo.bsp', but we don't own that location. Allowing...
3 minutes, 5 seconds elapsed



[Reading texlights from 'lights.rad']
[17 texlights parsed from 'lights.rad']

Loading c:\users\gorro\desktop\de_celo\de_celo.bsp
Loaded alpha texture materials\models\props_foliage\Mall_trees_branches01.vtf
Loaded alpha texture materials\models\props_foliage\Urban_Trees_branches03.vtf
Loaded alpha texture materials\models\props_foliage\Mall_trees_branches02.vtf
Loaded alpha texture materials\models\props_foliage\Mall_trees_branches03.vtf
Loaded alpha texture materials\models\props_plants\bushB.vtf
Loaded alpha texture materials\Tools\toolsinvisible.vtf
3676 faces
1 degenerate faces
536989 square feet [77326424.00 square inches]
0 Displacements
0 Square Feet [0.00 Square Inches]
3675 patches before subdivision
zero area child patch
39127 patches after subdivision
14 direct lights
0...1...2...3...4...5...6...7...8...9...100...1...2...3...4...5...6...7...8...9...10transfers 2800357, max 567
transfer lists:  21.4 megs
0...1...2...3...4...5...6...7...8...9...10	Bounce #1 added RGB(109756, 102423, 74917)
0...1...2...3...4...5...6...7...8...9...10	Bounce #2 added RGB(35524, 32248, 24229)
0...1...2...3...4...5...6...7...8...9...10	Bounce #3 added RGB(12858, 11356, 8776)
0...1...2...3...4...5...6...7...8...9...10	Bounce #4 added RGB(5253, 4500, 3531)
0...1...2...3...4...5...6...7...8...9...10	Bounce #5 added RGB(2170, 1803, 1437)
0...1...2...3...4...5...6...7...8...9...10	Bounce #6 added RGB(932, 750, 604)
0...1...2...3...4...5...6...7...8...9...10	Bounce #7 added RGB(402, 314, 255)
0...1...2...3...4...5...6...7...8...9...10	Bounce #8 added RGB(176, 133, 109)
0...1...2...3...4...5...6...7...8...9...10	Bounce #9 added RGB(78, 57, 47)
0...1...2...3...4...5...6...7...8...9...10	Bounce #10 added RGB(35, 24, 20)
0...1...2...3...4...5...6...7...8...9...10	Bounce #11 added RGB(15, 11, 9)
0...1...2...3...4...5...6...7...8...9...10	Bounce #12 added RGB(7, 5, 4)
0...1...2...3...4...5...6...7...8...9...10	Bounce #13 added RGB(3, 2, 2)
0...1...2...3...4...5...6...7...8...9...10	Bounce #14 added RGB(1, 1, 1)
0...1...2...3...4...5...6...7...8...9...10	Bounce #15 added RGB(1, 0, 0)
Build Patch/Sample Hash Table(s).....Done<0.0116 sec>
0...1...2...3...4...5...6...7...8...9...10FinalLightFace Done
0 of 0 (0% of) surface lights went in leaf ambient cubes.
0...1...2...3...4...5...6...7...8...9...10Writing leaf ambient...done
Computing static prop lighting : 00...1...2...3...4...5...6...7...8...9...10
Ready to Finish

Object names       Objects/Maxobjs  Memory / Maxmem  Fullness 
------------       ---------------  ---------------  -------- 
models                  52/1024         2496/49152    ( 5.1%) 
brushes                394/8192         4728/98304    ( 4.8%) 
brushsides            2902/81920       23216/655360   ( 3.5%) 
planes                3102/65536       62040/1310720  ( 4.7%) 
vertexes              6212/65536       74544/786432   ( 9.5%) 
nodes                 2483/65536       79456/2097152  ( 3.8%) 
texinfos               904/12288       65088/884736   ( 7.4%) 
texdata                 27/4096          864/131072   ( 0.7%) 
dispinfos                0/0               0/0        ( 0.0%) 
disp_verts               0/0               0/0        ( 0.0%) 
disp_tris                0/0               0/0        ( 0.0%) 
disp_multiblend          0/0               0/0        ( 0.0%) 
disp_lmsamples           0/0               0/0        ( 0.0%) 
faces                 3676/65536      205856/3670016  ( 5.6%) 
hdr faces             3676/65536      205856/3670016  ( 5.6%) 
origfaces             1717/65536       96152/3670016  ( 2.6%) 
facebrushes             36/0              72/0        ( 0.0%) 
facebrushlists        3676/0           14704/0        ( 0.0%) 
leaves                2536/65536       81152/2097152  ( 3.9%) 
leaffaces             4397/65536        8794/131072   ( 6.7%) 
leafbrushes           1895/65536        3790/131072   ( 2.9%) 
areas                    2/1024           16/8192     ( 0.2%) 
surfedges            24684/512000      98736/2048000  ( 4.8%) 
edges                13507/256000      54028/1024000  ( 5.3%) 
LDR worldlights         14/8192         1400/819200   ( 0.2%) 
HDR worldlights         14/8192         1400/819200   ( 0.2%) 
leafwaterdata            1/32768          12/393216   ( 0.0%) 
waterstrips            339/32768        3390/327680   ( 1.0%) 
waterverts               0/65536           0/786432   ( 0.0%) 
waterindices          5538/65536       11076/131072   ( 8.5%) 
cubemapsamples           0/1024            0/16384    ( 0.0%) 
overlays                 0/1024            0/360448   ( 0.0%) 
LDR lightdata         [variable]     2854148/0        ( 0.0%) 
HDR lightdata         [variable]     2854148/0        ( 0.0%) 
visdata               [variable]      299989/16777216 ( 1.8%) 
entdata               [variable]       41331/393216   (10.5%) 
LDR ambient table     2536/65536       10144/262144   ( 3.9%) 
HDR ambient table     2536/65536       10144/262144   ( 3.9%) 
LDR leaf ambient      9077/65536      254156/1835008  (13.9%) 
HDR leaf ambient      9077/65536      254156/1835008  (13.9%) 
occluders                0/0               0/0        ( 0.0%) 
occluder polygons        0/0               0/0        ( 0.0%) 
occluder vert ind        0/0               0/0        ( 0.0%) 
detail props          [variable]           1/12       ( 8.3%) 
static props          [variable]           1/16336    ( 0.0%) 
pakfile               [variable]     4584395/0        ( 0.0%) 
physics               [variable]      164464/4194304  ( 3.9%) 
physics terrain       [variable]           2/1048576  ( 0.0%) 

Level flags = 7f

Total triangle count: 10419
Writing c:\users\gorro\desktop\de_celo\de_celo.bsp
MSG_FILEWRITE - Filesystem was asked to write to 'c:\users\gorro\desktop\de_celo\de_celo.bsp', but we don't own that location. Allowing...
3 minutes, 10 seconds elapsed



materialPath: D:\SteamLibrary\steamapps\common\Counter-Strike Global Offensive\csgo\materials
Loading c:\users\gorro\desktop\de_celo\de_celo.vmf
Map revision 152
Patching WVT material: maps/de_celo/de_cbble/grass_alt/blendgrassdirt_wvt_patch
Patching WVT material: maps/de_celo/de_dust/hr_dust/hr_dust_blend_plaster_white_01_wvt_patch
Patching WVT material: maps/de_celo/de_train/blendgrassdirt001a_wvt_patch
Patching WVT material: maps/de_celo/concrete/blend_sidewalk_01_wvt_patch
fixing up env_cubemap materials on brush sides...
0...1...2...3...4...5...6...7...8...9...100...1...2...3...4...5...6...7...8...9...10Processing areas...done (0)
Building Faces...done (0)
Chop Details...done (0)
Find Visible Detail Sides...done (0)
Merging details...done (0)
FixTjuncs...
PruneNodes...
WriteBSP...
done (0)
writing c:\users\gorro\desktop\de_celo\de_celo.prt...Building visibility clusters...
AutoVisClustering (threshold=-1) matched 0 leafs.
done (0)
Finding displacement neighbors...
Finding lightmap sample positions...
Displacement Alpha : 0...1...2...3...4...5...6...7...8...9...10
Building Physics collision data...
done (1) (164757 bytes)
Error! To use model "models/props/de_nuke/car_nuke_animation.mdl"
      with prop_static, it must be compiled with $staticprop!
Error loading studio model "models/props/de_nuke/car_nuke_animation.mdl"!
Placing detail props : 0...1...2...3...4...5...6...7...8...9...10
Water found with no water_lod_control entity, creating a default one.
Compacting texture/material tables...
Reduced 1412 texinfos to 903
Reduced 35 texdatas to 28 (1049 bytes to 792)
Writing c:\users\gorro\desktop\de_celo\de_celo.bsp
MSG_FILEWRITE - Filesystem was asked to write to 'c:\users\gorro\desktop\de_celo\de_celo.bsp', but we don't own that location. Allowing...
2 seconds elapsed



16 threads
reading c:\users\gorro\desktop\de_celo\de_celo.bsp
reading c:\users\gorro\desktop\de_celo\de_celo.prt
1126 portalclusters
3627 numportals
0...1...2...3...4...5...6...7...8...9...100...1...2...3...4...5...6...7...8...9...10Optimized: 6214 visible clusters (0.00%)
Total clusters visible: 527648
Average clusters visible: 468
Building PAS...
Average clusters audible: 1096
visdatasize:293874  compressed from 324288
writing c:\users\gorro\desktop\de_celo\de_celo.bsp
MSG_FILEWRITE - Filesystem was asked to write to 'c:\users\gorro\desktop\de_celo\de_celo.bsp', but we don't own that location. Allowing...
3 minutes, 27 seconds elapsed



[Reading texlights from 'lights.rad']
[17 texlights parsed from 'lights.rad']

Loading c:\users\gorro\desktop\de_celo\de_celo.bsp
Loaded alpha texture materials\models\props_foliage\Mall_trees_branches01.vtf
Loaded alpha texture materials\models\props_foliage\Urban_Trees_branches03.vtf
Loaded alpha texture materials\models\props_foliage\Mall_trees_branches02.vtf
Loaded alpha texture materials\models\props_foliage\Mall_trees_branches03.vtf
Loaded alpha texture materials\models\props_plants\bushB.vtf
Loaded alpha texture materials\Tools\toolsinvisible.vtf
3655 faces
1 degenerate faces
536965 square feet [77322968.00 square inches]
0 Displacements
0 Square Feet [0.00 Square Inches]
3654 patches before subdivision
zero area child patch
39078 patches after subdivision
14 direct lights
0...1...2...3...4...5...6...7...8...9...100...1...2...3...4...5...6...7...8...9...10transfers 2736788, max 562
transfer lists:  20.9 megs
0...1...2...3...4...5...6...7...8...9...10	Bounce #1 added RGB(106323, 99177, 72736)
0...1...2...3...4...5...6...7...8...9...10	Bounce #2 added RGB(34447, 31246, 23564)
0...1...2...3...4...5...6...7...8...9...10	Bounce #3 added RGB(12461, 10993, 8540)
0...1...2...3...4...5...6...7...8...9...10	Bounce #4 added RGB(5101, 4363, 3443)
0...1...2...3...4...5...6...7...8...9...10	Bounce #5 added RGB(2111, 1750, 1404)
0...1...2...3...4...5...6...7...8...9...10	Bounce #6 added RGB(908, 729, 591)
0...1...2...3...4...5...6...7...8...9...10	Bounce #7 added RGB(393, 306, 250)
0...1...2...3...4...5...6...7...8...9...10	Bounce #8 added RGB(173, 130, 107)
0...1...2...3...4...5...6...7...8...9...10	Bounce #9 added RGB(76, 56, 46)
0...1...2...3...4...5...6...7...8...9...10	Bounce #10 added RGB(34, 24, 20)
0...1...2...3...4...5...6...7...8...9...10	Bounce #11 added RGB(15, 10, 9)
0...1...2...3...4...5...6...7...8...9...10	Bounce #12 added RGB(7, 5, 4)
0...1...2...3...4...5...6...7...8...9...10	Bounce #13 added RGB(3, 2, 2)
0...1...2...3...4...5...6...7...8...9...10	Bounce #14 added RGB(1, 1, 1)
0...1...2...3...4...5...6...7...8...9...10	Bounce #15 added RGB(1, 0, 0)
Build Patch/Sample Hash Table(s).....Done<0.0113 sec>
0...1...2...3...4...5...6...7...8...9...10FinalLightFace Done
0 of 0 (0% of) surface lights went in leaf ambient cubes.
0...1...2...3...4...5...6...7...8...9...10Writing leaf ambient...done
Computing static prop lighting : 00...1...2...3...4...5...6...7...8...9...10
Ready to Finish

Object names       Objects/Maxobjs  Memory / Maxmem  Fullness 
------------       ---------------  ---------------  -------- 
models                  52/1024         2496/49152    ( 5.1%) 
brushes                395/8192         4740/98304    ( 4.8%) 
brushsides            2908/81920       23264/655360   ( 3.5%) 
planes                3100/65536       62000/1310720  ( 4.7%) 
vertexes              6192/65536       74304/786432   ( 9.4%) 
nodes                 2448/65536       78336/2097152  ( 3.7%) 
texinfos               903/12288       65016/884736   ( 7.3%) 
texdata                 28/4096          896/131072   ( 0.7%) 
dispinfos                0/0               0/0        ( 0.0%) 
disp_verts               0/0               0/0        ( 0.0%) 
disp_tris                0/0               0/0        ( 0.0%) 
disp_multiblend          0/0               0/0        ( 0.0%) 
disp_lmsamples           0/0               0/0        ( 0.0%) 
faces                 3655/65536      204680/3670016  ( 5.6%) 
hdr faces                0/65536           0/3670016  ( 0.0%) 
origfaces             1717/65536       96152/3670016  ( 2.6%) 
facebrushes             36/0              72/0        ( 0.0%) 
facebrushlists        3655/0           14620/0        ( 0.0%) 
leaves                2501/65536       80032/2097152  ( 3.8%) 
leaffaces             4372/65536        8744/131072   ( 6.7%) 
leafbrushes           1824/65536        3648/131072   ( 2.8%) 
areas                    2/1024           16/8192     ( 0.2%) 
surfedges            24574/512000      98296/2048000  ( 4.8%) 
edges                13453/256000      53812/1024000  ( 5.3%) 
LDR worldlights         14/8192         1400/819200   ( 0.2%) 
HDR worldlights          0/8192            0/819200   ( 0.0%) 
leafwaterdata            1/32768          12/393216   ( 0.0%) 
waterstrips            332/32768        3320/327680   ( 1.0%) 
waterverts               0/65536           0/786432   ( 0.0%) 
waterindices          5430/65536       10860/131072   ( 8.3%) 
cubemapsamples           0/1024            0/16384    ( 0.0%) 
overlays                 0/1024            0/360448   ( 0.0%) 
LDR lightdata         [variable]     2851744/0        ( 0.0%) 
HDR lightdata         [variable]           0/0        ( 0.0%) 
visdata               [variable]      293874/16777216 ( 1.8%) 
entdata               [variable]       41331/393216   (10.5%) 
LDR ambient table     2501/65536       10004/262144   ( 3.8%) 
HDR ambient table     2501/65536       10004/262144   ( 3.8%) 
LDR leaf ambient      9032/65536      252896/1835008  (13.8%) 
HDR leaf ambient      2501/65536       70028/1835008  ( 3.8%) 
occluders                0/0               0/0        ( 0.0%) 
occluder polygons        0/0               0/0        ( 0.0%) 
occluder vert ind        0/0               0/0        ( 0.0%) 
detail props          [variable]           1/12       ( 8.3%) 
static props          [variable]           1/18950    ( 0.0%) 
pakfile               [variable]     3062151/0        ( 0.0%) 
physics               [variable]      164757/4194304  ( 3.9%) 
physics terrain       [variable]           2/1048576  ( 0.0%) 

Level flags = 7d

Total triangle count: 10351
Writing c:\users\gorro\desktop\de_celo\de_celo.bsp
MSG_FILEWRITE - Filesystem was asked to write to 'c:\users\gorro\desktop\de_celo\de_celo.bsp', but we don't own that location. Allowing...
4 minutes, 6 seconds elapsed



[Reading texlights from 'lights.rad']
[17 texlights parsed from 'lights.rad']

Loading c:\users\gorro\desktop\de_celo\de_celo.bsp
Loaded alpha texture materials\models\props_foliage\Mall_trees_branches01.vtf
Loaded alpha texture materials\models\props_foliage\Urban_Trees_branches03.vtf
Loaded alpha texture materials\models\props_foliage\Mall_trees_branches02.vtf
Loaded alpha texture materials\models\props_foliage\Mall_trees_branches03.vtf
Loaded alpha texture materials\models\props_plants\bushB.vtf
Loaded alpha texture materials\Tools\toolsinvisible.vtf
3655 faces
1 degenerate faces
536965 square feet [77322968.00 square inches]
0 Displacements
0 Square Feet [0.00 Square Inches]
3654 patches before subdivision
zero area child patch
39078 patches after subdivision
14 direct lights
0...1...2...3...4...5...6...7...8...9...100...1...2...3...4...5...6...7...8...9...10transfers 2736788, max 562
transfer lists:  20.9 megs
0...1...2...3...4...5...6...7...8...9...10	Bounce #1 added RGB(106317, 99171, 72732)
0...1...2...3...4...5...6...7...8...9...10	Bounce #2 added RGB(34444, 31243, 23563)
0...1...2...3...4...5...6...7...8...9...10	Bounce #3 added RGB(12460, 10992, 8540)
0...1...2...3...4...5...6...7...8...9...10	Bounce #4 added RGB(5100, 4362, 3442)
0...1...2...3...4...5...6...7...8...9...10	Bounce #5 added RGB(2110, 1750, 1403)
0...1...2...3...4...5...6...7...8...9...10	Bounce #6 added RGB(908, 729, 591)
0...1...2...3...4...5...6...7...8...9...10	Bounce #7 added RGB(393, 306, 250)
0...1...2...3...4...5...6...7...8...9...10	Bounce #8 added RGB(173, 130, 107)
0...1...2...3...4...5...6...7...8...9...10	Bounce #9 added RGB(76, 56, 46)
0...1...2...3...4...5...6...7...8...9...10	Bounce #10 added RGB(34, 24, 20)
0...1...2...3...4...5...6...7...8...9...10	Bounce #11 added RGB(15, 10, 9)
0...1...2...3...4...5...6...7...8...9...10	Bounce #12 added RGB(7, 5, 4)
0...1...2...3...4...5...6...7...8...9...10	Bounce #13 added RGB(3, 2, 2)
0...1...2...3...4...5...6...7...8...9...10	Bounce #14 added RGB(1, 1, 1)
0...1...2...3...4...5...6...7...8...9...10	Bounce #15 added RGB(1, 0, 0)
Build Patch/Sample Hash Table(s).....Done<0.0117 sec>
0...1...2...3...4...5...6...7...8...9...10FinalLightFace Done
0 of 0 (0% of) surface lights went in leaf ambient cubes.
0...1...2...3...4...5...6...7...8...9...10Writing leaf ambient...done
Computing static prop lighting : 00...1...2...3...4...5...6...7...8...9...10
Ready to Finish

Object names       Objects/Maxobjs  Memory / Maxmem  Fullness 
------------       ---------------  ---------------  -------- 
models                  52/1024         2496/49152    ( 5.1%) 
brushes                395/8192         4740/98304    ( 4.8%) 
brushsides            2908/81920       23264/655360   ( 3.5%) 
planes                3100/65536       62000/1310720  ( 4.7%) 
vertexes              6192/65536       74304/786432   ( 9.4%) 
nodes                 2448/65536       78336/2097152  ( 3.7%) 
texinfos               903/12288       65016/884736   ( 7.3%) 
texdata                 28/4096          896/131072   ( 0.7%) 
dispinfos                0/0               0/0        ( 0.0%) 
disp_verts               0/0               0/0        ( 0.0%) 
disp_tris                0/0               0/0        ( 0.0%) 
disp_multiblend          0/0               0/0        ( 0.0%) 
disp_lmsamples           0/0               0/0        ( 0.0%) 
faces                 3655/65536      204680/3670016  ( 5.6%) 
hdr faces             3655/65536      204680/3670016  ( 5.6%) 
origfaces             1717/65536       96152/3670016  ( 2.6%) 
facebrushes             36/0              72/0        ( 0.0%) 
facebrushlists        3655/0           14620/0        ( 0.0%) 
leaves                2501/65536       80032/2097152  ( 3.8%) 
leaffaces             4372/65536        8744/131072   ( 6.7%) 
leafbrushes           1824/65536        3648/131072   ( 2.8%) 
areas                    2/1024           16/8192     ( 0.2%) 
surfedges            24574/512000      98296/2048000  ( 4.8%) 
edges                13453/256000      53812/1024000  ( 5.3%) 
LDR worldlights         14/8192         1400/819200   ( 0.2%) 
HDR worldlights         14/8192         1400/819200   ( 0.2%) 
leafwaterdata            1/32768          12/393216   ( 0.0%) 
waterstrips            332/32768        3320/327680   ( 1.0%) 
waterverts               0/65536           0/786432   ( 0.0%) 
waterindices          5430/65536       10860/131072   ( 8.3%) 
cubemapsamples           0/1024            0/16384    ( 0.0%) 
overlays                 0/1024            0/360448   ( 0.0%) 
LDR lightdata         [variable]     2851744/0        ( 0.0%) 
HDR lightdata         [variable]     2851744/0        ( 0.0%) 
visdata               [variable]      293874/16777216 ( 1.8%) 
entdata               [variable]       41331/393216   (10.5%) 
LDR ambient table     2501/65536       10004/262144   ( 3.8%) 
HDR ambient table     2501/65536       10004/262144   ( 3.8%) 
LDR leaf ambient      9032/65536      252896/1835008  (13.8%) 
HDR leaf ambient      9032/65536      252896/1835008  (13.8%) 
occluders                0/0               0/0        ( 0.0%) 
occluder polygons        0/0               0/0        ( 0.0%) 
occluder vert ind        0/0               0/0        ( 0.0%) 
detail props          [variable]           1/12       ( 8.3%) 
static props          [variable]           1/18950    ( 0.0%) 
pakfile               [variable]     5974043/0        ( 0.0%) 
physics               [variable]      164757/4194304  ( 3.9%) 
physics terrain       [variable]           2/1048576  ( 0.0%) 

Level flags = 7f

Total triangle count: 10351
Writing c:\users\gorro\desktop\de_celo\de_celo.bsp
MSG_FILEWRITE - Filesystem was asked to write to 'c:\users\gorro\desktop\de_celo\de_celo.bsp', but we don't own that location. Allowing...
4 minutes, 3 seconds elapsed
